#
# A fatal error has been detected by the Java Runtime Environment:
#
#  SIGSEGV (0xb) at pc=0x0000000000000000, pid=4390, tid=139952452671232
#
# JRE version: Java(TM) SE Runtime Environment (7.0_65-b17) (build 1.7.0_65-b17)
# Java VM: Java HotSpot(TM) 64-Bit Server VM (24.65-b04 mixed mode linux-amd64 compressed oops)
# Problematic frame:
# C  0x0000000000000000
#
# Failed to write core dump. Core dumps have been disabled. To enable core dumping, try "ulimit -c unlimited" before starting Java again
#
# If you would like to submit a bug report, please visit:
#   http://bugreport.sun.com/bugreport/crash.jsp
#

---------------  T H R E A D  ---------------

Current thread is native thread

siginfo:si_signo=SIGSEGV: si_errno=0, si_code=1 (SEGV_MAPERR), si_addr=0x0000000000000000

Registers:
RAX=0x00007f49487547c0, RBX=0x0000000000000800, RCX=0x0000000000000000, RDX=0x0000000000000000
RSP=0x00007f49383a0ca8, RBP=0x00007f4944012880, RSI=0x0000000000000000, RDI=0x00007f4944012880
R8 =0x0000000000000000, R9 =0x0000000000002000, R10=0x0000000000000000, R11=0x00007f49823b9d9c
R12=0x00007f4944016a10, R13=0x0000000000012000, R14=0x0000000000002000, R15=0x00007f49383a0e58
RIP=0x0000000000000000, EFLAGS=0x0000000000010246, CSGSFS=0x0000000000000033, ERR=0x0000000000000014
  TRAPNO=0x000000000000000e

Top of Stack: (sp=0x00007f49383a0ca8)
0x00007f49383a0ca8:   00007f494851d4d1 00007f4982b07af0
0x00007f49383a0cb8:   00007f4950005ca0 00007f49bb800000
0x00007f49383a0cc8:   00007f4982b13c49 0000000000000000
0x00007f49383a0cd8:   00007f49399d1fa2 00007f494400b7a0
0x00007f49383a0ce8:   0000000000000000 0000000000000000
0x00007f49383a0cf8:   0000000000000000 00007f4944011920
0x00007f49383a0d08:   00007f494400e390 0000000000004000
0x00007f49383a0d18:   00007f49399d9cba 00007f494400bbd0
0x00007f49383a0d28:   00007f49500028b0 0000000000000000
0x00007f49383a0d38:   5700000000000001 0000000000004000
0x00007f49383a0d48:   00007f49399db7cb 0000000000000000
0x00007f49383a0d58:   0000000000000000 0000000000000000
0x00007f49383a0d68:   0000000000000000 0000000000000000
0x00007f49383a0d78:   0000000000004000 00007f494400e390
0x00007f49383a0d88:   00007f49383a0e58 00007f49383a0e50
0x00007f49383a0d98:   00007f4944016a10 00007f49399f4c60
0x00007f49383a0da8:   00007f49482b7be2 00007f492f9fe040
0x00007f49383a0db8:   00007f492fbbe040 0000080082d1d2e0
0x00007f49383a0dc8:   00007f49383a0de0 0000000000000000
0x00007f49383a0dd8:   00007f49482bceb2 00001fa00000037f
0x00007f49383a0de8:   00007f49399bf9ff 00007f4944011920
0x00007f49383a0df8:   0000000000004000 00007f494400dd80
0x00007f49383a0e08:   0000000000000000 00007f4944012880
0x00007f49383a0e18:   0000000000000008 00007f49383a0e58
0x00007f49383a0e28:   00007f4948533544 0000000000000000
0x00007f49383a0e38:   00007f49383a0e50 0000000000002000
0x00007f49383a0e48:   0000000000006000 00007f492fbbe040
0x00007f49383a0e58:   0000000000004000 0000000000000000
0x00007f49383a0e68:   00007f494400edf0 0000000000000000
0x00007f49383a0e78:   0000000000000000 00007f4982f45060
0x00007f49383a0e88:   00007f4948855240 0000000000001000
0x00007f49383a0e98:   00007f494852673a 0000000000000000 

Instructions: (pc=0x0000000000000000)
0xffffffffffffffe0:   

Register to memory mapping:

RAX=0x00007f49487547c0: <offset 0x2577c0> in /home/lyr/git/HexScape/client_installer/libopenal64.so at 0x00007f49484fd000
RBX=0x0000000000000800 is an unknown value
RCX=0x0000000000000000 is an unknown value
RDX=0x0000000000000000 is an unknown value
RSP=0x00007f49383a0ca8 is an unknown value
RBP=0x00007f4944012880 is an unknown value
RSI=0x0000000000000000 is an unknown value
RDI=0x00007f4944012880 is an unknown value
R8 =0x0000000000000000 is an unknown value
R9 =0x0000000000002000 is an unknown value
R10=0x0000000000000000 is an unknown value
R11=0x00007f49823b9d9c: <offset 0x97d9c> in /lib/x86_64-linux-gnu/libc.so.6 at 0x00007f4982322000
R12=0x00007f4944016a10 is an unknown value
R13=0x0000000000012000 is an unknown value
R14=0x0000000000002000 is an unknown value
R15=0x00007f49383a0e58 is an unknown value


Stack: [0x00007f49382a1000,0x00007f49383a2000],  sp=0x00007f49383a0ca8,  free space=1023k

---------------  P R O C E S S  ---------------

VM state:at safepoint (shutting down)

VM Mutex/Monitor currently owned by a thread:  ([mutex/lock_event])
[0x00007f497c005ee0] Threads_lock - owner thread: 0x00007f497c0ec000

Heap
 PSYoungGen      total 51200K, used 7274K [0x00000000f5e00000, 0x00000000f9c80000, 0x0000000100000000)
  eden space 42496K, 13% used [0x00000000f5e00000,0x00000000f6390a80,0x00000000f8780000)
  from space 8704K, 18% used [0x00000000f9400000,0x00000000f958a178,0x00000000f9c80000)
  to   space 10752K, 0% used [0x00000000f8780000,0x00000000f8780000,0x00000000f9200000)
 ParOldGen       total 39936K, used 22280K [0x00000000e1a00000, 0x00000000e4100000, 0x00000000f5e00000)
  object space 39936K, 55% used [0x00000000e1a00000,0x00000000e2fc2048,0x00000000e4100000)
 PSPermGen       total 46080K, used 26361K [0x00000000dc800000, 0x00000000df500000, 0x00000000e1a00000)
  object space 46080K, 57% used [0x00000000dc800000,0x00000000de1be490,0x00000000df500000)

Card table byte_map: [0x00007f4978ee3000,0x00007f4979000000] byte_map_base: 0x00007f49787ff000

Polling page: 0x00007f4982f41000

Code Cache  [0x00007f4979000000, 0x00007f4979270000, 0x00007f497c000000)
 total_blobs=1129 nmethods=449 adapters=634 free_code_cache=47664Kb largest_free_block=48743808

Compilation events (10 events):
Event: 106,834 Thread 0x00007f497c11c000 nmethod 455 0x00007f497917c990 code [0x00007f497917cac0, 0x00007f497917cb18]
Event: 106,852 Thread 0x00007f497c11c000  456             java.util.concurrent.locks.ReentrantLock$Sync::tryRelease (45 bytes)
Event: 106,854 Thread 0x00007f497c11c000 nmethod 456 0x00007f497917c710 code [0x00007f497917c840, 0x00007f497917c8f8]
Event: 106,936 Thread 0x00007f497c11c000  457             java.lang.Object::equals (11 bytes)
Event: 106,937 Thread 0x00007f497c11c000 nmethod 457 0x00007f497917c510 code [0x00007f497917c640, 0x00007f497917c698]
Event: 107,018 Thread 0x00007f497c11c000  458             java.nio.HeapByteBuffer::_put (8 bytes)
Event: 107,020 Thread 0x00007f497c11c000 nmethod 458 0x00007f497917c250 code [0x00007f497917c3a0, 0x00007f497917c438]
Event: 107,022 Thread 0x00007f497c11e800  459             sun.misc.URLClassPath::getResource (74 bytes)
Event: 107,093 Thread 0x00007f497c11c000  460             java.util.concurrent.ConcurrentHashMap$Segment::rehash (262 bytes)
Event: 107,111 Thread 0x00007f497c11c000 nmethod 460 0x00007f497912e810 code [0x00007f497912e980, 0x00007f497912eeb8]

GC Heap History (10 events):
Event: 3,383 GC heap before
{Heap before GC invocations=3 (full 0):
 PSYoungGen      total 18432K, used 13982K [0x00000000f5e00000, 0x00000000f7100000, 0x0000000100000000)
  eden space 17408K, 74% used [0x00000000f5e00000,0x00000000f6aaba98,0x00000000f6f00000)
  from space 1024K, 98% used [0x00000000f7000000,0x00000000f70fc010,0x00000000f7100000)
  to   space 1024K, 0% used [0x00000000f6f00000,0x00000000f6f00000,0x00000000f7000000)
 ParOldGen       total 20480K, used 4053K [0x00000000e1a00000, 0x00000000e2e00000, 0x00000000f5e00000)
  object space 20480K, 19% used [0x00000000e1a00000,0x00000000e1df5690,0x00000000e2e00000)
 PSPermGen       total 21504K, used 20173K [0x00000000dc800000, 0x00000000ddd00000, 0x00000000e1a00000)
  object space 21504K, 93% used [0x00000000dc800000,0x00000000ddbb35e0,0x00000000ddd00000)
Event: 3,399 GC heap after
Heap after GC invocations=3 (full 0):
 PSYoungGen      total 18432K, used 1008K [0x00000000f5e00000, 0x00000000f8200000, 0x0000000100000000)
  eden space 17408K, 0% used [0x00000000f5e00000,0x00000000f5e00000,0x00000000f6f00000)
  from space 1024K, 98% used [0x00000000f6f00000,0x00000000f6ffc010,0x00000000f7000000)
  to   space 1024K, 0% used [0x00000000f8100000,0x00000000f8100000,0x00000000f8200000)
 ParOldGen       total 20480K, used 5853K [0x00000000e1a00000, 0x00000000e2e00000, 0x00000000f5e00000)
  object space 20480K, 28% used [0x00000000e1a00000,0x00000000e1fb77a0,0x00000000e2e00000)
 PSPermGen       total 21504K, used 20173K [0x00000000dc800000, 0x00000000ddd00000, 0x00000000e1a00000)
  object space 21504K, 93% used [0x00000000dc800000,0x00000000ddbb35e0,0x00000000ddd00000)
}
Event: 4,342 GC heap before
{Heap before GC invocations=4 (full 0):
 PSYoungGen      total 18432K, used 18416K [0x00000000f5e00000, 0x00000000f8200000, 0x0000000100000000)
  eden space 17408K, 100% used [0x00000000f5e00000,0x00000000f6f00000,0x00000000f6f00000)
  from space 1024K, 98% used [0x00000000f6f00000,0x00000000f6ffc010,0x00000000f7000000)
  to   space 1024K, 0% used [0x00000000f8100000,0x00000000f8100000,0x00000000f8200000)
 ParOldGen       total 20480K, used 5853K [0x00000000e1a00000, 0x00000000e2e00000, 0x00000000f5e00000)
  object space 20480K, 28% used [0x00000000e1a00000,0x00000000e1fb77a0,0x00000000e2e00000)
 PSPermGen       total 23040K, used 22868K [0x00000000dc800000, 0x00000000dde80000, 0x00000000e1a00000)
  object space 23040K, 99% used [0x00000000dc800000,0x00000000dde55388,0x00000000dde80000)
Event: 4,381 GC heap after
Heap after GC invocations=4 (full 0):
 PSYoungGen      total 35840K, used 1010K [0x00000000f5e00000, 0x00000000f8200000, 0x0000000100000000)
  eden space 34816K, 0% used [0x00000000f5e00000,0x00000000f5e00000,0x00000000f8000000)
  from space 1024K, 98% used [0x00000000f8100000,0x00000000f81fc820,0x00000000f8200000)
  to   space 1024K, 0% used [0x00000000f8000000,0x00000000f8000000,0x00000000f8100000)
 ParOldGen       total 20480K, used 16852K [0x00000000e1a00000, 0x00000000e2e00000, 0x00000000f5e00000)
  object space 20480K, 82% used [0x00000000e1a00000,0x00000000e2a751f0,0x00000000e2e00000)
 PSPermGen       total 23040K, used 22868K [0x00000000dc800000, 0x00000000dde80000, 0x00000000e1a00000)
  object space 23040K, 99% used [0x00000000dc800000,0x00000000dde55388,0x00000000dde80000)
}
Event: 4,381 GC heap before
{Heap before GC invocations=5 (full 1):
 PSYoungGen      total 35840K, used 1010K [0x00000000f5e00000, 0x00000000f8200000, 0x0000000100000000)
  eden space 34816K, 0% used [0x00000000f5e00000,0x00000000f5e00000,0x00000000f8000000)
  from space 1024K, 98% used [0x00000000f8100000,0x00000000f81fc820,0x00000000f8200000)
  to   space 1024K, 0% used [0x00000000f8000000,0x00000000f8000000,0x00000000f8100000)
 ParOldGen       total 20480K, used 16852K [0x00000000e1a00000, 0x00000000e2e00000, 0x00000000f5e00000)
  object space 20480K, 82% used [0x00000000e1a00000,0x00000000e2a751f0,0x00000000e2e00000)
 PSPermGen       total 23040K, used 22868K [0x00000000dc800000, 0x00000000dde80000, 0x00000000e1a00000)
  object space 23040K, 99% used [0x00000000dc800000,0x00000000dde55388,0x00000000dde80000)
Event: 4,621 GC heap after
Heap after GC invocations=5 (full 1):
 PSYoungGen      total 35840K, used 0K [0x00000000f5e00000, 0x00000000f8200000, 0x0000000100000000)
  eden space 34816K, 0% used [0x00000000f5e00000,0x00000000f5e00000,0x00000000f8000000)
  from space 1024K, 0% used [0x00000000f8100000,0x00000000f8100000,0x00000000f8200000)
  to   space 1024K, 0% used [0x00000000f8000000,0x00000000f8000000,0x00000000f8100000)
 ParOldGen       total 39936K, used 14686K [0x00000000e1a00000, 0x00000000e4100000, 0x00000000f5e00000)
  object space 39936K, 36% used [0x00000000e1a00000,0x00000000e2857928,0x00000000e4100000)
 PSPermGen       total 46080K, used 22862K [0x00000000dc800000, 0x00000000df500000, 0x00000000e1a00000)
  object space 46080K, 49% used [0x00000000dc800000,0x00000000dde53ab0,0x00000000df500000)
}
Event: 5,558 GC heap before
{Heap before GC invocations=6 (full 1):
 PSYoungGen      total 35840K, used 34816K [0x00000000f5e00000, 0x00000000f8200000, 0x0000000100000000)
  eden space 34816K, 100% used [0x00000000f5e00000,0x00000000f8000000,0x00000000f8000000)
  from space 1024K, 0% used [0x00000000f8100000,0x00000000f8100000,0x00000000f8200000)
  to   space 1024K, 0% used [0x00000000f8000000,0x00000000f8000000,0x00000000f8100000)
 ParOldGen       total 39936K, used 14686K [0x00000000e1a00000, 0x00000000e4100000, 0x00000000f5e00000)
  object space 39936K, 36% used [0x00000000e1a00000,0x00000000e2857928,0x00000000e4100000)
 PSPermGen       total 46080K, used 23001K [0x00000000dc800000, 0x00000000df500000, 0x00000000e1a00000)
  object space 46080K, 49% used [0x00000000dc800000,0x00000000dde766e0,0x00000000df500000)
Event: 5,572 GC heap after
Heap after GC invocations=6 (full 1):
 PSYoungGen      total 35840K, used 480K [0x00000000f5e00000, 0x00000000f9f00000, 0x0000000100000000)
  eden space 34816K, 0% used [0x00000000f5e00000,0x00000000f5e00000,0x00000000f8000000)
  from space 1024K, 46% used [0x00000000f8000000,0x00000000f8078000,0x00000000f8100000)
  to   space 11264K, 0% used [0x00000000f9400000,0x00000000f9400000,0x00000000f9f00000)
 ParOldGen       total 39936K, used 22280K [0x00000000e1a00000, 0x00000000e4100000, 0x00000000f5e00000)
  object space 39936K, 55% used [0x00000000e1a00000,0x00000000e2fc2048,0x00000000e4100000)
 PSPermGen       total 46080K, used 23001K [0x00000000dc800000, 0x00000000df500000, 0x00000000e1a00000)
  object space 46080K, 49% used [0x00000000dc800000,0x00000000dde766e0,0x00000000df500000)
}
Event: 106,555 GC heap before
{Heap before GC invocations=7 (full 1):
 PSYoungGen      total 35840K, used 35296K [0x00000000f5e00000, 0x00000000f9f00000, 0x0000000100000000)
  eden space 34816K, 100% used [0x00000000f5e00000,0x00000000f8000000,0x00000000f8000000)
  from space 1024K, 46% used [0x00000000f8000000,0x00000000f8078000,0x00000000f8100000)
  to   space 11264K, 0% used [0x00000000f9400000,0x00000000f9400000,0x00000000f9f00000)
 ParOldGen       total 39936K, used 22280K [0x00000000e1a00000, 0x00000000e4100000, 0x00000000f5e00000)
  object space 39936K, 55% used [0x00000000e1a00000,0x00000000e2fc2048,0x00000000e4100000)
 PSPermGen       total 46080K, used 24337K [0x00000000dc800000, 0x00000000df500000, 0x00000000e1a00000)
  object space 46080K, 52% used [0x00000000dc800000,0x00000000ddfc4520,0x00000000df500000)
Event: 106,570 GC heap after
Heap after GC invocations=7 (full 1):
 PSYoungGen      total 51200K, used 1576K [0x00000000f5e00000, 0x00000000f9c80000, 0x0000000100000000)
  eden space 42496K, 0% used [0x00000000f5e00000,0x00000000f5e00000,0x00000000f8780000)
  from space 8704K, 18% used [0x00000000f9400000,0x00000000f958a178,0x00000000f9c80000)
  to   space 10752K, 0% used [0x00000000f8780000,0x00000000f8780000,0x00000000f9200000)
 ParOldGen       total 39936K, used 22280K [0x00000000e1a00000, 0x00000000e4100000, 0x00000000f5e00000)
  object space 39936K, 55% used [0x00000000e1a00000,0x00000000e2fc2048,0x00000000e4100000)
 PSPermGen       total 46080K, used 24337K [0x00000000dc800000, 0x00000000df500000, 0x00000000e1a00000)
  object space 46080K, 52% used [0x00000000dc800000,0x00000000ddfc4520,0x00000000df500000)
}

Deoptimization events (10 events):
Event: 86,977 Thread 0x00007f4934134800 Uncommon trap: reason=unreached action=reinterpret pc=0x00007f4979105ab8 method=com.jme3.shader.DefineList.equalsParams(Ljava/util/Collection;Lcom/jme3/material/TechniqueDef;)Z @ 203
Event: 87,051 Thread 0x00007f4934134800 Uncommon trap: reason=class_check action=maybe_recompile pc=0x00007f4979130c3c method=com.jme3.util.SortUtil.merge([Ljava/lang/Object;[Ljava/lang/Object;IIILjava/util/Comparator;)V @ 94
Event: 87,203 Thread 0x00007f4934134800 Uncommon trap: reason=unreached action=reinterpret pc=0x00007f497912d108 method=com.jme3.util.SafeArrayList.getArray()[Ljava/lang/Object; @ 4
Event: 106,412 Thread 0x00007f49341f7800 Uncommon trap: reason=unreached action=reinterpret pc=0x00007f49790d6f14 method=java.util.Arrays.copyOf([Ljava/lang/Object;ILjava/lang/Class;)[Ljava/lang/Object; @ 4
Event: 106,414 Thread 0x00007f4934127800 Uncommon trap: reason=unreached action=reinterpret pc=0x00007f49790b36b4 method=java.lang.ThreadLocal.get()Ljava/lang/Object; @ 11
Event: 106,418 Thread 0x00007f4934128800 Uncommon trap: reason=unreached action=reinterpret pc=0x00007f4979103a30 method=java.lang.ThreadLocal$ThreadLocalMap.getEntry(Ljava/lang/ThreadLocal;)Ljava/lang/ThreadLocal$ThreadLocalMap$Entry; @ 21
Event: 106,499 Thread 0x00007f4934128800 Uncommon trap: reason=unreached action=reinterpret pc=0x00007f4979098574 method=java.lang.ThreadLocal$ThreadLocalMap.getEntry(Ljava/lang/ThreadLocal;)Ljava/lang/ThreadLocal$ThreadLocalMap$Entry; @ 21
Event: 107,032 Thread 0x00007f4934128800 Uncommon trap: reason=bimorphic action=maybe_recompile pc=0x00007f49790da5f8 method=java.util.regex.Pattern$Curly.match(Ljava/util/regex/Matcher;ILjava/lang/CharSequence;)Z @ 19
Event: 107,032 Thread 0x00007f4934128800 Uncommon trap: reason=bimorphic action=maybe_recompile pc=0x00007f49790d372c method=java.util.regex.Pattern$CharProperty.match(Ljava/util/regex/Matcher;ILjava/lang/CharSequence;)Z @ 18
Event: 107,032 Thread 0x00007f4934128800 Uncommon trap: reason=bimorphic action=maybe_recompile pc=0x00007f49790d372c method=java.util.regex.Pattern$CharProperty.match(Ljava/util/regex/Matcher;ILjava/lang/CharSequence;)Z @ 18

Internal exceptions (10 events):
Event: 107,129 Thread 0x00007f4934128800 Threw 0x00000000f62c8d40 at /HUDSON/workspace/7u-2-build-linux-amd64/jdk7u65/1224/hotspot/src/share/vm/prims/jvm.cpp:1244
Event: 107,131 Thread 0x00007f4934128800 Threw 0x00000000f62cee00 at /HUDSON/workspace/7u-2-build-linux-amd64/jdk7u65/1224/hotspot/src/share/vm/prims/jvm.cpp:1244
Event: 107,134 Thread 0x00007f4934128800 Threw 0x00000000f62d4b88 at /HUDSON/workspace/7u-2-build-linux-amd64/jdk7u65/1224/hotspot/src/share/vm/prims/jvm.cpp:1244
Event: 107,136 Thread 0x00007f4934128800 Threw 0x00000000f62d76c0 at /HUDSON/workspace/7u-2-build-linux-amd64/jdk7u65/1224/hotspot/src/share/vm/prims/jvm.cpp:1244
Event: 107,139 Thread 0x00007f4934128800 Threw 0x00000000f62dadc8 at /HUDSON/workspace/7u-2-build-linux-amd64/jdk7u65/1224/hotspot/src/share/vm/prims/jvm.cpp:1244
Event: 107,171 Thread 0x00007f4934128800 Threw 0x00000000f636e878 at /HUDSON/workspace/7u-2-build-linux-amd64/jdk7u65/1224/hotspot/src/share/vm/prims/jvm.cpp:1244
Event: 107,173 Thread 0x00007f4934128800 Threw 0x00000000f6371cd0 at /HUDSON/workspace/7u-2-build-linux-amd64/jdk7u65/1224/hotspot/src/share/vm/prims/jvm.cpp:1244
Event: 107,177 Thread 0x00007f4934128800 Threw 0x00000000f6376358 at /HUDSON/workspace/7u-2-build-linux-amd64/jdk7u65/1224/hotspot/src/share/vm/prims/jvm.cpp:1244
Event: 107,180 Thread 0x00007f4934128800 Threw 0x00000000f637b198 at /HUDSON/workspace/7u-2-build-linux-amd64/jdk7u65/1224/hotspot/src/share/vm/runtime/reflection.cpp:1030
Event: 107,180 Thread 0x00007f4934128800 Threw 0x00000000f637b7f8 at /HUDSON/workspace/7u-2-build-linux-amd64/jdk7u65/1224/hotspot/src/share/vm/prims/jvm.cpp:1244

Events (10 events):
Event: 107,171 loading class 0x00007f497c220120 done
Event: 107,173 loading class 0x00007f497c251cc0
Event: 107,173 loading class 0x00007f497c251cc0 done
Event: 107,176 loading class 0x00007f497c220180
Event: 107,176 loading class 0x00007f497c220180 done
Event: 107,180 loading class 0x00007f497c1cc0d0
Event: 107,180 loading class 0x00007f497c1cc0d0 done
Event: 107,182 Thread 0x00007f4934128800 Thread exited: 0x00007f4934128800
Event: 107,182 Thread 0x00007f497c11a000 Thread exited: 0x00007f497c11a000
Event: 107,183 Executing VM operation: Exit


Dynamic libraries:
00400000-00401000 r-xp 00000000 08:01 1078199                            /usr/lib/jvm/java-7-oracle/jre/bin/java
00600000-00601000 rw-p 00000000 08:01 1078199                            /usr/lib/jvm/java-7-oracle/jre/bin/java
01af5000-01c5d000 rw-p 00000000 00:00 0                                  [heap]
4045a000-4045c000 r-xs 00000000 08:01 552402                             /tmp/glXNoNVW (deleted)
419be000-41a3c000 rw-p 00000000 00:00 0 
dc800000-df500000 rw-p 00000000 00:00 0 
df500000-e1a00000 rw-p 00000000 00:00 0 
e1a00000-e4100000 rw-p 00000000 00:00 0 
e4100000-f5e00000 rw-p 00000000 00:00 0 
f5e00000-f9c80000 rw-p 00000000 00:00 0 
f9c80000-f9f00000 ---p 00000000 00:00 0 
f9f00000-100000000 rw-p 00000000 00:00 0 
7f492b6f8000-7f492bafe000 rw-s e4000000 00:05 11991                      /dev/nvidia0
7f492bafe000-7f492bf04000 rw-s e581c000 00:05 11991                      /dev/nvidia0
7f492c304000-7f492c70a000 rw-s e5414000 00:05 11991                      /dev/nvidia0
7f492c70a000-7f492cb0c000 rw-s 77058000 00:05 11991                      /dev/nvidia0
7f492cb0c000-7f492cf12000 rw-s e4c08000 00:05 11991                      /dev/nvidia0
7f492d314000-7f492d715000 rw-p 00000000 00:00 0 
7f492d715000-7f492db15000 rw-s 368af000 00:05 11991                      /dev/nvidia0
7f492db15000-7f492e007000 rw-p 00000000 00:00 0 
7f492e208000-7f492ea0a000 rw-p 00000000 00:00 0 
7f492ec0a000-7f492ec0d000 ---p 00000000 00:00 0 
7f492ec0d000-7f492ed0b000 rw-p 00000000 00:00 0 
7f492ed0b000-7f492ed0e000 ---p 00000000 00:00 0 
7f492ed0e000-7f492f5c3000 rw-p 00000000 00:00 0 
7f492f5c3000-7f492f5fd000 r-xp 00000000 08:01 441709                     /usr/lib/jvm/java-7-oracle/jre/lib/amd64/libjpeg.so
7f492f5fd000-7f492f7fd000 ---p 0003a000 08:01 441709                     /usr/lib/jvm/java-7-oracle/jre/lib/amd64/libjpeg.so
7f492f7fd000-7f492f7fe000 rw-p 0003a000 08:01 441709                     /usr/lib/jvm/java-7-oracle/jre/lib/amd64/libjpeg.so
7f492f7fe000-7f49337ff000 rw-s 00000000 00:13 25806                      /run/shm/pulse-shm-2431817264
7f49337ff000-7f4933800000 ---p 00000000 00:00 0 
7f4933800000-7f4934000000 rw-p 00000000 00:00 0                          [stack:4414]
7f4934000000-7f493438e000 rw-p 00000000 00:00 0 
7f493438e000-7f4938000000 ---p 00000000 00:00 0 
7f49380d2000-7f49380d5000 ---p 00000000 00:00 0 
7f49380d5000-7f49382a1000 rw-p 00000000 00:00 0 
7f49382a1000-7f49382a2000 ---p 00000000 00:00 0 
7f49382a2000-7f49383a2000 rw-p 00000000 00:00 0                          [stack:4415]
7f49383a2000-7f49383b8000 r-xp 00000000 08:01 151049                     /lib/x86_64-linux-gnu/libresolv-2.17.so
7f49383b8000-7f49385b8000 ---p 00016000 08:01 151049                     /lib/x86_64-linux-gnu/libresolv-2.17.so
7f49385b8000-7f49385b9000 r--p 00016000 08:01 151049                     /lib/x86_64-linux-gnu/libresolv-2.17.so
7f49385b9000-7f49385ba000 rw-p 00017000 08:01 151049                     /lib/x86_64-linux-gnu/libresolv-2.17.so
7f49385ba000-7f49385bc000 rw-p 00000000 00:00 0 
7f49385bc000-7f49385c3000 r-xp 00000000 08:01 262777                     /usr/lib/x86_64-linux-gnu/libogg.so.0.8.1
7f49385c3000-7f49387c3000 ---p 00007000 08:01 262777                     /usr/lib/x86_64-linux-gnu/libogg.so.0.8.1
7f49387c3000-7f49387c4000 r--p 00007000 08:01 262777                     /usr/lib/x86_64-linux-gnu/libogg.so.0.8.1
7f49387c4000-7f49387c5000 rw-p 00008000 08:01 262777                     /usr/lib/x86_64-linux-gnu/libogg.so.0.8.1
7f49387c5000-7f49387f0000 r-xp 00000000 08:01 267913                     /usr/lib/x86_64-linux-gnu/libvorbis.so.0.4.5
7f49387f0000-7f49389f0000 ---p 0002b000 08:01 267913                     /usr/lib/x86_64-linux-gnu/libvorbis.so.0.4.5
7f49389f0000-7f49389f1000 r--p 0002b000 08:01 267913                     /usr/lib/x86_64-linux-gnu/libvorbis.so.0.4.5
7f49389f1000-7f49389f2000 rw-p 0002c000 08:01 267913                     /usr/lib/x86_64-linux-gnu/libvorbis.so.0.4.5
7f49389f2000-7f4938ca5000 r-xp 00000000 08:01 267915                     /usr/lib/x86_64-linux-gnu/libvorbisenc.so.2.0.8
7f4938ca5000-7f4938ea4000 ---p 002b3000 08:01 267915                     /usr/lib/x86_64-linux-gnu/libvorbisenc.so.2.0.8
7f4938ea4000-7f4938ec0000 r--p 002b2000 08:01 267915                     /usr/lib/x86_64-linux-gnu/libvorbisenc.so.2.0.8
7f4938ec0000-7f4938ec1000 rw-p 002ce000 08:01 267915                     /usr/lib/x86_64-linux-gnu/libvorbisenc.so.2.0.8
7f4938ec1000-7f4938ef0000 r-xp 00000000 08:01 263671                     /usr/lib/x86_64-linux-gnu/libFLAC.so.8.3.0
7f4938ef0000-7f49390f0000 ---p 0002f000 08:01 263671                     /usr/lib/x86_64-linux-gnu/libFLAC.so.8.3.0
7f49390f0000-7f49390f1000 r--p 0002f000 08:01 263671                     /usr/lib/x86_64-linux-gnu/libFLAC.so.8.3.0
7f49390f1000-7f49390f2000 rw-p 00030000 08:01 263671                     /usr/lib/x86_64-linux-gnu/libFLAC.so.8.3.0
7f49390f2000-7f49390f7000 r-xp 00000000 08:01 264532                     /usr/lib/x86_64-linux-gnu/libasyncns.so.0.3.1
7f49390f7000-7f49392f6000 ---p 00005000 08:01 264532                     /usr/lib/x86_64-linux-gnu/libasyncns.so.0.3.1
7f49392f6000-7f49392f7000 r--p 00004000 08:01 264532                     /usr/lib/x86_64-linux-gnu/libasyncns.so.0.3.1
7f49392f7000-7f49392f8000 rw-p 00005000 08:01 264532                     /usr/lib/x86_64-linux-gnu/libasyncns.so.0.3.1
7f49392f8000-7f4939359000 r-xp 00000000 08:01 263734                     /usr/lib/x86_64-linux-gnu/libsndfile.so.1.0.25
7f4939359000-7f4939559000 ---p 00061000 08:01 263734                     /usr/lib/x86_64-linux-gnu/libsndfile.so.1.0.25
7f4939559000-7f493955b000 r--p 00061000 08:01 263734                     /usr/lib/x86_64-linux-gnu/libsndfile.so.1.0.25
7f493955b000-7f493955c000 rw-p 00063000 08:01 263734                     /usr/lib/x86_64-linux-gnu/libsndfile.so.1.0.25
7f493955c000-7f4939560000 rw-p 00000000 00:00 0 
7f4939560000-7f4939568000 r-xp 00000000 08:01 135499                     /lib/x86_64-linux-gnu/libwrap.so.0.7.6
7f4939568000-7f4939768000 ---p 00008000 08:01 135499                     /lib/x86_64-linux-gnu/libwrap.so.0.7.6
7f4939768000-7f4939769000 r--p 00008000 08:01 135499                     /lib/x86_64-linux-gnu/libwrap.so.0.7.6
7f4939769000-7f493976a000 rw-p 00009000 08:01 135499                     /lib/x86_64-linux-gnu/libwrap.so.0.7.6
7f493976a000-7f49397ae000 r-xp 00000000 08:01 135791                     /lib/x86_64-linux-gnu/libdbus-1.so.3.7.4
7f49397ae000-7f49399ad000 ---p 00044000 08:01 135791                     /lib/x86_64-linux-gnu/libdbus-1.so.3.7.4
7f49399ad000-7f49399ae000 r--p 00043000 08:01 135791                     /lib/x86_64-linux-gnu/libdbus-1.so.3.7.4
7f49399ae000-7f49399af000 rw-p 00044000 08:01 135791                     /lib/x86_64-linux-gnu/libdbus-1.so.3.7.4
7f49399af000-7f4939a15000 r-xp 00000000 08:01 399763                     /usr/lib/x86_64-linux-gnu/pulseaudio/libpulsecommon-4.0.so
7f4939a15000-7f4939c14000 ---p 00066000 08:01 399763                     /usr/lib/x86_64-linux-gnu/pulseaudio/libpulsecommon-4.0.so
7f4939c14000-7f4939c15000 r--p 00065000 08:01 399763                     /usr/lib/x86_64-linux-gnu/pulseaudio/libpulsecommon-4.0.so
7f4939c15000-7f4939c16000 rw-p 00066000 08:01 399763                     /usr/lib/x86_64-linux-gnu/pulseaudio/libpulsecommon-4.0.so
7f4939c16000-7f493b5e6000 r-xp 00000000 08:01 966879                     /usr/lib/nvidia-304/libnvidia-glcore.so.304.88
7f493b5e6000-7f493b7e5000 ---p 019d0000 08:01 966879                     /usr/lib/nvidia-304/libnvidia-glcore.so.304.88
7f493b7e5000-7f493bfe6000 rwxp 019cf000 08:01 966879                     /usr/lib/nvidia-304/libnvidia-glcore.so.304.88
7f493bfe6000-7f493c000000 rwxp 00000000 00:00 0 
7f493c000000-7f493c021000 rw-p 00000000 00:00 0 
7f493c021000-7f4940000000 ---p 00000000 00:00 0 
7f4940000000-7f4940d4e000 rw-p 00000000 00:00 0 
7f4940d4e000-7f4944000000 ---p 00000000 00:00 0 
7f4944000000-7f494447e000 rw-p 00000000 00:00 0 
7f494447e000-7f4948000000 ---p 00000000 00:00 0 
7f4948048000-7f4948088000 rw-s e3eba000 00:05 11991                      /dev/nvidia0
7f4948088000-7f4948091000 r-xp 00000000 08:01 136215                     /lib/x86_64-linux-gnu/libjson-c.so.2.0.1
7f4948091000-7f4948291000 ---p 00009000 08:01 136215                     /lib/x86_64-linux-gnu/libjson-c.so.2.0.1
7f4948291000-7f4948292000 r--p 00009000 08:01 136215                     /lib/x86_64-linux-gnu/libjson-c.so.2.0.1
7f4948292000-7f4948293000 rw-p 0000a000 08:01 136215                     /lib/x86_64-linux-gnu/libjson-c.so.2.0.1
7f4948293000-7f49482da000 r-xp 00000000 08:01 264573                     /usr/lib/x86_64-linux-gnu/libpulse.so.0.16.2
7f49482da000-7f49484da000 ---p 00047000 08:01 264573                     /usr/lib/x86_64-linux-gnu/libpulse.so.0.16.2
7f49484da000-7f49484db000 r--p 00047000 08:01 264573                     /usr/lib/x86_64-linux-gnu/libpulse.so.0.16.2
7f49484db000-7f49484dc000 rw-p 00048000 08:01 264573                     /usr/lib/x86_64-linux-gnu/libpulse.so.0.16.2
7f49484fd000-7f4948552000 r-xp 00000000 08:03 3279200                    /home/lyr/git/HexScape/client_installer/libopenal64.so
7f4948552000-7f4948751000 ---p 00055000 08:03 3279200                    /home/lyr/git/HexScape/client_installer/libopenal64.so
7f4948751000-7f4948754000 r--p 00054000 08:03 3279200                    /home/lyr/git/HexScape/client_installer/libopenal64.so
7f4948754000-7f4948755000 rw-p 00057000 08:03 3279200                    /home/lyr/git/HexScape/client_installer/libopenal64.so
7f4948755000-7f4948756000 rw-p 00000000 00:00 0 
7f4948756000-7f4948759000 ---p 00000000 00:00 0 
7f4948759000-7f4948857000 rw-p 00000000 00:00 0                          [stack:4412]
7f4948857000-7f4948fe5000 rw-s 00000000 00:04 4784153                    /SYSV00000000 (deleted)
7f494901b000-7f494911b000 rw-s 4ea2d000 00:05 11991                      /dev/nvidia0
7f494911b000-7f4949125000 r--s 00251000 08:01 441756                     /usr/lib/jvm/java-7-oracle/jre/lib/resources.jar
7f4949125000-7f4949225000 rw-s 36110000 00:05 11991                      /dev/nvidia0
7f4949225000-7f49492ca000 rw-p 00000000 00:00 0 
7f49492ca000-7f4949b3a000 rw-s e0000000 00:05 11991                      /dev/nvidia0
7f4949b3a000-7f4949bbb000 rw-p 00000000 00:00 0 
7f4949bbb000-7f4949bbe000 r-xp 00000000 08:01 1079192                    /usr/lib/nvidia-304/tls/libnvidia-tls.so.304.88
7f4949bbe000-7f4949dbd000 ---p 00003000 08:01 1079192                    /usr/lib/nvidia-304/tls/libnvidia-tls.so.304.88
7f4949dbd000-7f4949dbe000 rw-p 00002000 08:01 1079192                    /usr/lib/nvidia-304/tls/libnvidia-tls.so.304.88
7f4949dbe000-7f4949e88000 r-xp 00000000 08:01 966880                     /usr/lib/nvidia-304/libGL.so.304.88
7f4949e88000-7f494a088000 ---p 000ca000 08:01 966880                     /usr/lib/nvidia-304/libGL.so.304.88
7f494a088000-7f494a0c5000 rwxp 000ca000 08:01 966880                     /usr/lib/nvidia-304/libGL.so.304.88
7f494a0c5000-7f494a0db000 rwxp 00000000 00:00 0 
7f494a0db000-7f494a0de000 ---p 00000000 00:00 0 
7f494a0de000-7f494a114000 rw-p 00000000 00:00 0 
7f494a114000-7f494a17d000 r-xp 00000000 08:01 441714                     /usr/lib/jvm/java-7-oracle/jre/lib/amd64/libt2k.so
7f494a17d000-7f494a37c000 ---p 00069000 08:01 441714                     /usr/lib/jvm/java-7-oracle/jre/lib/amd64/libt2k.so
7f494a37c000-7f494a383000 rw-p 00068000 08:01 441714                     /usr/lib/jvm/java-7-oracle/jre/lib/amd64/libt2k.so
7f494a383000-7f494a393000 rw-p 00000000 00:00 0 
7f494a393000-7f494a397000 r-xp 00000000 08:01 266733                     /usr/lib/x86_64-linux-gnu/libXxf86vm.so.1.0.0
7f494a397000-7f494a597000 ---p 00004000 08:01 266733                     /usr/lib/x86_64-linux-gnu/libXxf86vm.so.1.0.0
7f494a597000-7f494a598000 r--p 00004000 08:01 266733                     /usr/lib/x86_64-linux-gnu/libXxf86vm.so.1.0.0
7f494a598000-7f494a599000 rw-p 00005000 08:01 266733                     /usr/lib/x86_64-linux-gnu/libXxf86vm.so.1.0.0
7f494a599000-7f494a5a2000 r-xp 00000000 08:01 272766                     /usr/lib/x86_64-linux-gnu/libXrandr.so.2.2.0
7f494a5a2000-7f494a7a1000 ---p 00009000 08:01 272766                     /usr/lib/x86_64-linux-gnu/libXrandr.so.2.2.0
7f494a7a1000-7f494a7a2000 r--p 00008000 08:01 272766                     /usr/lib/x86_64-linux-gnu/libXrandr.so.2.2.0
7f494a7a2000-7f494a7a3000 rw-p 00009000 08:01 272766                     /usr/lib/x86_64-linux-gnu/libXrandr.so.2.2.0
7f494a7a7000-7f494a7c4000 rw-s 67e0d000 00:05 11991                      /dev/nvidia0
7f494a7c4000-7f494a82e000 r-xp 00000000 08:03 3279199                    /home/lyr/git/HexScape/client_installer/liblwjgl64.so
7f494a82e000-7f494aa2e000 ---p 0006a000 08:03 3279199                    /home/lyr/git/HexScape/client_installer/liblwjgl64.so
7f494aa2e000-7f494aa30000 r--p 0006a000 08:03 3279199                    /home/lyr/git/HexScape/client_installer/liblwjgl64.so
7f494aa30000-7f494aa31000 rw-p 0006c000 08:03 3279199                    /home/lyr/git/HexScape/client_installer/liblwjgl64.so
7f494aa31000-7f494aa32000 r-xp 00000000 08:01 441671                     /usr/lib/jvm/java-7-oracle/jre/lib/amd64/libjawt.so
7f494aa32000-7f494ac31000 ---p 00001000 08:01 441671                     /usr/lib/jvm/java-7-oracle/jre/lib/amd64/libjawt.so
7f494ac31000-7f494ac32000 rw-p 00000000 08:01 441671                     /usr/lib/jvm/java-7-oracle/jre/lib/amd64/libjawt.so
7f494ac32000-7f494ac35000 ---p 00000000 00:00 0 
7f494ac35000-7f494ad33000 rw-p 00000000 00:00 0                          [stack:4408]
7f494ad33000-7f494ad36000 ---p 00000000 00:00 0 
7f494ad36000-7f494ae34000 rw-p 00000000 00:00 0 
7f494ae34000-7f494ae37000 ---p 00000000 00:00 0 
7f494ae37000-7f494af35000 rw-p 00000000 00:00 0 
7f494af35000-7f494af4a000 r-xp 00000000 08:01 132161                     /lib/x86_64-linux-gnu/libgcc_s.so.1
7f494af4a000-7f494b149000 ---p 00015000 08:01 132161                     /lib/x86_64-linux-gnu/libgcc_s.so.1
7f494b149000-7f494b14a000 r--p 00014000 08:01 132161                     /lib/x86_64-linux-gnu/libgcc_s.so.1
7f494b14a000-7f494b14b000 rw-p 00015000 08:01 132161                     /lib/x86_64-linux-gnu/libgcc_s.so.1
7f494b14b000-7f494b1b0000 r-xp 00000000 08:01 441739                     /usr/lib/jvm/java-7-oracle/jre/lib/amd64/libfontmanager.so
7f494b1b0000-7f494b3af000 ---p 00065000 08:01 441739                     /usr/lib/jvm/java-7-oracle/jre/lib/amd64/libfontmanager.so
7f494b3af000-7f494b3b3000 rw-p 00064000 08:01 441739                     /usr/lib/jvm/java-7-oracle/jre/lib/amd64/libfontmanager.so
7f494b3b3000-7f494b3c4000 rw-p 00000000 00:00 0 
7f494b3c4000-7f494b3c7000 ---p 00000000 00:00 0 
7f494b3c7000-7f494b4c5000 rw-p 00000000 00:00 0                          [stack:4405]
7f494b4c5000-7f494b4c8000 ---p 00000000 00:00 0 
7f494b4c8000-7f494b5c6000 rw-p 00000000 00:00 0                          [stack:4404]
7f494b5c6000-7f494b5c9000 ---p 00000000 00:00 0 
7f494b5c9000-7f494b6c7000 rw-p 00000000 00:00 0                          [stack:4403]
7f494b6c7000-7f494b6cc000 r-xp 00000000 08:01 272928                     /usr/lib/x86_64-linux-gnu/libXfixes.so.3.1.0
7f494b6cc000-7f494b8cb000 ---p 00005000 08:01 272928                     /usr/lib/x86_64-linux-gnu/libXfixes.so.3.1.0
7f494b8cb000-7f494b8cc000 r--p 00004000 08:01 272928                     /usr/lib/x86_64-linux-gnu/libXfixes.so.3.1.0
7f494b8cc000-7f494b8cd000 rw-p 00005000 08:01 272928                     /usr/lib/x86_64-linux-gnu/libXfixes.so.3.1.0
7f494b8cd000-7f494b8d6000 r-xp 00000000 08:01 262723                     /usr/lib/x86_64-linux-gnu/libXcursor.so.1.0.2
7f494b8d6000-7f494bad5000 ---p 00009000 08:01 262723                     /usr/lib/x86_64-linux-gnu/libXcursor.so.1.0.2
7f494bad5000-7f494bad6000 r--p 00008000 08:01 262723                     /usr/lib/x86_64-linux-gnu/libXcursor.so.1.0.2
7f494bad6000-7f494bad7000 rw-p 00009000 08:01 262723                     /usr/lib/x86_64-linux-gnu/libXcursor.so.1.0.2
7f494bad7000-7f494bada000 ---p 00000000 00:00 0 
7f494bada000-7f494bbd8000 rw-p 00000000 00:00 0                          [stack:4402]
7f494bbd8000-7f494bbee000 r-xp 00000000 08:01 441728                     /usr/lib/jvm/java-7-oracle/jre/lib/amd64/libnet.so
7f494bbee000-7f494bdee000 ---p 00016000 08:01 441728                     /usr/lib/jvm/java-7-oracle/jre/lib/amd64/libnet.so
7f494bdee000-7f494bdef000 rw-p 00016000 08:01 441728                     /usr/lib/jvm/java-7-oracle/jre/lib/amd64/libnet.so
7f494bdef000-7f494bdff000 r-xp 00000000 08:01 441676                     /usr/lib/jvm/java-7-oracle/jre/lib/amd64/libnio.so
7f494bdff000-7f494bfff000 ---p 00010000 08:01 441676                     /usr/lib/jvm/java-7-oracle/jre/lib/amd64/libnio.so
7f494bfff000-7f494c000000 rw-p 00010000 08:01 441676                     /usr/lib/jvm/java-7-oracle/jre/lib/amd64/libnio.so
7f494c000000-7f494c021000 rw-p 00000000 00:00 0 
7f494c021000-7f4950000000 ---p 00000000 00:00 0 
7f4950000000-7f4950021000 rw-p 00000000 00:00 0 
7f4950021000-7f4954000000 ---p 00000000 00:00 0 
7f4954000000-7f4954654000 rw-p 00000000 00:00 0 
7f4954654000-7f4958000000 ---p 00000000 00:00 0 
7f4958000000-7f4958dfb000 rw-p 00000000 00:00 0 
7f4958dfb000-7f495c000000 ---p 00000000 00:00 0 
7f495c000000-7f495c021000 rw-p 00000000 00:00 0 
7f495c021000-7f4960000000 ---p 00000000 00:00 0 
7f4960000000-7f4960021000 rw-p 00000000 00:00 0 
7f4960021000-7f4964000000 ---p 00000000 00:00 0 
7f4964000000-7f496403a000 rw-p 00000000 00:00 0 
7f496403a000-7f4968000000 ---p 00000000 00:00 0 
7f4968000000-7f4968021000 rw-p 00000000 00:00 0 
7f4968021000-7f496c000000 ---p 00000000 00:00 0 
7f496c000000-7f496c02d000 rw-p 00000000 00:00 0 
7f496c02d000-7f4970000000 ---p 00000000 00:00 0 
7f4970005000-7f4970007000 rw-p 00000000 00:00 0 
7f4970007000-7f4970012000 r--p 00000000 08:01 664017                     /usr/share/locale-langpack/fr/LC_MESSAGES/pulseaudio.mo
7f4970012000-7f4970014000 rw-s 00000000 08:01 552402                     /tmp/glXNoNVW (deleted)
7f4970014000-7f4970018000 rw-s 368fa000 00:05 11991                      /dev/nvidia0
7f4970018000-7f4970019000 rw-s e3efb000 00:05 11991                      /dev/nvidia0
7f4970019000-7f497001a000 rw-s 4eac0000 00:05 11991                      /dev/nvidia0
7f497001a000-7f497001b000 rw-s 7533f000 00:05 11991                      /dev/nvidia0
7f497001b000-7f4970056000 r--s 00000000 08:01 267123                     /var/cache/fontconfig/365b55f210c0a22e9a19e35191240f32-le64.cache-4
7f4970056000-7f497005d000 r--s 00000000 08:01 267122                     /var/cache/fontconfig/3047814df9a2f067bd2d96a2b9c36e5a-le64.cache-4
7f497005d000-7f4970066000 r--s 00000000 08:01 267121                     /var/cache/fontconfig/52f7bdb7ce746bfd7eaa1985bd9cfa93-le64.cache-4
7f4970066000-7f4970069000 r--s 00000000 08:01 267119                     /var/cache/fontconfig/e49e89034d371f0f9de17aab02136486-le64.cache-4
7f4970069000-7f497007c000 r--s 00000000 08:01 267116                     /var/cache/fontconfig/d52a8644073d54c13679302ca1180695-le64.cache-4
7f497007c000-7f4970084000 r--s 00000000 08:01 267115                     /var/cache/fontconfig/3f7329c5293ffd510edef78f73874cfd-le64.cache-4
7f4970084000-7f4970090000 r--s 00000000 08:01 264514                     /var/cache/fontconfig/d589a48862398ed80a3d6066f4f56f4c-le64.cache-4
7f4970090000-7f4970091000 rw-s fcc02000 00:05 11991                      /dev/nvidia0
7f4970091000-7f4970092000 rw-s 36111000 00:05 11991                      /dev/nvidia0
7f4970092000-7f4970096000 r--s 0008a000 08:01 441757                     /usr/lib/jvm/java-7-oracle/jre/lib/jsse.jar
7f4970096000-7f4970097000 r--s 00000000 08:01 267163                     /var/cache/fontconfig/c05880de57d1f5e948fdfacc138775d9-le64.cache-4
7f4970097000-7f49700a2000 r--s 00000000 08:01 264517                     /var/cache/fontconfig/945677eb7aeaf62f1d50efc3fb3ec7d8-le64.cache-4
7f49700a2000-7f49700a4000 r--s 00000000 08:01 267161                     /var/cache/fontconfig/99e8ed0e538f840c565b6ed5dad60d56-le64.cache-4
7f49700a4000-7f49700ad000 r--s 00000000 08:01 267147                     /var/cache/fontconfig/a6d8cf8e4ec09cdbc8633c31745a07dd-le64.cache-4
7f49700ad000-7f49700b3000 r--s 00000000 08:01 268728                     /var/cache/fontconfig/2cd17615ca594fa2959ae173292e504c-le64.cache-4
7f49700b3000-7f49700bf000 r--s 00000000 08:01 267134                     /var/cache/fontconfig/6d41288fd70b0be22e8c3a91e032eec0-le64.cache-4
7f49700bf000-7f49700c2000 r--s 00000000 08:01 267130                     /var/cache/fontconfig/8801497958630a81b71ace7c5f9b32a8-le64.cache-4
7f49700c2000-7f49700fd000 r--s 00000000 08:01 267123                     /var/cache/fontconfig/365b55f210c0a22e9a19e35191240f32-le64.cache-4
7f49700fd000-7f4970102000 r-xp 00000000 08:01 267218                     /usr/lib/x86_64-linux-gnu/libXdmcp.so.6.0.0
7f4970102000-7f4970301000 ---p 00005000 08:01 267218                     /usr/lib/x86_64-linux-gnu/libXdmcp.so.6.0.0
7f4970301000-7f4970302000 r--p 00004000 08:01 267218                     /usr/lib/x86_64-linux-gnu/libXdmcp.so.6.0.0
7f4970302000-7f4970303000 rw-p 00005000 08:01 267218                     /usr/lib/x86_64-linux-gnu/libXdmcp.so.6.0.0
7f4970303000-7f4970305000 r-xp 00000000 08:01 271803                     /usr/lib/x86_64-linux-gnu/libXau.so.6.0.0
7f4970305000-7f4970505000 ---p 00002000 08:01 271803                     /usr/lib/x86_64-linux-gnu/libXau.so.6.0.0
7f4970505000-7f4970506000 r--p 00002000 08:01 271803                     /usr/lib/x86_64-linux-gnu/libXau.so.6.0.0
7f4970506000-7f4970507000 rw-p 00003000 08:01 271803                     /usr/lib/x86_64-linux-gnu/libXau.so.6.0.0
7f4970507000-7f4970524000 r-xp 00000000 08:01 271865                     /usr/lib/x86_64-linux-gnu/libxcb.so.1.1.0
7f4970524000-7f4970723000 ---p 0001d000 08:01 271865                     /usr/lib/x86_64-linux-gnu/libxcb.so.1.1.0
7f4970723000-7f4970724000 r--p 0001c000 08:01 271865                     /usr/lib/x86_64-linux-gnu/libxcb.so.1.1.0
7f4970724000-7f4970725000 rw-p 0001d000 08:01 271865                     /usr/lib/x86_64-linux-gnu/libxcb.so.1.1.0
7f4970725000-7f4970734000 r-xp 00000000 08:01 272724                     /usr/lib/x86_64-linux-gnu/libXi.so.6.1.0
7f4970734000-7f4970933000 ---p 0000f000 08:01 272724                     /usr/lib/x86_64-linux-gnu/libXi.so.6.1.0
7f4970933000-7f4970934000 r--p 0000e000 08:01 272724                     /usr/lib/x86_64-linux-gnu/libXi.so.6.1.0
7f4970934000-7f4970935000 rw-p 0000f000 08:01 272724                     /usr/lib/x86_64-linux-gnu/libXi.so.6.1.0
7f4970935000-7f497093a000 r-xp 00000000 08:01 274585                     /usr/lib/x86_64-linux-gnu/libXtst.so.6.1.0
7f497093a000-7f4970b39000 ---p 00005000 08:01 274585                     /usr/lib/x86_64-linux-gnu/libXtst.so.6.1.0
7f4970b39000-7f4970b3a000 r--p 00004000 08:01 274585                     /usr/lib/x86_64-linux-gnu/libXtst.so.6.1.0
7f4970b3a000-7f4970b3b000 rw-p 00005000 08:01 274585                     /usr/lib/x86_64-linux-gnu/libXtst.so.6.1.0
7f4970b3b000-7f4970b44000 r-xp 00000000 08:01 273672                     /usr/lib/x86_64-linux-gnu/libXrender.so.1.3.0
7f4970b44000-7f4970d43000 ---p 00009000 08:01 273672                     /usr/lib/x86_64-linux-gnu/libXrender.so.1.3.0
7f4970d43000-7f4970d44000 r--p 00008000 08:01 273672                     /usr/lib/x86_64-linux-gnu/libXrender.so.1.3.0
7f4970d44000-7f4970d45000 rw-p 00009000 08:01 273672                     /usr/lib/x86_64-linux-gnu/libXrender.so.1.3.0
7f4970d45000-7f4970e75000 r-xp 00000000 08:01 271880                     /usr/lib/x86_64-linux-gnu/libX11.so.6.3.0
7f4970e75000-7f4971075000 ---p 00130000 08:01 271880                     /usr/lib/x86_64-linux-gnu/libX11.so.6.3.0
7f4971075000-7f4971076000 r--p 00130000 08:01 271880                     /usr/lib/x86_64-linux-gnu/libX11.so.6.3.0
7f4971076000-7f497107a000 rw-p 00131000 08:01 271880                     /usr/lib/x86_64-linux-gnu/libX11.so.6.3.0
7f497107a000-7f497108b000 r-xp 00000000 08:01 271987                     /usr/lib/x86_64-linux-gnu/libXext.so.6.4.0
7f497108b000-7f497128a000 ---p 00011000 08:01 271987                     /usr/lib/x86_64-linux-gnu/libXext.so.6.4.0
7f497128a000-7f497128b000 r--p 00010000 08:01 271987                     /usr/lib/x86_64-linux-gnu/libXext.so.6.4.0
7f497128b000-7f497128c000 rw-p 00011000 08:01 271987                     /usr/lib/x86_64-linux-gnu/libXext.so.6.4.0
7f497128c000-7f49712dc000 r-xp 00000000 08:01 571094                     /usr/lib/jvm/java-7-oracle/jre/lib/amd64/xawt/libmawt.so
7f49712dc000-7f49714dc000 ---p 00050000 08:01 571094                     /usr/lib/jvm/java-7-oracle/jre/lib/amd64/xawt/libmawt.so
7f49714dc000-7f49714e0000 rw-p 00050000 08:01 571094                     /usr/lib/jvm/java-7-oracle/jre/lib/amd64/xawt/libmawt.so
7f49714e0000-7f49714e1000 rw-p 00000000 00:00 0 
7f49714e1000-7f4971583000 r-xp 00000000 08:01 441700                     /usr/lib/jvm/java-7-oracle/jre/lib/amd64/libawt.so
7f4971583000-7f4971783000 ---p 000a2000 08:01 441700                     /usr/lib/jvm/java-7-oracle/jre/lib/amd64/libawt.so
7f4971783000-7f497178f000 rw-p 000a2000 08:01 441700                     /usr/lib/jvm/java-7-oracle/jre/lib/amd64/libawt.so
7f497178f000-7f49717b3000 rw-p 00000000 00:00 0 
7f49717b3000-7f49717b4000 ---p 00000000 00:00 0 
7f49717b4000-7f49718b4000 rw-p 00000000 00:00 0 
7f49718b4000-7f49718b7000 ---p 00000000 00:00 0 
7f49718b7000-7f49719b5000 rw-p 00000000 00:00 0                          [stack:4400]
7f49719b5000-7f49719b8000 ---p 00000000 00:00 0 
7f49719b8000-7f4971ab6000 rw-p 00000000 00:00 0                          [stack:4399]
7f4971ab6000-7f4971ab9000 ---p 00000000 00:00 0 
7f4971ab9000-7f4971bb7000 rw-p 00000000 00:00 0                          [stack:4398]
7f4971bb7000-7f4971bba000 ---p 00000000 00:00 0 
7f4971bba000-7f4971cb8000 rw-p 00000000 00:00 0 
7f4971cb8000-7f4972a3c000 r--p 00000000 08:01 266039                     /usr/lib/locale/locale-archive
7f4972a3c000-7f4972a3f000 ---p 00000000 00:00 0 
7f4972a3f000-7f4972b3d000 rw-p 00000000 00:00 0                          [stack:4396]
7f4972b3d000-7f4972b40000 ---p 00000000 00:00 0 
7f4972b40000-7f4972c3e000 rw-p 00000000 00:00 0                          [stack:4395]
7f4972c3e000-7f4972c3f000 ---p 00000000 00:00 0 
7f4972c3f000-7f4974000000 rw-p 00000000 00:00 0                          [stack:4394]
7f4974000000-7f4974021000 rw-p 00000000 00:00 0 
7f4974021000-7f4978000000 ---p 00000000 00:00 0 
7f4978000000-7f4978001000 r--s 00000000 08:01 269728                     /var/cache/fontconfig/4794a0821666d79190d59a36cb4f44b5-le64.cache-4
7f4978001000-7f4978003000 r--s 00000000 08:01 267118                     /var/cache/fontconfig/4b14b093aebc79c320de5e86ae1d3314-le64.cache-4
7f4978003000-7f497800e000 r--s 00000000 08:01 264512                     /var/cache/fontconfig/e13b20fdb08344e0e664864cc2ede53d-le64.cache-4
7f497800e000-7f497800f000 r--s 00000000 08:01 267163                     /var/cache/fontconfig/c05880de57d1f5e948fdfacc138775d9-le64.cache-4
7f497800f000-7f497801a000 r--s 00000000 08:01 264517                     /var/cache/fontconfig/945677eb7aeaf62f1d50efc3fb3ec7d8-le64.cache-4
7f497801a000-7f497801c000 r--s 00000000 08:01 267161                     /var/cache/fontconfig/99e8ed0e538f840c565b6ed5dad60d56-le64.cache-4
7f497801c000-7f4978025000 r--s 00000000 08:01 267147                     /var/cache/fontconfig/a6d8cf8e4ec09cdbc8633c31745a07dd-le64.cache-4
7f4978025000-7f497802b000 r--s 00000000 08:01 268728                     /var/cache/fontconfig/2cd17615ca594fa2959ae173292e504c-le64.cache-4
7f497802b000-7f4978037000 r--s 00000000 08:01 267134                     /var/cache/fontconfig/6d41288fd70b0be22e8c3a91e032eec0-le64.cache-4
7f4978037000-7f497803a000 r--s 00000000 08:01 267130                     /var/cache/fontconfig/8801497958630a81b71ace7c5f9b32a8-le64.cache-4
7f497803a000-7f4978041000 r--s 00000000 08:01 267122                     /var/cache/fontconfig/3047814df9a2f067bd2d96a2b9c36e5a-le64.cache-4
7f4978041000-7f497804a000 r--s 00000000 08:01 267121                     /var/cache/fontconfig/52f7bdb7ce746bfd7eaa1985bd9cfa93-le64.cache-4
7f497804a000-7f49780e2000 r--s 00c5c000 08:03 2935519                    /home/lyr/HexScape/HexScape.jar
7f49780e2000-7f4978935000 rw-p 00000000 00:00 0 
7f4978935000-7f4978af4000 r--s 039e5000 08:01 441758                     /usr/lib/jvm/java-7-oracle/jre/lib/rt.jar
7f4978af4000-7f4978ce1000 rw-p 00000000 00:00 0 
7f4978ce1000-7f4978ce2000 ---p 00000000 00:00 0 
7f4978ce2000-7f4978de2000 rw-p 00000000 00:00 0                          [stack:4393]
7f4978de2000-7f4978de3000 ---p 00000000 00:00 0 
7f4978de3000-7f4978efa000 rw-p 00000000 00:00 0                          [stack:4392]
7f4978efa000-7f4978f0c000 rw-p 00000000 00:00 0 
7f4978f0c000-7f4978f20000 rw-p 00000000 00:00 0 
7f4978f20000-7f4978fae000 rw-p 00000000 00:00 0 
7f4978fae000-7f4978fce000 rw-p 00000000 00:00 0 
7f4978fce000-7f4978fcf000 ---p 00000000 00:00 0 
7f4978fcf000-7f4978fff000 rw-p 00000000 00:00 0 
7f4978fff000-7f4979000000 rw-p 00000000 00:00 0 
7f4979000000-7f4979270000 rwxp 00000000 00:00 0 
7f4979270000-7f497c3e9000 rw-p 00000000 00:00 0 
7f497c3e9000-7f4980000000 ---p 00000000 00:00 0 
7f4980000000-7f4980001000 r--s 00000000 08:01 269728                     /var/cache/fontconfig/4794a0821666d79190d59a36cb4f44b5-le64.cache-4
7f4980001000-7f4980004000 r--s 00000000 08:01 267119                     /var/cache/fontconfig/e49e89034d371f0f9de17aab02136486-le64.cache-4
7f4980004000-7f4980006000 r--s 00000000 08:01 267118                     /var/cache/fontconfig/4b14b093aebc79c320de5e86ae1d3314-le64.cache-4
7f4980006000-7f4980019000 r--s 00000000 08:01 267116                     /var/cache/fontconfig/d52a8644073d54c13679302ca1180695-le64.cache-4
7f4980019000-7f4980021000 r--s 00000000 08:01 267115                     /var/cache/fontconfig/3f7329c5293ffd510edef78f73874cfd-le64.cache-4
7f4980021000-7f4980047000 r--p 00000000 08:01 663766                     /usr/share/locale-langpack/fr/LC_MESSAGES/libc.mo
7f4980047000-7f498005e000 rw-p 00000000 00:00 0 
7f498005e000-7f4980070000 rw-p 00000000 00:00 0 
7f4980070000-7f4980084000 rw-p 00000000 00:00 0 
7f4980084000-7f4980112000 rw-p 00000000 00:00 0 
7f4980112000-7f498012c000 r-xp 00000000 08:01 441661                     /usr/lib/jvm/java-7-oracle/jre/lib/amd64/libzip.so
7f498012c000-7f498032c000 ---p 0001a000 08:01 441661                     /usr/lib/jvm/java-7-oracle/jre/lib/amd64/libzip.so
7f498032c000-7f498032d000 rw-p 0001a000 08:01 441661                     /usr/lib/jvm/java-7-oracle/jre/lib/amd64/libzip.so
7f498032d000-7f4980339000 r-xp 00000000 08:01 151337                     /lib/x86_64-linux-gnu/libnss_files-2.17.so
7f4980339000-7f4980538000 ---p 0000c000 08:01 151337                     /lib/x86_64-linux-gnu/libnss_files-2.17.so
7f4980538000-7f4980539000 r--p 0000b000 08:01 151337                     /lib/x86_64-linux-gnu/libnss_files-2.17.so
7f4980539000-7f498053a000 rw-p 0000c000 08:01 151337                     /lib/x86_64-linux-gnu/libnss_files-2.17.so
7f498053a000-7f4980545000 r-xp 00000000 08:01 151333                     /lib/x86_64-linux-gnu/libnss_nis-2.17.so
7f4980545000-7f4980744000 ---p 0000b000 08:01 151333                     /lib/x86_64-linux-gnu/libnss_nis-2.17.so
7f4980744000-7f4980745000 r--p 0000a000 08:01 151333                     /lib/x86_64-linux-gnu/libnss_nis-2.17.so
7f4980745000-7f4980746000 rw-p 0000b000 08:01 151333                     /lib/x86_64-linux-gnu/libnss_nis-2.17.so
7f4980746000-7f498075d000 r-xp 00000000 08:01 151045                     /lib/x86_64-linux-gnu/libnsl-2.17.so
7f498075d000-7f498095c000 ---p 00017000 08:01 151045                     /lib/x86_64-linux-gnu/libnsl-2.17.so
7f498095c000-7f498095d000 r--p 00016000 08:01 151045                     /lib/x86_64-linux-gnu/libnsl-2.17.so
7f498095d000-7f498095e000 rw-p 00017000 08:01 151045                     /lib/x86_64-linux-gnu/libnsl-2.17.so
7f498095e000-7f4980960000 rw-p 00000000 00:00 0 
7f4980960000-7f4980968000 r-xp 00000000 08:01 151048                     /lib/x86_64-linux-gnu/libnss_compat-2.17.so
7f4980968000-7f4980b67000 ---p 00008000 08:01 151048                     /lib/x86_64-linux-gnu/libnss_compat-2.17.so
7f4980b67000-7f4980b68000 r--p 00007000 08:01 151048                     /lib/x86_64-linux-gnu/libnss_compat-2.17.so
7f4980b68000-7f4980b69000 rw-p 00008000 08:01 151048                     /lib/x86_64-linux-gnu/libnss_compat-2.17.so
7f4980b69000-7f4980b92000 r-xp 00000000 08:01 441678                     /usr/lib/jvm/java-7-oracle/jre/lib/amd64/libjava.so
7f4980b92000-7f4980d92000 ---p 00029000 08:01 441678                     /usr/lib/jvm/java-7-oracle/jre/lib/amd64/libjava.so
7f4980d92000-7f4980d94000 rw-p 00029000 08:01 441678                     /usr/lib/jvm/java-7-oracle/jre/lib/amd64/libjava.so
7f4980d94000-7f4980da1000 r-xp 00000000 08:01 441712                     /usr/lib/jvm/java-7-oracle/jre/lib/amd64/libverify.so
7f4980da1000-7f4980fa0000 ---p 0000d000 08:01 441712                     /usr/lib/jvm/java-7-oracle/jre/lib/amd64/libverify.so
7f4980fa0000-7f4980fa2000 rw-p 0000c000 08:01 441712                     /usr/lib/jvm/java-7-oracle/jre/lib/amd64/libverify.so
7f4980fa2000-7f4980fa9000 r-xp 00000000 08:01 151344                     /lib/x86_64-linux-gnu/librt-2.17.so
7f4980fa9000-7f49811a8000 ---p 00007000 08:01 151344                     /lib/x86_64-linux-gnu/librt-2.17.so
7f49811a8000-7f49811a9000 r--p 00006000 08:01 151344                     /lib/x86_64-linux-gnu/librt-2.17.so
7f49811a9000-7f49811aa000 rw-p 00007000 08:01 151344                     /lib/x86_64-linux-gnu/librt-2.17.so
7f49811aa000-7f49812ad000 r-xp 00000000 08:01 151051                     /lib/x86_64-linux-gnu/libm-2.17.so
7f49812ad000-7f49814ac000 ---p 00103000 08:01 151051                     /lib/x86_64-linux-gnu/libm-2.17.so
7f49814ac000-7f49814ad000 r--p 00102000 08:01 151051                     /lib/x86_64-linux-gnu/libm-2.17.so
7f49814ad000-7f49814ae000 rw-p 00103000 08:01 151051                     /lib/x86_64-linux-gnu/libm-2.17.so
7f49814ae000-7f498201e000 r-xp 00000000 08:01 571098                     /usr/lib/jvm/java-7-oracle/jre/lib/amd64/server/libjvm.so
7f498201e000-7f498221d000 ---p 00b70000 08:01 571098                     /usr/lib/jvm/java-7-oracle/jre/lib/amd64/server/libjvm.so
7f498221d000-7f49822e2000 rw-p 00b6f000 08:01 571098                     /usr/lib/jvm/java-7-oracle/jre/lib/amd64/server/libjvm.so
7f49822e2000-7f4982322000 rw-p 00000000 00:00 0 
7f4982322000-7f49824df000 r-xp 00000000 08:01 152531                     /lib/x86_64-linux-gnu/libc-2.17.so
7f49824df000-7f49826df000 ---p 001bd000 08:01 152531                     /lib/x86_64-linux-gnu/libc-2.17.so
7f49826df000-7f49826e3000 r--p 001bd000 08:01 152531                     /lib/x86_64-linux-gnu/libc-2.17.so
7f49826e3000-7f49826e5000 rw-p 001c1000 08:01 152531                     /lib/x86_64-linux-gnu/libc-2.17.so
7f49826e5000-7f49826ea000 rw-p 00000000 00:00 0 
7f49826ea000-7f49826ed000 r-xp 00000000 08:01 152532                     /lib/x86_64-linux-gnu/libdl-2.17.so
7f49826ed000-7f49828ec000 ---p 00003000 08:01 152532                     /lib/x86_64-linux-gnu/libdl-2.17.so
7f49828ec000-7f49828ed000 r--p 00002000 08:01 152532                     /lib/x86_64-linux-gnu/libdl-2.17.so
7f49828ed000-7f49828ee000 rw-p 00003000 08:01 152532                     /lib/x86_64-linux-gnu/libdl-2.17.so
7f49828ee000-7f4982904000 r-xp 00000000 08:01 441665                     /usr/lib/jvm/java-7-oracle/jre/lib/amd64/jli/libjli.so
7f4982904000-7f4982b04000 ---p 00016000 08:01 441665                     /usr/lib/jvm/java-7-oracle/jre/lib/amd64/jli/libjli.so
7f4982b04000-7f4982b05000 rw-p 00016000 08:01 441665                     /usr/lib/jvm/java-7-oracle/jre/lib/amd64/jli/libjli.so
7f4982b05000-7f4982b1c000 r-xp 00000000 08:01 152533                     /lib/x86_64-linux-gnu/libpthread-2.17.so
7f4982b1c000-7f4982d1c000 ---p 00017000 08:01 152533                     /lib/x86_64-linux-gnu/libpthread-2.17.so
7f4982d1c000-7f4982d1d000 r--p 00017000 08:01 152533                     /lib/x86_64-linux-gnu/libpthread-2.17.so
7f4982d1d000-7f4982d1e000 rw-p 00018000 08:01 152533                     /lib/x86_64-linux-gnu/libpthread-2.17.so
7f4982d1e000-7f4982d22000 rw-p 00000000 00:00 0 
7f4982d22000-7f4982d45000 r-xp 00000000 08:01 151054                     /lib/x86_64-linux-gnu/ld-2.17.so
7f4982d45000-7f4982d51000 r--s 00000000 08:01 264514                     /var/cache/fontconfig/d589a48862398ed80a3d6066f4f56f4c-le64.cache-4
7f4982d51000-7f4982d5c000 r--s 00000000 08:01 264512                     /var/cache/fontconfig/e13b20fdb08344e0e664864cc2ede53d-le64.cache-4
7f4982d5c000-7f4982d66000 rw-p 00000000 00:00 0 
7f4982d66000-7f4982e1c000 rw-p 00000000 00:00 0 
7f4982e1c000-7f4982e1f000 ---p 00000000 00:00 0 
7f4982e1f000-7f4982f21000 rw-p 00000000 00:00 0                          [stack:4391]
7f4982f21000-7f4982f25000 r--s 000f7000 08:01 837297                     /usr/lib/jvm/java-7-oracle/jre/lib/ext/localedata.jar
7f4982f25000-7f4982f2c000 r--s 00000000 08:01 413761                     /usr/lib/x86_64-linux-gnu/gconv/gconv-modules.cache
7f4982f2c000-7f4982f38000 rw-p 00000000 00:00 0 
7f4982f38000-7f4982f40000 rw-s 00000000 08:01 59                         /tmp/hsperfdata_lyr/4390 (deleted)
7f4982f40000-7f4982f41000 rw-p 00000000 00:00 0 
7f4982f41000-7f4982f42000 ---p 00000000 00:00 0 
7f4982f42000-7f4982f44000 rw-p 00000000 00:00 0 
7f4982f44000-7f4982f45000 r--p 00022000 08:01 151054                     /lib/x86_64-linux-gnu/ld-2.17.so
7f4982f45000-7f4982f47000 rw-p 00023000 08:01 151054                     /lib/x86_64-linux-gnu/ld-2.17.so
7fff8631f000-7fff86340000 rw-p 00000000 00:00 0                          [stack]
7fff863fe000-7fff86400000 r-xp 00000000 00:00 0                          [vdso]
ffffffffff600000-ffffffffff601000 r-xp 00000000 00:00 0                  [vsyscall]

VM Arguments:
java_command: /home/lyr/HexScape/HexScape.jar
Launcher Type: SUN_STANDARD

Environment Variables:
PATH=/usr/games:/usr/lib/lightdm/lightdm:/usr/local/sbin:/usr/local/bin:/usr/sbin:/usr/bin:/sbin:/bin:/usr/games:/usr/local/games
SHELL=/bin/bash
DISPLAY=:0

Signal Handlers:
SIGSEGV: [libjvm.so+0x99f4a0], sa_mask[0]=0x7ffbfeff, sa_flags=0x10000004
SIGBUS: [libjvm.so+0x99f4a0], sa_mask[0]=0x7ffbfeff, sa_flags=0x10000004
SIGFPE: [libjvm.so+0x81a860], sa_mask[0]=0x7ffbfeff, sa_flags=0x10000004
SIGPIPE: [libjvm.so+0x81a860], sa_mask[0]=0x7ffbfeff, sa_flags=0x10000004
SIGXFSZ: [libjvm.so+0x81a860], sa_mask[0]=0x7ffbfeff, sa_flags=0x10000004
SIGILL: [libjvm.so+0x81a860], sa_mask[0]=0x7ffbfeff, sa_flags=0x10000004
SIGUSR1: SIG_DFL, sa_mask[0]=0x00000000, sa_flags=0x00000000
SIGUSR2: [libjvm.so+0x81c060], sa_mask[0]=0x00000000, sa_flags=0x10000004
SIGHUP: [libjvm.so+0x81d160], sa_mask[0]=0x7ffbfeff, sa_flags=0x10000004
SIGINT: [libjvm.so+0x81d160], sa_mask[0]=0x7ffbfeff, sa_flags=0x10000004
SIGTERM: [libjvm.so+0x81d160], sa_mask[0]=0x7ffbfeff, sa_flags=0x10000004
SIGQUIT: [libjvm.so+0x81d160], sa_mask[0]=0x7ffbfeff, sa_flags=0x10000004


---------------  S Y S T E M  ---------------

OS:wheezy/sid

uname:Linux 3.11.0-26-generic #45-Ubuntu SMP Tue Jul 15 04:02:06 UTC 2014 x86_64
libc:glibc 2.17 NPTL 2.17 
rlimit: STACK 8192k, CORE 0k, NPROC 15281, NOFILE 4096, AS infinity
load average:2,73 1,33 0,83

/proc/meminfo:
MemTotal:        1983628 kB
MemFree:          148120 kB
Buffers:           39576 kB
Cached:           458336 kB
SwapCached:          316 kB
Active:          1018340 kB
Inactive:         569892 kB
Active(anon):     802356 kB
Inactive(anon):   318128 kB
Active(file):     215984 kB
Inactive(file):   251764 kB
Unevictable:          32 kB
Mlocked:              32 kB
SwapTotal:       3020348 kB
SwapFree:        3014452 kB
Dirty:              1948 kB
Writeback:             0 kB
AnonPages:       1090176 kB
Mapped:           142988 kB
Shmem:             30088 kB
Slab:             131648 kB
SReclaimable:     109876 kB
SUnreclaim:        21772 kB
KernelStack:        2392 kB
PageTables:        19124 kB
NFS_Unstable:          0 kB
Bounce:                0 kB
WritebackTmp:          0 kB
CommitLimit:     4012160 kB
Committed_AS:    2627640 kB
VmallocTotal:   34359738367 kB
VmallocUsed:      137112 kB
VmallocChunk:   34359590244 kB
HardwareCorrupted:     0 kB
AnonHugePages:         0 kB
HugePages_Total:       0
HugePages_Free:        0
HugePages_Rsvd:        0
HugePages_Surp:        0
Hugepagesize:       2048 kB
DirectMap4k:      222016 kB
DirectMap2M:     1808384 kB


CPU:total 2 (2 cores per cpu, 1 threads per core) family 15 model 67 stepping 2, cmov, cx8, fxsr, mmx, sse, sse2, sse3, mmxext, 3dnowpref, tsc

/proc/cpuinfo:
processor	: 0
vendor_id	: AuthenticAMD
cpu family	: 15
model		: 67
model name	: AMD Athlon(tm) 64 X2 Dual Core Processor 3800+
stepping	: 2
microcode	: 0x62
cpu MHz		: 2000.000
cache size	: 512 KB
physical id	: 0
siblings	: 2
core id		: 0
cpu cores	: 2
apicid		: 0
initial apicid	: 0
fpu		: yes
fpu_exception	: yes
cpuid level	: 1
wp		: yes
flags		: fpu vme de pse tsc msr pae mce cx8 apic sep mtrr pge mca cmov pat pse36 clflush mmx fxsr sse sse2 ht syscall nx mmxext fxsr_opt rdtscp lm 3dnowext 3dnow rep_good nopl extd_apicid pni cx16 lahf_lm cmp_legacy svm extapic cr8_legacy
bogomips	: 4008.48
TLB size	: 1024 4K pages
clflush size	: 64
cache_alignment	: 64
address sizes	: 40 bits physical, 48 bits virtual
power management: ts fid vid ttp tm stc

processor	: 1
vendor_id	: AuthenticAMD
cpu family	: 15
model		: 67
model name	: AMD Athlon(tm) 64 X2 Dual Core Processor 3800+
stepping	: 2
microcode	: 0x62
cpu MHz		: 2000.000
cache size	: 512 KB
physical id	: 0
siblings	: 2
core id		: 1
cpu cores	: 2
apicid		: 1
initial apicid	: 1
fpu		: yes
fpu_exception	: yes
cpuid level	: 1
wp		: yes
flags		: fpu vme de pse tsc msr pae mce cx8 apic sep mtrr pge mca cmov pat pse36 clflush mmx fxsr sse sse2 ht syscall nx mmxext fxsr_opt rdtscp lm 3dnowext 3dnow rep_good nopl extd_apicid pni cx16 lahf_lm cmp_legacy svm extapic cr8_legacy
bogomips	: 4008.48
TLB size	: 1024 4K pages
clflush size	: 64
cache_alignment	: 64
address sizes	: 40 bits physical, 48 bits virtual
power management: ts fid vid ttp tm stc



Memory: 4k page, physical 1983628k(148120k free), swap 3020348k(3014452k free)

vm_info: Java HotSpot(TM) 64-Bit Server VM (24.65-b04) for linux-amd64 JRE (1.7.0_65-b17), built on Jun 16 2014 20:55:34 by "java_re" with gcc 4.3.0 20080428 (Red Hat 4.3.0-8)

time: Fri Jan 23 19:21:21 2015
elapsed time: 107 seconds

