#
# A fatal error has been detected by the Java Runtime Environment:
#
#  SIGSEGV (0xb) at pc=0x0000000000000000, pid=4341, tid=140083256702720
#
# JRE version: Java(TM) SE Runtime Environment (7.0_65-b17) (build 1.7.0_65-b17)
# Java VM: Java HotSpot(TM) 64-Bit Server VM (24.65-b04 mixed mode linux-amd64 compressed oops)
# Problematic frame:
# C  0x0000000000000000
#
# Failed to write core dump. Core dumps have been disabled. To enable core dumping, try "ulimit -c unlimited" before starting Java again
#
# If you would like to submit a bug report, please visit:
#   http://bugreport.sun.com/bugreport/crash.jsp
#

---------------  T H R E A D  ---------------

Current thread is native thread

siginfo:si_signo=SIGSEGV: si_errno=0, si_code=1 (SEGV_MAPERR), si_addr=0x0000000000000000

Registers:
RAX=0x00007f67ad0b47c0, RBX=0x0000000000000800, RCX=0x0000000000000000, RDX=0x0000000000000000
RSP=0x00007f67acc12ca8, RBP=0x00007f679c0191f0, RSI=0x0000000000000000, RDI=0x00007f679c0191f0
R8 =0x0000000000000000, R9 =0x0000000000002000, R10=0x0000000000000000, R11=0x00007f67e2499d9c
R12=0x00007f679c01d380, R13=0x0000000000012000, R14=0x0000000000002000, R15=0x00007f67acc12e58
RIP=0x0000000000000000, EFLAGS=0x0000000000010246, CSGSFS=0x0000000000000033, ERR=0x0000000000000014
  TRAPNO=0x000000000000000e

Top of Stack: (sp=0x00007f67acc12ca8)
0x00007f67acc12ca8:   00007f67ace7d4d1 00007f67e2be7af0
0x00007f67acc12cb8:   00007f67a4005de0 00007f67bb800000
0x00007f67acc12cc8:   00007f67e2bf3c49 0000000000000000
0x00007f67acc12cd8:   00007f67999d1fa2 00007f679c0120d0
0x00007f67acc12ce8:   0000000000000000 0000000000000000
0x00007f67acc12cf8:   0000000000000000 00007f679c018120
0x00007f67acc12d08:   00007f679c014d00 0000000000004000
0x00007f67acc12d18:   00007f67999d9cba 00007f679c012500
0x00007f67acc12d28:   00007f679c018a70 0000000000000000
0x00007f67acc12d38:   5700000000000001 0000000000004000
0x00007f67acc12d48:   00007f67999db7cb 0000000000000000
0x00007f67acc12d58:   0000000000000000 0000000000000000
0x00007f67acc12d68:   0000000000000000 0000000000000000
0x00007f67acc12d78:   0000000000004000 00007f679c014d00
0x00007f67acc12d88:   00007f67acc12e58 00007f67acc12e50
0x00007f67acc12d98:   00007f679c01d380 00007f67999f4c60
0x00007f67acc12da8:   00007f67acc38be2 00007f678f8ee040
0x00007f67acc12db8:   00007f678f82e040 00000800e2dfd2e0
0x00007f67acc12dc8:   00007f67acc12de0 0000000000000000
0x00007f67acc12dd8:   00007f67acc3deb2 00001fa00000037f
0x00007f67acc12de8:   00007f67999bf9ff 00007f679c018120
0x00007f67acc12df8:   0000000000004000 00007f679c0147d0
0x00007f67acc12e08:   0000000000000000 00007f679c0191f0
0x00007f67acc12e18:   0000000000000008 00007f67acc12e58
0x00007f67acc12e28:   00007f67ace93544 0000000000000000
0x00007f67acc12e38:   00007f67acc12e50 0000000000002000
0x00007f67acc12e48:   0000000000006000 00007f678f82e040
0x00007f67acc12e58:   0000000000004000 0000000000000000
0x00007f67acc12e68:   00007f679c018ad0 0000000000000000
0x00007f67acc12e78:   0000000000000000 00007f67e3025060
0x00007f67acc12e88:   00007f67ad1b5240 0000000000001000
0x00007f67acc12e98:   00007f67ace8673a 0000000000000000 

Instructions: (pc=0x0000000000000000)
0xffffffffffffffe0:   

Register to memory mapping:

RAX=0x00007f67ad0b47c0: <offset 0x2577c0> in /home/lyr/git/HexScape/client_installer/libopenal64.so at 0x00007f67ace5d000
RBX=0x0000000000000800 is an unknown value
RCX=0x0000000000000000 is an unknown value
RDX=0x0000000000000000 is an unknown value
RSP=0x00007f67acc12ca8 is an unknown value
RBP=0x00007f679c0191f0 is an unknown value
RSI=0x0000000000000000 is an unknown value
RDI=0x00007f679c0191f0 is an unknown value
R8 =0x0000000000000000 is an unknown value
R9 =0x0000000000002000 is an unknown value
R10=0x0000000000000000 is an unknown value
R11=0x00007f67e2499d9c: <offset 0x97d9c> in /lib/x86_64-linux-gnu/libc.so.6 at 0x00007f67e2402000
R12=0x00007f679c01d380 is an unknown value
R13=0x0000000000012000 is an unknown value
R14=0x0000000000002000 is an unknown value
R15=0x00007f67acc12e58 is an unknown value


Stack: [0x00007f67acb13000,0x00007f67acc14000],  sp=0x00007f67acc12ca8,  free space=1023k

---------------  P R O C E S S  ---------------

VM state:at safepoint (shutting down)

VM Mutex/Monitor currently owned by a thread:  ([mutex/lock_event])
[0x00007f67dc005ee0] Threads_lock - owner thread: 0x00007f67dc0ec000

Heap
 PSYoungGen      total 58368K, used 9500K [0x00000000f5e00000, 0x00000000fa880000, 0x0000000100000000)
  eden space 44544K, 14% used [0x00000000f5e00000,0x00000000f64624f0,0x00000000f8980000)
  from space 13824K, 21% used [0x00000000f9b00000,0x00000000f9de4e38,0x00000000fa880000)
  to   space 15872K, 0% used [0x00000000f8980000,0x00000000f8980000,0x00000000f9900000)
 ParOldGen       total 44032K, used 21624K [0x00000000e1a00000, 0x00000000e4500000, 0x00000000f5e00000)
  object space 44032K, 49% used [0x00000000e1a00000,0x00000000e2f1e3c0,0x00000000e4500000)
 PSPermGen       total 46080K, used 26343K [0x00000000dc800000, 0x00000000df500000, 0x00000000e1a00000)
  object space 46080K, 57% used [0x00000000dc800000,0x00000000de1b9ef8,0x00000000df500000)

Card table byte_map: [0x00007f67e00d5000,0x00007f67e01f2000] byte_map_base: 0x00007f67df9f1000

Polling page: 0x00007f67e3021000

Code Cache  [0x00007f67d9000000, 0x00007f67d9270000, 0x00007f67dc000000)
 total_blobs=1124 nmethods=444 adapters=634 free_code_cache=47622Kb largest_free_block=48708480

Compilation events (10 events):
Event: 98,697 Thread 0x00007f67dc11e800  448             com.jme3.renderer.Camera::getProjectionMatrix (17 bytes)
Event: 98,698 Thread 0x00007f67dc11e800 nmethod 448 0x00007f67d9179850 code [0x00007f67d9179980, 0x00007f67d91799d8]
Event: 98,779 Thread 0x00007f67dc11c000  449             java.util.logging.Level::intValue (5 bytes)
Event: 98,780 Thread 0x00007f67dc11c000 nmethod 449 0x00007f67d9175810 code [0x00007f67d9175940, 0x00007f67d9175998]
Event: 100,126 Thread 0x00007f67dc11c000  450             java.util.Arrays::fill (28 bytes)
Event: 100,128 Thread 0x00007f67dc11c000 nmethod 450 0x00007f67d9160950 code [0x00007f67d9160aa0, 0x00007f67d9160bb8]
Event: 100,484 Thread 0x00007f67dc11c000  451             sun.misc.URLClassPath::getResource (74 bytes)
Event: 100,637 Thread 0x00007f67dc11e800  452             java.util.concurrent.ConcurrentHashMap$Segment::rehash (262 bytes)
Event: 100,656 Thread 0x00007f67dc11e800 nmethod 452 0x00007f67d9176610 code [0x00007f67d91767a0, 0x00007f67d9176ce8]
Event: 100,698 Thread 0x00007f67dc11c000 nmethod 451 0x00007f67d9187dd0 code [0x00007f67d9188160, 0x00007f67d918a758]

GC Heap History (10 events):
Event: 4,390 GC heap before
{Heap before GC invocations=3 (full 0):
 PSYoungGen      total 18432K, used 13546K [0x00000000f5e00000, 0x00000000f7100000, 0x0000000100000000)
  eden space 17408K, 71% used [0x00000000f5e00000,0x00000000f6a3aae8,0x00000000f6f00000)
  from space 1024K, 100% used [0x00000000f7000000,0x00000000f7100000,0x00000000f7100000)
  to   space 1024K, 0% used [0x00000000f6f00000,0x00000000f6f00000,0x00000000f7000000)
 ParOldGen       total 20480K, used 4343K [0x00000000e1a00000, 0x00000000e2e00000, 0x00000000f5e00000)
  object space 20480K, 21% used [0x00000000e1a00000,0x00000000e1e3df78,0x00000000e2e00000)
 PSPermGen       total 21504K, used 19978K [0x00000000dc800000, 0x00000000ddd00000, 0x00000000e1a00000)
  object space 21504K, 92% used [0x00000000dc800000,0x00000000ddb82b60,0x00000000ddd00000)
Event: 4,406 GC heap after
Heap after GC invocations=3 (full 0):
 PSYoungGen      total 18432K, used 1008K [0x00000000f5e00000, 0x00000000f8200000, 0x0000000100000000)
  eden space 17408K, 0% used [0x00000000f5e00000,0x00000000f5e00000,0x00000000f6f00000)
  from space 1024K, 98% used [0x00000000f6f00000,0x00000000f6ffc010,0x00000000f7000000)
  to   space 1024K, 0% used [0x00000000f8100000,0x00000000f8100000,0x00000000f8200000)
 ParOldGen       total 20480K, used 6050K [0x00000000e1a00000, 0x00000000e2e00000, 0x00000000f5e00000)
  object space 20480K, 29% used [0x00000000e1a00000,0x00000000e1fe8a68,0x00000000e2e00000)
 PSPermGen       total 21504K, used 19978K [0x00000000dc800000, 0x00000000ddd00000, 0x00000000e1a00000)
  object space 21504K, 92% used [0x00000000dc800000,0x00000000ddb82b60,0x00000000ddd00000)
}
Event: 5,724 GC heap before
{Heap before GC invocations=4 (full 0):
 PSYoungGen      total 18432K, used 17853K [0x00000000f5e00000, 0x00000000f8200000, 0x0000000100000000)
  eden space 17408K, 96% used [0x00000000f5e00000,0x00000000f6e73510,0x00000000f6f00000)
  from space 1024K, 98% used [0x00000000f6f00000,0x00000000f6ffc010,0x00000000f7000000)
  to   space 1024K, 0% used [0x00000000f8100000,0x00000000f8100000,0x00000000f8200000)
 ParOldGen       total 20480K, used 6050K [0x00000000e1a00000, 0x00000000e2e00000, 0x00000000f5e00000)
  object space 20480K, 29% used [0x00000000e1a00000,0x00000000e1fe8a68,0x00000000e2e00000)
 PSPermGen       total 23040K, used 22916K [0x00000000dc800000, 0x00000000dde80000, 0x00000000e1a00000)
  object space 23040K, 99% used [0x00000000dc800000,0x00000000dde611c0,0x00000000dde80000)
Event: 5,756 GC heap after
Heap after GC invocations=4 (full 0):
 PSYoungGen      total 35840K, used 1024K [0x00000000f5e00000, 0x00000000f8200000, 0x0000000100000000)
  eden space 34816K, 0% used [0x00000000f5e00000,0x00000000f5e00000,0x00000000f8000000)
  from space 1024K, 100% used [0x00000000f8100000,0x00000000f8200000,0x00000000f8200000)
  to   space 1024K, 0% used [0x00000000f8000000,0x00000000f8000000,0x00000000f8100000)
 ParOldGen       total 28672K, used 23796K [0x00000000e1a00000, 0x00000000e3600000, 0x00000000f5e00000)
  object space 28672K, 82% used [0x00000000e1a00000,0x00000000e313d0a8,0x00000000e3600000)
 PSPermGen       total 23040K, used 22916K [0x00000000dc800000, 0x00000000dde80000, 0x00000000e1a00000)
  object space 23040K, 99% used [0x00000000dc800000,0x00000000dde611c0,0x00000000dde80000)
}
Event: 5,756 GC heap before
{Heap before GC invocations=5 (full 1):
 PSYoungGen      total 35840K, used 1024K [0x00000000f5e00000, 0x00000000f8200000, 0x0000000100000000)
  eden space 34816K, 0% used [0x00000000f5e00000,0x00000000f5e00000,0x00000000f8000000)
  from space 1024K, 100% used [0x00000000f8100000,0x00000000f8200000,0x00000000f8200000)
  to   space 1024K, 0% used [0x00000000f8000000,0x00000000f8000000,0x00000000f8100000)
 ParOldGen       total 28672K, used 23796K [0x00000000e1a00000, 0x00000000e3600000, 0x00000000f5e00000)
  object space 28672K, 82% used [0x00000000e1a00000,0x00000000e313d0a8,0x00000000e3600000)
 PSPermGen       total 23040K, used 22916K [0x00000000dc800000, 0x00000000dde80000, 0x00000000e1a00000)
  object space 23040K, 99% used [0x00000000dc800000,0x00000000dde611c0,0x00000000dde80000)
Event: 5,944 GC heap after
Heap after GC invocations=5 (full 1):
 PSYoungGen      total 35840K, used 0K [0x00000000f5e00000, 0x00000000f8200000, 0x0000000100000000)
  eden space 34816K, 0% used [0x00000000f5e00000,0x00000000f5e00000,0x00000000f8000000)
  from space 1024K, 0% used [0x00000000f8100000,0x00000000f8100000,0x00000000f8200000)
  to   space 1024K, 0% used [0x00000000f8000000,0x00000000f8000000,0x00000000f8100000)
 ParOldGen       total 44032K, used 13764K [0x00000000e1a00000, 0x00000000e4500000, 0x00000000f5e00000)
  object space 44032K, 31% used [0x00000000e1a00000,0x00000000e2771330,0x00000000e4500000)
 PSPermGen       total 46080K, used 22910K [0x00000000dc800000, 0x00000000df500000, 0x00000000e1a00000)
  object space 46080K, 49% used [0x00000000dc800000,0x00000000dde5f8c8,0x00000000df500000)
}
Event: 6,846 GC heap before
{Heap before GC invocations=6 (full 1):
 PSYoungGen      total 35840K, used 34816K [0x00000000f5e00000, 0x00000000f8200000, 0x0000000100000000)
  eden space 34816K, 100% used [0x00000000f5e00000,0x00000000f8000000,0x00000000f8000000)
  from space 1024K, 0% used [0x00000000f8100000,0x00000000f8100000,0x00000000f8200000)
  to   space 1024K, 0% used [0x00000000f8000000,0x00000000f8000000,0x00000000f8100000)
 ParOldGen       total 44032K, used 13764K [0x00000000e1a00000, 0x00000000e4500000, 0x00000000f5e00000)
  object space 44032K, 31% used [0x00000000e1a00000,0x00000000e2771330,0x00000000e4500000)
 PSPermGen       total 46080K, used 23049K [0x00000000dc800000, 0x00000000df500000, 0x00000000e1a00000)
  object space 46080K, 50% used [0x00000000dc800000,0x00000000dde826c0,0x00000000df500000)
Event: 6,857 GC heap after
Heap after GC invocations=6 (full 1):
 PSYoungGen      total 35840K, used 1012K [0x00000000f5e00000, 0x00000000faa80000, 0x0000000100000000)
  eden space 34816K, 0% used [0x00000000f5e00000,0x00000000f5e00000,0x00000000f8000000)
  from space 1024K, 98% used [0x00000000f8000000,0x00000000f80fd150,0x00000000f8100000)
  to   space 15872K, 0% used [0x00000000f9b00000,0x00000000f9b00000,0x00000000faa80000)
 ParOldGen       total 44032K, used 21624K [0x00000000e1a00000, 0x00000000e4500000, 0x00000000f5e00000)
  object space 44032K, 49% used [0x00000000e1a00000,0x00000000e2f1e3c0,0x00000000e4500000)
 PSPermGen       total 46080K, used 23049K [0x00000000dc800000, 0x00000000df500000, 0x00000000e1a00000)
  object space 46080K, 50% used [0x00000000dc800000,0x00000000dde826c0,0x00000000df500000)
}
Event: 99,797 GC heap before
{Heap before GC invocations=7 (full 1):
 PSYoungGen      total 35840K, used 35828K [0x00000000f5e00000, 0x00000000faa80000, 0x0000000100000000)
  eden space 34816K, 100% used [0x00000000f5e00000,0x00000000f8000000,0x00000000f8000000)
  from space 1024K, 98% used [0x00000000f8000000,0x00000000f80fd150,0x00000000f8100000)
  to   space 15872K, 0% used [0x00000000f9b00000,0x00000000f9b00000,0x00000000faa80000)
 ParOldGen       total 44032K, used 21624K [0x00000000e1a00000, 0x00000000e4500000, 0x00000000f5e00000)
  object space 44032K, 49% used [0x00000000e1a00000,0x00000000e2f1e3c0,0x00000000e4500000)
 PSPermGen       total 46080K, used 24065K [0x00000000dc800000, 0x00000000df500000, 0x00000000e1a00000)
  object space 46080K, 52% used [0x00000000dc800000,0x00000000ddf80468,0x00000000df500000)
Event: 99,814 GC heap after
Heap after GC invocations=7 (full 1):
 PSYoungGen      total 58368K, used 2963K [0x00000000f5e00000, 0x00000000fa880000, 0x0000000100000000)
  eden space 44544K, 0% used [0x00000000f5e00000,0x00000000f5e00000,0x00000000f8980000)
  from space 13824K, 21% used [0x00000000f9b00000,0x00000000f9de4e38,0x00000000fa880000)
  to   space 15872K, 0% used [0x00000000f8980000,0x00000000f8980000,0x00000000f9900000)
 ParOldGen       total 44032K, used 21624K [0x00000000e1a00000, 0x00000000e4500000, 0x00000000f5e00000)
  object space 44032K, 49% used [0x00000000e1a00000,0x00000000e2f1e3c0,0x00000000e4500000)
 PSPermGen       total 46080K, used 24065K [0x00000000dc800000, 0x00000000df500000, 0x00000000e1a00000)
  object space 46080K, 52% used [0x00000000dc800000,0x00000000ddf80468,0x00000000df500000)
}

Deoptimization events (10 events):
Event: 38,086 Thread 0x00007f679414e800 Uncommon trap: reason=array_check action=maybe_recompile pc=0x00007f67d9143ba0 method=com.jme3.util.SortUtil.merge([Ljava/lang/Object;[Ljava/lang/Object;IIILjava/util/Comparator;)V @ 94
Event: 38,087 Thread 0x00007f679414e800 Uncommon trap: reason=array_check action=maybe_recompile pc=0x00007f67d9143ba0 method=com.jme3.util.SortUtil.merge([Ljava/lang/Object;[Ljava/lang/Object;IIILjava/util/Comparator;)V @ 94
Event: 99,724 Thread 0x00007f679441d800 Uncommon trap: reason=unreached action=reinterpret pc=0x00007f67d90e6254 method=java.util.Arrays.copyOf([Ljava/lang/Object;ILjava/lang/Class;)[Ljava/lang/Object; @ 4
Event: 99,729 Thread 0x00007f679441f800 Uncommon trap: reason=unreached action=reinterpret pc=0x00007f67d91133f4 method=java.lang.ThreadLocal.get()Ljava/lang/Object; @ 11
Event: 99,735 Thread 0x00007f679441f800 Uncommon trap: reason=unreached action=reinterpret pc=0x00007f67d910b4f0 method=java.lang.ThreadLocal$ThreadLocalMap.getEntry(Ljava/lang/ThreadLocal;)Ljava/lang/ThreadLocal$ThreadLocalMap$Entry; @ 21
Event: 99,875 Thread 0x00007f679441f800 Uncommon trap: reason=unreached action=reinterpret pc=0x00007f67d910af74 method=java.lang.ThreadLocal$ThreadLocalMap.getEntry(Ljava/lang/ThreadLocal;)Ljava/lang/ThreadLocal$ThreadLocalMap$Entry; @ 21
Event: 100,510 Thread 0x00007f679441f800 Uncommon trap: reason=bimorphic action=maybe_recompile pc=0x00007f67d90dae38 method=java.util.regex.Pattern$Curly.match(Ljava/util/regex/Matcher;ILjava/lang/CharSequence;)Z @ 19
Event: 100,510 Thread 0x00007f679441f800 Uncommon trap: reason=bimorphic action=maybe_recompile pc=0x00007f67d90dff6c method=java.util.regex.Pattern$CharProperty.match(Ljava/util/regex/Matcher;ILjava/lang/CharSequence;)Z @ 18
Event: 100,511 Thread 0x00007f679441f800 Uncommon trap: reason=bimorphic action=maybe_recompile pc=0x00007f67d90dff6c method=java.util.regex.Pattern$CharProperty.match(Ljava/util/regex/Matcher;ILjava/lang/CharSequence;)Z @ 18
Event: 100,700 Thread 0x00007f679441f800 Uncommon trap: reason=null_check action=make_not_entrant pc=0x00007f67d9189e6c method=java.util.jar.JarFile.getJarEntry(Ljava/lang/String;)Ljava/util/jar/JarEntry; @ 5

Internal exceptions (10 events):
Event: 100,708 Thread 0x00007f679441f800 Threw 0x00000000f639a6b8 at /HUDSON/workspace/7u-2-build-linux-amd64/jdk7u65/1224/hotspot/src/share/vm/prims/jvm.cpp:1244
Event: 100,711 Thread 0x00007f679441f800 Threw 0x00000000f63a0778 at /HUDSON/workspace/7u-2-build-linux-amd64/jdk7u65/1224/hotspot/src/share/vm/prims/jvm.cpp:1244
Event: 100,713 Thread 0x00007f679441f800 Threw 0x00000000f63a6478 at /HUDSON/workspace/7u-2-build-linux-amd64/jdk7u65/1224/hotspot/src/share/vm/prims/jvm.cpp:1244
Event: 100,716 Thread 0x00007f679441f800 Threw 0x00000000f63a8fb0 at /HUDSON/workspace/7u-2-build-linux-amd64/jdk7u65/1224/hotspot/src/share/vm/prims/jvm.cpp:1244
Event: 100,742 Thread 0x00007f679441f800 Threw 0x00000000f643dd80 at /HUDSON/workspace/7u-2-build-linux-amd64/jdk7u65/1224/hotspot/src/share/vm/prims/jvm.cpp:1244
Event: 100,743 Thread 0x00007f679441f800 Threw 0x00000000f64411d8 at /HUDSON/workspace/7u-2-build-linux-amd64/jdk7u65/1224/hotspot/src/share/vm/prims/jvm.cpp:1244
Event: 100,744 Thread 0x00007f679441f800 Threw 0x00000000f6445860 at /HUDSON/workspace/7u-2-build-linux-amd64/jdk7u65/1224/hotspot/src/share/vm/prims/jvm.cpp:1244
Event: 100,746 Thread 0x00007f679441f800 Threw 0x00000000f644a6a0 at /HUDSON/workspace/7u-2-build-linux-amd64/jdk7u65/1224/hotspot/src/share/vm/runtime/reflection.cpp:1030
Event: 100,746 Thread 0x00007f679441f800 Threw 0x00000000f644ad00 at /HUDSON/workspace/7u-2-build-linux-amd64/jdk7u65/1224/hotspot/src/share/vm/prims/jvm.cpp:1244
Event: 100,748 Thread 0x00007f679441f800 Threw 0x00000000f644ea38 at /HUDSON/workspace/7u-2-build-linux-amd64/jdk7u65/1224/hotspot/src/share/vm/prims/jvm.cpp:1244

Events (10 events):
Event: 100,743 loading class 0x00007f67dc28cff0
Event: 100,743 loading class 0x00007f67dc28cff0 done
Event: 100,744 loading class 0x00007f67dc257630
Event: 100,744 loading class 0x00007f67dc257630 done
Event: 100,746 loading class 0x00007f67dc21b9f0
Event: 100,746 loading class 0x00007f67dc21b9f0 done
Event: 100,747 loading class 0x00007f67940147c0
Event: 100,747 loading class 0x00007f67940147c0 done
Event: 100,749 Thread 0x00007f679441f800 Thread exited: 0x00007f679441f800
Event: 100,749 Executing VM operation: Exit


Dynamic libraries:
00400000-00401000 r-xp 00000000 08:01 1078199                            /usr/lib/jvm/java-7-oracle/jre/bin/java
00600000-00601000 rw-p 00000000 08:01 1078199                            /usr/lib/jvm/java-7-oracle/jre/bin/java
0081d000-00861000 rw-p 00000000 00:00 0                                  [heap]
40be2000-40be4000 r-xs 00000000 08:01 552402                             /tmp/gl8xcYqG (deleted)
41735000-417b3000 rw-p 00000000 00:00 0 
dc800000-df500000 rw-p 00000000 00:00 0 
df500000-e1a00000 rw-p 00000000 00:00 0 
e1a00000-e4500000 rw-p 00000000 00:00 0 
e4500000-f5e00000 rw-p 00000000 00:00 0 
f5e00000-fa880000 rw-p 00000000 00:00 0 
fa880000-faa80000 ---p 00000000 00:00 0 
faa80000-100000000 rw-p 00000000 00:00 0 
7f678bd33000-7f678c139000 rw-s e4000000 00:05 11991                      /dev/nvidia0
7f678c139000-7f678c53f000 rw-s e581c000 00:05 11991                      /dev/nvidia0
7f678c53f000-7f678c945000 rw-s e5414000 00:05 11991                      /dev/nvidia0
7f678c945000-7f678cd47000 rw-s 7725d000 00:05 11991                      /dev/nvidia0
7f678cd47000-7f678d14d000 rw-s e4c08000 00:05 11991                      /dev/nvidia0
7f678d34d000-7f678d350000 ---p 00000000 00:00 0 
7f678d350000-7f678d44e000 rw-p 00000000 00:00 0 
7f678d44e000-7f678d451000 ---p 00000000 00:00 0 
7f678d451000-7f678d950000 rw-p 00000000 00:00 0 
7f678d950000-7f678dd50000 rw-s 51a86000 00:05 11991                      /dev/nvidia0
7f678dd50000-7f678e242000 rw-p 00000000 00:00 0 
7f678e342000-7f678e345000 ---p 00000000 00:00 0 
7f678e345000-7f678ec45000 rw-p 00000000 00:00 0 
7f678f047000-7f678f7fe000 rw-p 00000000 00:00 0 
7f678f7fe000-7f67937ff000 rw-s 00000000 00:13 24709                      /run/shm/pulse-shm-756689180
7f67937ff000-7f6793800000 ---p 00000000 00:00 0 
7f6793800000-7f6794000000 rw-p 00000000 00:00 0                          [stack:4364]
7f6794000000-7f6794f34000 rw-p 00000000 00:00 0 
7f6794f34000-7f6798000000 ---p 00000000 00:00 0 
7f6798066000-7f6798069000 ---p 00000000 00:00 0 
7f6798069000-7f6798167000 rw-p 00000000 00:00 0 
7f6798167000-7f67981a1000 r-xp 00000000 08:01 441709                     /usr/lib/jvm/java-7-oracle/jre/lib/amd64/libjpeg.so
7f67981a1000-7f67983a1000 ---p 0003a000 08:01 441709                     /usr/lib/jvm/java-7-oracle/jre/lib/amd64/libjpeg.so
7f67983a1000-7f67983a2000 rw-p 0003a000 08:01 441709                     /usr/lib/jvm/java-7-oracle/jre/lib/amd64/libjpeg.so
7f67983a2000-7f67983b8000 r-xp 00000000 08:01 151049                     /lib/x86_64-linux-gnu/libresolv-2.17.so
7f67983b8000-7f67985b8000 ---p 00016000 08:01 151049                     /lib/x86_64-linux-gnu/libresolv-2.17.so
7f67985b8000-7f67985b9000 r--p 00016000 08:01 151049                     /lib/x86_64-linux-gnu/libresolv-2.17.so
7f67985b9000-7f67985ba000 rw-p 00017000 08:01 151049                     /lib/x86_64-linux-gnu/libresolv-2.17.so
7f67985ba000-7f67985bc000 rw-p 00000000 00:00 0 
7f67985bc000-7f67985c3000 r-xp 00000000 08:01 262777                     /usr/lib/x86_64-linux-gnu/libogg.so.0.8.1
7f67985c3000-7f67987c3000 ---p 00007000 08:01 262777                     /usr/lib/x86_64-linux-gnu/libogg.so.0.8.1
7f67987c3000-7f67987c4000 r--p 00007000 08:01 262777                     /usr/lib/x86_64-linux-gnu/libogg.so.0.8.1
7f67987c4000-7f67987c5000 rw-p 00008000 08:01 262777                     /usr/lib/x86_64-linux-gnu/libogg.so.0.8.1
7f67987c5000-7f67987f0000 r-xp 00000000 08:01 267913                     /usr/lib/x86_64-linux-gnu/libvorbis.so.0.4.5
7f67987f0000-7f67989f0000 ---p 0002b000 08:01 267913                     /usr/lib/x86_64-linux-gnu/libvorbis.so.0.4.5
7f67989f0000-7f67989f1000 r--p 0002b000 08:01 267913                     /usr/lib/x86_64-linux-gnu/libvorbis.so.0.4.5
7f67989f1000-7f67989f2000 rw-p 0002c000 08:01 267913                     /usr/lib/x86_64-linux-gnu/libvorbis.so.0.4.5
7f67989f2000-7f6798ca5000 r-xp 00000000 08:01 267915                     /usr/lib/x86_64-linux-gnu/libvorbisenc.so.2.0.8
7f6798ca5000-7f6798ea4000 ---p 002b3000 08:01 267915                     /usr/lib/x86_64-linux-gnu/libvorbisenc.so.2.0.8
7f6798ea4000-7f6798ec0000 r--p 002b2000 08:01 267915                     /usr/lib/x86_64-linux-gnu/libvorbisenc.so.2.0.8
7f6798ec0000-7f6798ec1000 rw-p 002ce000 08:01 267915                     /usr/lib/x86_64-linux-gnu/libvorbisenc.so.2.0.8
7f6798ec1000-7f6798ef0000 r-xp 00000000 08:01 263671                     /usr/lib/x86_64-linux-gnu/libFLAC.so.8.3.0
7f6798ef0000-7f67990f0000 ---p 0002f000 08:01 263671                     /usr/lib/x86_64-linux-gnu/libFLAC.so.8.3.0
7f67990f0000-7f67990f1000 r--p 0002f000 08:01 263671                     /usr/lib/x86_64-linux-gnu/libFLAC.so.8.3.0
7f67990f1000-7f67990f2000 rw-p 00030000 08:01 263671                     /usr/lib/x86_64-linux-gnu/libFLAC.so.8.3.0
7f67990f2000-7f67990f7000 r-xp 00000000 08:01 264532                     /usr/lib/x86_64-linux-gnu/libasyncns.so.0.3.1
7f67990f7000-7f67992f6000 ---p 00005000 08:01 264532                     /usr/lib/x86_64-linux-gnu/libasyncns.so.0.3.1
7f67992f6000-7f67992f7000 r--p 00004000 08:01 264532                     /usr/lib/x86_64-linux-gnu/libasyncns.so.0.3.1
7f67992f7000-7f67992f8000 rw-p 00005000 08:01 264532                     /usr/lib/x86_64-linux-gnu/libasyncns.so.0.3.1
7f67992f8000-7f6799359000 r-xp 00000000 08:01 263734                     /usr/lib/x86_64-linux-gnu/libsndfile.so.1.0.25
7f6799359000-7f6799559000 ---p 00061000 08:01 263734                     /usr/lib/x86_64-linux-gnu/libsndfile.so.1.0.25
7f6799559000-7f679955b000 r--p 00061000 08:01 263734                     /usr/lib/x86_64-linux-gnu/libsndfile.so.1.0.25
7f679955b000-7f679955c000 rw-p 00063000 08:01 263734                     /usr/lib/x86_64-linux-gnu/libsndfile.so.1.0.25
7f679955c000-7f6799560000 rw-p 00000000 00:00 0 
7f6799560000-7f6799568000 r-xp 00000000 08:01 135499                     /lib/x86_64-linux-gnu/libwrap.so.0.7.6
7f6799568000-7f6799768000 ---p 00008000 08:01 135499                     /lib/x86_64-linux-gnu/libwrap.so.0.7.6
7f6799768000-7f6799769000 r--p 00008000 08:01 135499                     /lib/x86_64-linux-gnu/libwrap.so.0.7.6
7f6799769000-7f679976a000 rw-p 00009000 08:01 135499                     /lib/x86_64-linux-gnu/libwrap.so.0.7.6
7f679976a000-7f67997ae000 r-xp 00000000 08:01 135791                     /lib/x86_64-linux-gnu/libdbus-1.so.3.7.4
7f67997ae000-7f67999ad000 ---p 00044000 08:01 135791                     /lib/x86_64-linux-gnu/libdbus-1.so.3.7.4
7f67999ad000-7f67999ae000 r--p 00043000 08:01 135791                     /lib/x86_64-linux-gnu/libdbus-1.so.3.7.4
7f67999ae000-7f67999af000 rw-p 00044000 08:01 135791                     /lib/x86_64-linux-gnu/libdbus-1.so.3.7.4
7f67999af000-7f6799a15000 r-xp 00000000 08:01 399763                     /usr/lib/x86_64-linux-gnu/pulseaudio/libpulsecommon-4.0.so
7f6799a15000-7f6799c14000 ---p 00066000 08:01 399763                     /usr/lib/x86_64-linux-gnu/pulseaudio/libpulsecommon-4.0.so
7f6799c14000-7f6799c15000 r--p 00065000 08:01 399763                     /usr/lib/x86_64-linux-gnu/pulseaudio/libpulsecommon-4.0.so
7f6799c15000-7f6799c16000 rw-p 00066000 08:01 399763                     /usr/lib/x86_64-linux-gnu/pulseaudio/libpulsecommon-4.0.so
7f6799c16000-7f679b5e6000 r-xp 00000000 08:01 966879                     /usr/lib/nvidia-304/libnvidia-glcore.so.304.88
7f679b5e6000-7f679b7e5000 ---p 019d0000 08:01 966879                     /usr/lib/nvidia-304/libnvidia-glcore.so.304.88
7f679b7e5000-7f679bfe6000 rwxp 019cf000 08:01 966879                     /usr/lib/nvidia-304/libnvidia-glcore.so.304.88
7f679bfe6000-7f679c000000 rwxp 00000000 00:00 0 
7f679c000000-7f679c48e000 rw-p 00000000 00:00 0 
7f679c48e000-7f67a0000000 ---p 00000000 00:00 0 
7f67a0000000-7f67a0021000 rw-p 00000000 00:00 0 
7f67a0021000-7f67a4000000 ---p 00000000 00:00 0 
7f67a4000000-7f67a4021000 rw-p 00000000 00:00 0 
7f67a4021000-7f67a8000000 ---p 00000000 00:00 0 
7f67a8000000-7f67a8021000 rw-p 00000000 00:00 0 
7f67a8021000-7f67ac000000 ---p 00000000 00:00 0 
7f67ac09a000-7f67ac0a3000 r-xp 00000000 08:01 136215                     /lib/x86_64-linux-gnu/libjson-c.so.2.0.1
7f67ac0a3000-7f67ac2a3000 ---p 00009000 08:01 136215                     /lib/x86_64-linux-gnu/libjson-c.so.2.0.1
7f67ac2a3000-7f67ac2a4000 r--p 00009000 08:01 136215                     /lib/x86_64-linux-gnu/libjson-c.so.2.0.1
7f67ac2a4000-7f67ac2a5000 rw-p 0000a000 08:01 136215                     /lib/x86_64-linux-gnu/libjson-c.so.2.0.1
7f67ac2a5000-7f67aca33000 rw-s 00000000 00:04 4653082                    /SYSV00000000 (deleted)
7f67aca45000-7f67acb13000 rw-p 00000000 00:00 0 
7f67acb13000-7f67acb14000 ---p 00000000 00:00 0 
7f67acb14000-7f67acc14000 rw-p 00000000 00:00 0                          [stack:4365]
7f67acc14000-7f67acc5b000 r-xp 00000000 08:01 264573                     /usr/lib/x86_64-linux-gnu/libpulse.so.0.16.2
7f67acc5b000-7f67ace5b000 ---p 00047000 08:01 264573                     /usr/lib/x86_64-linux-gnu/libpulse.so.0.16.2
7f67ace5b000-7f67ace5c000 r--p 00047000 08:01 264573                     /usr/lib/x86_64-linux-gnu/libpulse.so.0.16.2
7f67ace5c000-7f67ace5d000 rw-p 00048000 08:01 264573                     /usr/lib/x86_64-linux-gnu/libpulse.so.0.16.2
7f67ace5d000-7f67aceb2000 r-xp 00000000 08:03 3279200                    /home/lyr/git/HexScape/client_installer/libopenal64.so
7f67aceb2000-7f67ad0b1000 ---p 00055000 08:03 3279200                    /home/lyr/git/HexScape/client_installer/libopenal64.so
7f67ad0b1000-7f67ad0b4000 r--p 00054000 08:03 3279200                    /home/lyr/git/HexScape/client_installer/libopenal64.so
7f67ad0b4000-7f67ad0b5000 rw-p 00057000 08:03 3279200                    /home/lyr/git/HexScape/client_installer/libopenal64.so
7f67ad0b5000-7f67ad0b6000 rw-p 00000000 00:00 0 
7f67ad0b6000-7f67ad0b9000 ---p 00000000 00:00 0 
7f67ad0b9000-7f67ad1b7000 rw-p 00000000 00:00 0                          [stack:4362]
7f67ad1b7000-7f67ad2b7000 rw-s 3299f000 00:05 11991                      /dev/nvidia0
7f67ad2b7000-7f67ad3b7000 rw-s 73a62000 00:05 11991                      /dev/nvidia0
7f67ad3b7000-7f67adc27000 rw-s e0000000 00:05 11991                      /dev/nvidia0
7f67adc27000-7f67adc2a000 r-xp 00000000 08:01 1079192                    /usr/lib/nvidia-304/tls/libnvidia-tls.so.304.88
7f67adc2a000-7f67ade29000 ---p 00003000 08:01 1079192                    /usr/lib/nvidia-304/tls/libnvidia-tls.so.304.88
7f67ade29000-7f67ade2a000 rw-p 00002000 08:01 1079192                    /usr/lib/nvidia-304/tls/libnvidia-tls.so.304.88
7f67ade2a000-7f67adef4000 r-xp 00000000 08:01 966880                     /usr/lib/nvidia-304/libGL.so.304.88
7f67adef4000-7f67ae0f4000 ---p 000ca000 08:01 966880                     /usr/lib/nvidia-304/libGL.so.304.88
7f67ae0f4000-7f67ae131000 rwxp 000ca000 08:01 966880                     /usr/lib/nvidia-304/libGL.so.304.88
7f67ae131000-7f67ae147000 rwxp 00000000 00:00 0 
7f67ae147000-7f67ae14b000 r-xp 00000000 08:01 266733                     /usr/lib/x86_64-linux-gnu/libXxf86vm.so.1.0.0
7f67ae14b000-7f67ae34b000 ---p 00004000 08:01 266733                     /usr/lib/x86_64-linux-gnu/libXxf86vm.so.1.0.0
7f67ae34b000-7f67ae34c000 r--p 00004000 08:01 266733                     /usr/lib/x86_64-linux-gnu/libXxf86vm.so.1.0.0
7f67ae34c000-7f67ae34d000 rw-p 00005000 08:01 266733                     /usr/lib/x86_64-linux-gnu/libXxf86vm.so.1.0.0
7f67ae34d000-7f67ae356000 r-xp 00000000 08:01 272766                     /usr/lib/x86_64-linux-gnu/libXrandr.so.2.2.0
7f67ae356000-7f67ae555000 ---p 00009000 08:01 272766                     /usr/lib/x86_64-linux-gnu/libXrandr.so.2.2.0
7f67ae555000-7f67ae556000 r--p 00008000 08:01 272766                     /usr/lib/x86_64-linux-gnu/libXrandr.so.2.2.0
7f67ae556000-7f67ae557000 rw-p 00009000 08:01 272766                     /usr/lib/x86_64-linux-gnu/libXrandr.so.2.2.0
7f67ae557000-7f67ae5c1000 r-xp 00000000 08:03 3279199                    /home/lyr/git/HexScape/client_installer/liblwjgl64.so
7f67ae5c1000-7f67ae7c1000 ---p 0006a000 08:03 3279199                    /home/lyr/git/HexScape/client_installer/liblwjgl64.so
7f67ae7c1000-7f67ae7c3000 r--p 0006a000 08:03 3279199                    /home/lyr/git/HexScape/client_installer/liblwjgl64.so
7f67ae7c3000-7f67ae7c4000 rw-p 0006c000 08:03 3279199                    /home/lyr/git/HexScape/client_installer/liblwjgl64.so
7f67ae7c4000-7f67ae7cf000 r--s 00000000 08:01 264517                     /var/cache/fontconfig/945677eb7aeaf62f1d50efc3fb3ec7d8-le64.cache-4
7f67ae7cf000-7f67ae7d8000 r--s 00000000 08:01 267147                     /var/cache/fontconfig/a6d8cf8e4ec09cdbc8633c31745a07dd-le64.cache-4
7f67ae7d8000-7f67ae7de000 r--s 00000000 08:01 268728                     /var/cache/fontconfig/2cd17615ca594fa2959ae173292e504c-le64.cache-4
7f67ae7de000-7f67ae7ea000 r--s 00000000 08:01 267134                     /var/cache/fontconfig/6d41288fd70b0be22e8c3a91e032eec0-le64.cache-4
7f67ae7ea000-7f67ae825000 r--s 00000000 08:01 267123                     /var/cache/fontconfig/365b55f210c0a22e9a19e35191240f32-le64.cache-4
7f67ae829000-7f67ae869000 rw-s e3eba000 00:05 11991                      /dev/nvidia0
7f67ae869000-7f67ae98f000 rw-p 00000000 00:00 0 
7f67ae98f000-7f67ae990000 r--s 00000000 08:01 267163                     /var/cache/fontconfig/c05880de57d1f5e948fdfacc138775d9-le64.cache-4
7f67ae990000-7f67ae99b000 r--s 00000000 08:01 264517                     /var/cache/fontconfig/945677eb7aeaf62f1d50efc3fb3ec7d8-le64.cache-4
7f67ae99b000-7f67ae99d000 r--s 00000000 08:01 267161                     /var/cache/fontconfig/99e8ed0e538f840c565b6ed5dad60d56-le64.cache-4
7f67ae99d000-7f67ae9a6000 r--s 00000000 08:01 267147                     /var/cache/fontconfig/a6d8cf8e4ec09cdbc8633c31745a07dd-le64.cache-4
7f67ae9a6000-7f67ae9ac000 r--s 00000000 08:01 268728                     /var/cache/fontconfig/2cd17615ca594fa2959ae173292e504c-le64.cache-4
7f67ae9ac000-7f67ae9b8000 r--s 00000000 08:01 267134                     /var/cache/fontconfig/6d41288fd70b0be22e8c3a91e032eec0-le64.cache-4
7f67ae9b8000-7f67ae9b9000 r--s 00000000 08:01 269728                     /var/cache/fontconfig/4794a0821666d79190d59a36cb4f44b5-le64.cache-4
7f67ae9b9000-7f67ae9bc000 r--s 00000000 08:01 267130                     /var/cache/fontconfig/8801497958630a81b71ace7c5f9b32a8-le64.cache-4
7f67ae9bc000-7f67ae9f7000 r--s 00000000 08:01 267123                     /var/cache/fontconfig/365b55f210c0a22e9a19e35191240f32-le64.cache-4
7f67ae9f7000-7f67ae9fe000 r--s 00000000 08:01 267122                     /var/cache/fontconfig/3047814df9a2f067bd2d96a2b9c36e5a-le64.cache-4
7f67ae9fe000-7f67aea07000 r--s 00000000 08:01 267121                     /var/cache/fontconfig/52f7bdb7ce746bfd7eaa1985bd9cfa93-le64.cache-4
7f67aea07000-7f67aea0a000 r--s 00000000 08:01 267119                     /var/cache/fontconfig/e49e89034d371f0f9de17aab02136486-le64.cache-4
7f67aea0a000-7f67aea1d000 r--s 00000000 08:01 267116                     /var/cache/fontconfig/d52a8644073d54c13679302ca1180695-le64.cache-4
7f67aea27000-7f67aea31000 r--s 00251000 08:01 441756                     /usr/lib/jvm/java-7-oracle/jre/lib/resources.jar
7f67aea31000-7f67aea33000 rw-p 00000000 00:00 0 
7f67aea33000-7f67aea3e000 r--p 00000000 08:01 664017                     /usr/share/locale-langpack/fr/LC_MESSAGES/pulseaudio.mo
7f67aea3e000-7f67aea40000 rw-s 00000000 08:01 552402                     /tmp/gl8xcYqG (deleted)
7f67aea40000-7f67aea44000 rw-s 51cb3000 00:05 11991                      /dev/nvidia0
7f67aea44000-7f67aea45000 rw-s e3efb000 00:05 11991                      /dev/nvidia0
7f67aea45000-7f67aea46000 rw-s 637a9000 00:05 11991                      /dev/nvidia0
7f67aea46000-7f67aea47000 rw-s 6b8eb000 00:05 11991                      /dev/nvidia0
7f67aea47000-7f67aea48000 rw-s fcc02000 00:05 11991                      /dev/nvidia0
7f67aea48000-7f67aea49000 rw-s 73a63000 00:05 11991                      /dev/nvidia0
7f67aea49000-7f67aea66000 rw-s 67e0d000 00:05 11991                      /dev/nvidia0
7f67aea66000-7f67aea69000 ---p 00000000 00:00 0 
7f67aea69000-7f67aea9f000 rw-p 00000000 00:00 0 
7f67aea9f000-7f67aeaa0000 r-xp 00000000 08:01 441671                     /usr/lib/jvm/java-7-oracle/jre/lib/amd64/libjawt.so
7f67aeaa0000-7f67aec9f000 ---p 00001000 08:01 441671                     /usr/lib/jvm/java-7-oracle/jre/lib/amd64/libjawt.so
7f67aec9f000-7f67aeca0000 rw-p 00000000 08:01 441671                     /usr/lib/jvm/java-7-oracle/jre/lib/amd64/libjawt.so
7f67aeca0000-7f67aed09000 r-xp 00000000 08:01 441714                     /usr/lib/jvm/java-7-oracle/jre/lib/amd64/libt2k.so
7f67aed09000-7f67aef08000 ---p 00069000 08:01 441714                     /usr/lib/jvm/java-7-oracle/jre/lib/amd64/libt2k.so
7f67aef08000-7f67aef0f000 rw-p 00068000 08:01 441714                     /usr/lib/jvm/java-7-oracle/jre/lib/amd64/libt2k.so
7f67aef0f000-7f67aef1f000 rw-p 00000000 00:00 0 
7f67aef1f000-7f67aef22000 ---p 00000000 00:00 0 
7f67aef22000-7f67af020000 rw-p 00000000 00:00 0                          [stack:4358]
7f67af020000-7f67af023000 ---p 00000000 00:00 0 
7f67af023000-7f67af121000 rw-p 00000000 00:00 0 
7f67af121000-7f67af125000 r--s 0008a000 08:01 441757                     /usr/lib/jvm/java-7-oracle/jre/lib/jsse.jar
7f67af125000-7f67af127000 r--s 00000000 08:01 267118                     /var/cache/fontconfig/4b14b093aebc79c320de5e86ae1d3314-le64.cache-4
7f67af127000-7f67af12f000 r--s 00000000 08:01 267115                     /var/cache/fontconfig/3f7329c5293ffd510edef78f73874cfd-le64.cache-4
7f67af12f000-7f67af13b000 r--s 00000000 08:01 264514                     /var/cache/fontconfig/d589a48862398ed80a3d6066f4f56f4c-le64.cache-4
7f67af13b000-7f67af146000 r--s 00000000 08:01 264512                     /var/cache/fontconfig/e13b20fdb08344e0e664864cc2ede53d-le64.cache-4
7f67af146000-7f67af15b000 r-xp 00000000 08:01 132161                     /lib/x86_64-linux-gnu/libgcc_s.so.1
7f67af15b000-7f67af35a000 ---p 00015000 08:01 132161                     /lib/x86_64-linux-gnu/libgcc_s.so.1
7f67af35a000-7f67af35b000 r--p 00014000 08:01 132161                     /lib/x86_64-linux-gnu/libgcc_s.so.1
7f67af35b000-7f67af35c000 rw-p 00015000 08:01 132161                     /lib/x86_64-linux-gnu/libgcc_s.so.1
7f67af35c000-7f67af3c1000 r-xp 00000000 08:01 441739                     /usr/lib/jvm/java-7-oracle/jre/lib/amd64/libfontmanager.so
7f67af3c1000-7f67af5c0000 ---p 00065000 08:01 441739                     /usr/lib/jvm/java-7-oracle/jre/lib/amd64/libfontmanager.so
7f67af5c0000-7f67af5c4000 rw-p 00064000 08:01 441739                     /usr/lib/jvm/java-7-oracle/jre/lib/amd64/libfontmanager.so
7f67af5c4000-7f67af5d5000 rw-p 00000000 00:00 0 
7f67af5d5000-7f67af5d8000 ---p 00000000 00:00 0 
7f67af5d8000-7f67af6d6000 rw-p 00000000 00:00 0                          [stack:4356]
7f67af6d6000-7f67af6d9000 ---p 00000000 00:00 0 
7f67af6d9000-7f67af7d7000 rw-p 00000000 00:00 0                          [stack:4355]
7f67af7d7000-7f67af7da000 ---p 00000000 00:00 0 
7f67af7da000-7f67af8d8000 rw-p 00000000 00:00 0                          [stack:4354]
7f67af8d8000-7f67af8dd000 r-xp 00000000 08:01 272928                     /usr/lib/x86_64-linux-gnu/libXfixes.so.3.1.0
7f67af8dd000-7f67afadc000 ---p 00005000 08:01 272928                     /usr/lib/x86_64-linux-gnu/libXfixes.so.3.1.0
7f67afadc000-7f67afadd000 r--p 00004000 08:01 272928                     /usr/lib/x86_64-linux-gnu/libXfixes.so.3.1.0
7f67afadd000-7f67afade000 rw-p 00005000 08:01 272928                     /usr/lib/x86_64-linux-gnu/libXfixes.so.3.1.0
7f67afade000-7f67afae7000 r-xp 00000000 08:01 262723                     /usr/lib/x86_64-linux-gnu/libXcursor.so.1.0.2
7f67afae7000-7f67afce6000 ---p 00009000 08:01 262723                     /usr/lib/x86_64-linux-gnu/libXcursor.so.1.0.2
7f67afce6000-7f67afce7000 r--p 00008000 08:01 262723                     /usr/lib/x86_64-linux-gnu/libXcursor.so.1.0.2
7f67afce7000-7f67afce8000 rw-p 00009000 08:01 262723                     /usr/lib/x86_64-linux-gnu/libXcursor.so.1.0.2
7f67afce8000-7f67afceb000 ---p 00000000 00:00 0 
7f67afceb000-7f67afde9000 rw-p 00000000 00:00 0                          [stack:4353]
7f67afde9000-7f67afdff000 r-xp 00000000 08:01 441728                     /usr/lib/jvm/java-7-oracle/jre/lib/amd64/libnet.so
7f67afdff000-7f67affff000 ---p 00016000 08:01 441728                     /usr/lib/jvm/java-7-oracle/jre/lib/amd64/libnet.so
7f67affff000-7f67b0000000 rw-p 00016000 08:01 441728                     /usr/lib/jvm/java-7-oracle/jre/lib/amd64/libnet.so
7f67b0000000-7f67b053f000 rw-p 00000000 00:00 0 
7f67b053f000-7f67b4000000 ---p 00000000 00:00 0 
7f67b4000000-7f67b4021000 rw-p 00000000 00:00 0 
7f67b4021000-7f67b8000000 ---p 00000000 00:00 0 
7f67b8000000-7f67b8021000 rw-p 00000000 00:00 0 
7f67b8021000-7f67bc000000 ---p 00000000 00:00 0 
7f67bc000000-7f67bce10000 rw-p 00000000 00:00 0 
7f67bce10000-7f67c0000000 ---p 00000000 00:00 0 
7f67c0000000-7f67c0021000 rw-p 00000000 00:00 0 
7f67c0021000-7f67c4000000 ---p 00000000 00:00 0 
7f67c4000000-7f67c4021000 rw-p 00000000 00:00 0 
7f67c4021000-7f67c8000000 ---p 00000000 00:00 0 
7f67c8000000-7f67c8021000 rw-p 00000000 00:00 0 
7f67c8021000-7f67cc000000 ---p 00000000 00:00 0 
7f67cc000000-7f67cc021000 rw-p 00000000 00:00 0 
7f67cc021000-7f67d0000000 ---p 00000000 00:00 0 
7f67d0000000-7f67d002c000 rw-p 00000000 00:00 0 
7f67d002c000-7f67d4000000 ---p 00000000 00:00 0 
7f67d4000000-7f67d4002000 r--s 00000000 08:01 267161                     /var/cache/fontconfig/99e8ed0e538f840c565b6ed5dad60d56-le64.cache-4
7f67d4002000-7f67d4005000 r--s 00000000 08:01 267130                     /var/cache/fontconfig/8801497958630a81b71ace7c5f9b32a8-le64.cache-4
7f67d4005000-7f67d400c000 r--s 00000000 08:01 267122                     /var/cache/fontconfig/3047814df9a2f067bd2d96a2b9c36e5a-le64.cache-4
7f67d400c000-7f67d401c000 r-xp 00000000 08:01 441676                     /usr/lib/jvm/java-7-oracle/jre/lib/amd64/libnio.so
7f67d401c000-7f67d421c000 ---p 00010000 08:01 441676                     /usr/lib/jvm/java-7-oracle/jre/lib/amd64/libnio.so
7f67d421c000-7f67d421d000 rw-p 00010000 08:01 441676                     /usr/lib/jvm/java-7-oracle/jre/lib/amd64/libnio.so
7f67d421d000-7f67d4243000 r--p 00000000 08:01 663766                     /usr/share/locale-langpack/fr/LC_MESSAGES/libc.mo
7f67d4243000-7f67d4248000 r-xp 00000000 08:01 267218                     /usr/lib/x86_64-linux-gnu/libXdmcp.so.6.0.0
7f67d4248000-7f67d4447000 ---p 00005000 08:01 267218                     /usr/lib/x86_64-linux-gnu/libXdmcp.so.6.0.0
7f67d4447000-7f67d4448000 r--p 00004000 08:01 267218                     /usr/lib/x86_64-linux-gnu/libXdmcp.so.6.0.0
7f67d4448000-7f67d4449000 rw-p 00005000 08:01 267218                     /usr/lib/x86_64-linux-gnu/libXdmcp.so.6.0.0
7f67d4449000-7f67d444b000 r-xp 00000000 08:01 271803                     /usr/lib/x86_64-linux-gnu/libXau.so.6.0.0
7f67d444b000-7f67d464b000 ---p 00002000 08:01 271803                     /usr/lib/x86_64-linux-gnu/libXau.so.6.0.0
7f67d464b000-7f67d464c000 r--p 00002000 08:01 271803                     /usr/lib/x86_64-linux-gnu/libXau.so.6.0.0
7f67d464c000-7f67d464d000 rw-p 00003000 08:01 271803                     /usr/lib/x86_64-linux-gnu/libXau.so.6.0.0
7f67d464d000-7f67d466a000 r-xp 00000000 08:01 271865                     /usr/lib/x86_64-linux-gnu/libxcb.so.1.1.0
7f67d466a000-7f67d4869000 ---p 0001d000 08:01 271865                     /usr/lib/x86_64-linux-gnu/libxcb.so.1.1.0
7f67d4869000-7f67d486a000 r--p 0001c000 08:01 271865                     /usr/lib/x86_64-linux-gnu/libxcb.so.1.1.0
7f67d486a000-7f67d486b000 rw-p 0001d000 08:01 271865                     /usr/lib/x86_64-linux-gnu/libxcb.so.1.1.0
7f67d486b000-7f67d487a000 r-xp 00000000 08:01 272724                     /usr/lib/x86_64-linux-gnu/libXi.so.6.1.0
7f67d487a000-7f67d4a79000 ---p 0000f000 08:01 272724                     /usr/lib/x86_64-linux-gnu/libXi.so.6.1.0
7f67d4a79000-7f67d4a7a000 r--p 0000e000 08:01 272724                     /usr/lib/x86_64-linux-gnu/libXi.so.6.1.0
7f67d4a7a000-7f67d4a7b000 rw-p 0000f000 08:01 272724                     /usr/lib/x86_64-linux-gnu/libXi.so.6.1.0
7f67d4a7b000-7f67d4a80000 r-xp 00000000 08:01 274585                     /usr/lib/x86_64-linux-gnu/libXtst.so.6.1.0
7f67d4a80000-7f67d4c7f000 ---p 00005000 08:01 274585                     /usr/lib/x86_64-linux-gnu/libXtst.so.6.1.0
7f67d4c7f000-7f67d4c80000 r--p 00004000 08:01 274585                     /usr/lib/x86_64-linux-gnu/libXtst.so.6.1.0
7f67d4c80000-7f67d4c81000 rw-p 00005000 08:01 274585                     /usr/lib/x86_64-linux-gnu/libXtst.so.6.1.0
7f67d4c81000-7f67d4c8a000 r-xp 00000000 08:01 273672                     /usr/lib/x86_64-linux-gnu/libXrender.so.1.3.0
7f67d4c8a000-7f67d4e89000 ---p 00009000 08:01 273672                     /usr/lib/x86_64-linux-gnu/libXrender.so.1.3.0
7f67d4e89000-7f67d4e8a000 r--p 00008000 08:01 273672                     /usr/lib/x86_64-linux-gnu/libXrender.so.1.3.0
7f67d4e8a000-7f67d4e8b000 rw-p 00009000 08:01 273672                     /usr/lib/x86_64-linux-gnu/libXrender.so.1.3.0
7f67d4e8b000-7f67d4fbb000 r-xp 00000000 08:01 271880                     /usr/lib/x86_64-linux-gnu/libX11.so.6.3.0
7f67d4fbb000-7f67d51bb000 ---p 00130000 08:01 271880                     /usr/lib/x86_64-linux-gnu/libX11.so.6.3.0
7f67d51bb000-7f67d51bc000 r--p 00130000 08:01 271880                     /usr/lib/x86_64-linux-gnu/libX11.so.6.3.0
7f67d51bc000-7f67d51c0000 rw-p 00131000 08:01 271880                     /usr/lib/x86_64-linux-gnu/libX11.so.6.3.0
7f67d51c0000-7f67d51d1000 r-xp 00000000 08:01 271987                     /usr/lib/x86_64-linux-gnu/libXext.so.6.4.0
7f67d51d1000-7f67d53d0000 ---p 00011000 08:01 271987                     /usr/lib/x86_64-linux-gnu/libXext.so.6.4.0
7f67d53d0000-7f67d53d1000 r--p 00010000 08:01 271987                     /usr/lib/x86_64-linux-gnu/libXext.so.6.4.0
7f67d53d1000-7f67d53d2000 rw-p 00011000 08:01 271987                     /usr/lib/x86_64-linux-gnu/libXext.so.6.4.0
7f67d53d2000-7f67d53d3000 r--s 00000000 08:01 267163                     /var/cache/fontconfig/c05880de57d1f5e948fdfacc138775d9-le64.cache-4
7f67d53d3000-7f67d53d4000 r--s 00000000 08:01 269728                     /var/cache/fontconfig/4794a0821666d79190d59a36cb4f44b5-le64.cache-4
7f67d53d4000-7f67d53dd000 r--s 00000000 08:01 267121                     /var/cache/fontconfig/52f7bdb7ce746bfd7eaa1985bd9cfa93-le64.cache-4
7f67d53dd000-7f67d53e0000 r--s 00000000 08:01 267119                     /var/cache/fontconfig/e49e89034d371f0f9de17aab02136486-le64.cache-4
7f67d53e0000-7f67d53f3000 r--s 00000000 08:01 267116                     /var/cache/fontconfig/d52a8644073d54c13679302ca1180695-le64.cache-4
7f67d53f3000-7f67d5443000 r-xp 00000000 08:01 571094                     /usr/lib/jvm/java-7-oracle/jre/lib/amd64/xawt/libmawt.so
7f67d5443000-7f67d5643000 ---p 00050000 08:01 571094                     /usr/lib/jvm/java-7-oracle/jre/lib/amd64/xawt/libmawt.so
7f67d5643000-7f67d5647000 rw-p 00050000 08:01 571094                     /usr/lib/jvm/java-7-oracle/jre/lib/amd64/xawt/libmawt.so
7f67d5647000-7f67d5648000 rw-p 00000000 00:00 0 
7f67d5648000-7f67d56ea000 r-xp 00000000 08:01 441700                     /usr/lib/jvm/java-7-oracle/jre/lib/amd64/libawt.so
7f67d56ea000-7f67d58ea000 ---p 000a2000 08:01 441700                     /usr/lib/jvm/java-7-oracle/jre/lib/amd64/libawt.so
7f67d58ea000-7f67d58f6000 rw-p 000a2000 08:01 441700                     /usr/lib/jvm/java-7-oracle/jre/lib/amd64/libawt.so
7f67d58f6000-7f67d591a000 rw-p 00000000 00:00 0 
7f67d591a000-7f67d59b2000 r--s 00c5c000 08:03 2935519                    /home/lyr/HexScape/HexScape.jar
7f67d59b2000-7f67d59b3000 ---p 00000000 00:00 0 
7f67d59b3000-7f67d5ab3000 rw-p 00000000 00:00 0 
7f67d5ab3000-7f67d5ab6000 ---p 00000000 00:00 0 
7f67d5ab6000-7f67d5bb4000 rw-p 00000000 00:00 0                          [stack:4351]
7f67d5bb4000-7f67d5bb7000 ---p 00000000 00:00 0 
7f67d5bb7000-7f67d5cb5000 rw-p 00000000 00:00 0                          [stack:4350]
7f67d5cb5000-7f67d5cb8000 ---p 00000000 00:00 0 
7f67d5cb8000-7f67d5db6000 rw-p 00000000 00:00 0                          [stack:4349]
7f67d5db6000-7f67d5db9000 ---p 00000000 00:00 0 
7f67d5db9000-7f67d5eb7000 rw-p 00000000 00:00 0                          [stack:4348]
7f67d5eb7000-7f67d6c3b000 r--p 00000000 08:01 266039                     /usr/lib/locale/locale-archive
7f67d6c3b000-7f67d6c3e000 ---p 00000000 00:00 0 
7f67d6c3e000-7f67d6d3c000 rw-p 00000000 00:00 0                          [stack:4347]
7f67d6d3c000-7f67d6d3f000 ---p 00000000 00:00 0 
7f67d6d3f000-7f67d6e3d000 rw-p 00000000 00:00 0                          [stack:4346]
7f67d6e3d000-7f67d6e3e000 ---p 00000000 00:00 0 
7f67d6e3e000-7f67d7892000 rw-p 00000000 00:00 0                          [stack:4345]
7f67d7892000-7f67d7a51000 r--s 039e5000 08:01 441758                     /usr/lib/jvm/java-7-oracle/jre/lib/rt.jar
7f67d7a51000-7f67d8dfe000 rw-p 00000000 00:00 0 
7f67d8dfe000-7f67d8dff000 ---p 00000000 00:00 0 
7f67d8dff000-7f67d8eff000 rw-p 00000000 00:00 0                          [stack:4344]
7f67d8eff000-7f67d8f00000 ---p 00000000 00:00 0 
7f67d8f00000-7f67d9000000 rw-p 00000000 00:00 0                          [stack:4343]
7f67d9000000-7f67d9270000 rwxp 00000000 00:00 0 
7f67d9270000-7f67dc3e1000 rw-p 00000000 00:00 0 
7f67dc3e1000-7f67e0000000 ---p 00000000 00:00 0 
7f67e0000000-7f67e0002000 r--s 00000000 08:01 267118                     /var/cache/fontconfig/4b14b093aebc79c320de5e86ae1d3314-le64.cache-4
7f67e0002000-7f67e000a000 r--s 00000000 08:01 267115                     /var/cache/fontconfig/3f7329c5293ffd510edef78f73874cfd-le64.cache-4
7f67e000a000-7f67e0021000 rw-p 00000000 00:00 0 
7f67e0021000-7f67e0033000 rw-p 00000000 00:00 0 
7f67e0033000-7f67e0049000 rw-p 00000000 00:00 0 
7f67e0049000-7f67e00d5000 rw-p 00000000 00:00 0 
7f67e00d5000-7f67e00ec000 rw-p 00000000 00:00 0 
7f67e00ec000-7f67e00fe000 rw-p 00000000 00:00 0 
7f67e00fe000-7f67e0114000 rw-p 00000000 00:00 0 
7f67e0114000-7f67e01a0000 rw-p 00000000 00:00 0 
7f67e01a0000-7f67e01c6000 rw-p 00000000 00:00 0 
7f67e01c6000-7f67e01c7000 ---p 00000000 00:00 0 
7f67e01c7000-7f67e01f1000 rw-p 00000000 00:00 0 
7f67e01f1000-7f67e01f2000 rw-p 00000000 00:00 0 
7f67e01f2000-7f67e020c000 r-xp 00000000 08:01 441661                     /usr/lib/jvm/java-7-oracle/jre/lib/amd64/libzip.so
7f67e020c000-7f67e040c000 ---p 0001a000 08:01 441661                     /usr/lib/jvm/java-7-oracle/jre/lib/amd64/libzip.so
7f67e040c000-7f67e040d000 rw-p 0001a000 08:01 441661                     /usr/lib/jvm/java-7-oracle/jre/lib/amd64/libzip.so
7f67e040d000-7f67e0419000 r-xp 00000000 08:01 151337                     /lib/x86_64-linux-gnu/libnss_files-2.17.so
7f67e0419000-7f67e0618000 ---p 0000c000 08:01 151337                     /lib/x86_64-linux-gnu/libnss_files-2.17.so
7f67e0618000-7f67e0619000 r--p 0000b000 08:01 151337                     /lib/x86_64-linux-gnu/libnss_files-2.17.so
7f67e0619000-7f67e061a000 rw-p 0000c000 08:01 151337                     /lib/x86_64-linux-gnu/libnss_files-2.17.so
7f67e061a000-7f67e0625000 r-xp 00000000 08:01 151333                     /lib/x86_64-linux-gnu/libnss_nis-2.17.so
7f67e0625000-7f67e0824000 ---p 0000b000 08:01 151333                     /lib/x86_64-linux-gnu/libnss_nis-2.17.so
7f67e0824000-7f67e0825000 r--p 0000a000 08:01 151333                     /lib/x86_64-linux-gnu/libnss_nis-2.17.so
7f67e0825000-7f67e0826000 rw-p 0000b000 08:01 151333                     /lib/x86_64-linux-gnu/libnss_nis-2.17.so
7f67e0826000-7f67e083d000 r-xp 00000000 08:01 151045                     /lib/x86_64-linux-gnu/libnsl-2.17.so
7f67e083d000-7f67e0a3c000 ---p 00017000 08:01 151045                     /lib/x86_64-linux-gnu/libnsl-2.17.so
7f67e0a3c000-7f67e0a3d000 r--p 00016000 08:01 151045                     /lib/x86_64-linux-gnu/libnsl-2.17.so
7f67e0a3d000-7f67e0a3e000 rw-p 00017000 08:01 151045                     /lib/x86_64-linux-gnu/libnsl-2.17.so
7f67e0a3e000-7f67e0a40000 rw-p 00000000 00:00 0 
7f67e0a40000-7f67e0a48000 r-xp 00000000 08:01 151048                     /lib/x86_64-linux-gnu/libnss_compat-2.17.so
7f67e0a48000-7f67e0c47000 ---p 00008000 08:01 151048                     /lib/x86_64-linux-gnu/libnss_compat-2.17.so
7f67e0c47000-7f67e0c48000 r--p 00007000 08:01 151048                     /lib/x86_64-linux-gnu/libnss_compat-2.17.so
7f67e0c48000-7f67e0c49000 rw-p 00008000 08:01 151048                     /lib/x86_64-linux-gnu/libnss_compat-2.17.so
7f67e0c49000-7f67e0c72000 r-xp 00000000 08:01 441678                     /usr/lib/jvm/java-7-oracle/jre/lib/amd64/libjava.so
7f67e0c72000-7f67e0e72000 ---p 00029000 08:01 441678                     /usr/lib/jvm/java-7-oracle/jre/lib/amd64/libjava.so
7f67e0e72000-7f67e0e74000 rw-p 00029000 08:01 441678                     /usr/lib/jvm/java-7-oracle/jre/lib/amd64/libjava.so
7f67e0e74000-7f67e0e81000 r-xp 00000000 08:01 441712                     /usr/lib/jvm/java-7-oracle/jre/lib/amd64/libverify.so
7f67e0e81000-7f67e1080000 ---p 0000d000 08:01 441712                     /usr/lib/jvm/java-7-oracle/jre/lib/amd64/libverify.so
7f67e1080000-7f67e1082000 rw-p 0000c000 08:01 441712                     /usr/lib/jvm/java-7-oracle/jre/lib/amd64/libverify.so
7f67e1082000-7f67e1089000 r-xp 00000000 08:01 151344                     /lib/x86_64-linux-gnu/librt-2.17.so
7f67e1089000-7f67e1288000 ---p 00007000 08:01 151344                     /lib/x86_64-linux-gnu/librt-2.17.so
7f67e1288000-7f67e1289000 r--p 00006000 08:01 151344                     /lib/x86_64-linux-gnu/librt-2.17.so
7f67e1289000-7f67e128a000 rw-p 00007000 08:01 151344                     /lib/x86_64-linux-gnu/librt-2.17.so
7f67e128a000-7f67e138d000 r-xp 00000000 08:01 151051                     /lib/x86_64-linux-gnu/libm-2.17.so
7f67e138d000-7f67e158c000 ---p 00103000 08:01 151051                     /lib/x86_64-linux-gnu/libm-2.17.so
7f67e158c000-7f67e158d000 r--p 00102000 08:01 151051                     /lib/x86_64-linux-gnu/libm-2.17.so
7f67e158d000-7f67e158e000 rw-p 00103000 08:01 151051                     /lib/x86_64-linux-gnu/libm-2.17.so
7f67e158e000-7f67e20fe000 r-xp 00000000 08:01 571098                     /usr/lib/jvm/java-7-oracle/jre/lib/amd64/server/libjvm.so
7f67e20fe000-7f67e22fd000 ---p 00b70000 08:01 571098                     /usr/lib/jvm/java-7-oracle/jre/lib/amd64/server/libjvm.so
7f67e22fd000-7f67e23c2000 rw-p 00b6f000 08:01 571098                     /usr/lib/jvm/java-7-oracle/jre/lib/amd64/server/libjvm.so
7f67e23c2000-7f67e2402000 rw-p 00000000 00:00 0 
7f67e2402000-7f67e25bf000 r-xp 00000000 08:01 152531                     /lib/x86_64-linux-gnu/libc-2.17.so
7f67e25bf000-7f67e27bf000 ---p 001bd000 08:01 152531                     /lib/x86_64-linux-gnu/libc-2.17.so
7f67e27bf000-7f67e27c3000 r--p 001bd000 08:01 152531                     /lib/x86_64-linux-gnu/libc-2.17.so
7f67e27c3000-7f67e27c5000 rw-p 001c1000 08:01 152531                     /lib/x86_64-linux-gnu/libc-2.17.so
7f67e27c5000-7f67e27ca000 rw-p 00000000 00:00 0 
7f67e27ca000-7f67e27cd000 r-xp 00000000 08:01 152532                     /lib/x86_64-linux-gnu/libdl-2.17.so
7f67e27cd000-7f67e29cc000 ---p 00003000 08:01 152532                     /lib/x86_64-linux-gnu/libdl-2.17.so
7f67e29cc000-7f67e29cd000 r--p 00002000 08:01 152532                     /lib/x86_64-linux-gnu/libdl-2.17.so
7f67e29cd000-7f67e29ce000 rw-p 00003000 08:01 152532                     /lib/x86_64-linux-gnu/libdl-2.17.so
7f67e29ce000-7f67e29e4000 r-xp 00000000 08:01 441665                     /usr/lib/jvm/java-7-oracle/jre/lib/amd64/jli/libjli.so
7f67e29e4000-7f67e2be4000 ---p 00016000 08:01 441665                     /usr/lib/jvm/java-7-oracle/jre/lib/amd64/jli/libjli.so
7f67e2be4000-7f67e2be5000 rw-p 00016000 08:01 441665                     /usr/lib/jvm/java-7-oracle/jre/lib/amd64/jli/libjli.so
7f67e2be5000-7f67e2bfc000 r-xp 00000000 08:01 152533                     /lib/x86_64-linux-gnu/libpthread-2.17.so
7f67e2bfc000-7f67e2dfc000 ---p 00017000 08:01 152533                     /lib/x86_64-linux-gnu/libpthread-2.17.so
7f67e2dfc000-7f67e2dfd000 r--p 00017000 08:01 152533                     /lib/x86_64-linux-gnu/libpthread-2.17.so
7f67e2dfd000-7f67e2dfe000 rw-p 00018000 08:01 152533                     /lib/x86_64-linux-gnu/libpthread-2.17.so
7f67e2dfe000-7f67e2e02000 rw-p 00000000 00:00 0 
7f67e2e02000-7f67e2e25000 r-xp 00000000 08:01 151054                     /lib/x86_64-linux-gnu/ld-2.17.so
7f67e2e25000-7f67e2e31000 r--s 00000000 08:01 264514                     /var/cache/fontconfig/d589a48862398ed80a3d6066f4f56f4c-le64.cache-4
7f67e2e31000-7f67e2e3c000 r--s 00000000 08:01 264512                     /var/cache/fontconfig/e13b20fdb08344e0e664864cc2ede53d-le64.cache-4
7f67e2e3c000-7f67e2e46000 rw-p 00000000 00:00 0 
7f67e2e46000-7f67e2efc000 rw-p 00000000 00:00 0 
7f67e2efc000-7f67e2eff000 ---p 00000000 00:00 0 
7f67e2eff000-7f67e3001000 rw-p 00000000 00:00 0                          [stack:4342]
7f67e3001000-7f67e3005000 r--s 000f7000 08:01 837297                     /usr/lib/jvm/java-7-oracle/jre/lib/ext/localedata.jar
7f67e3005000-7f67e300c000 r--s 00000000 08:01 413761                     /usr/lib/x86_64-linux-gnu/gconv/gconv-modules.cache
7f67e300c000-7f67e3018000 rw-p 00000000 00:00 0 
7f67e3018000-7f67e3020000 rw-s 00000000 08:01 59                         /tmp/hsperfdata_lyr/4341 (deleted)
7f67e3020000-7f67e3021000 rw-p 00000000 00:00 0 
7f67e3021000-7f67e3022000 ---p 00000000 00:00 0 
7f67e3022000-7f67e3024000 rw-p 00000000 00:00 0 
7f67e3024000-7f67e3025000 r--p 00022000 08:01 151054                     /lib/x86_64-linux-gnu/ld-2.17.so
7f67e3025000-7f67e3027000 rw-p 00023000 08:01 151054                     /lib/x86_64-linux-gnu/ld-2.17.so
7fff9d6ae000-7fff9d6cf000 rw-p 00000000 00:00 0                          [stack]
7fff9d759000-7fff9d75b000 r-xp 00000000 00:00 0                          [vdso]
ffffffffff600000-ffffffffff601000 r-xp 00000000 00:00 0                  [vsyscall]

VM Arguments:
java_command: /home/lyr/HexScape/HexScape.jar
Launcher Type: SUN_STANDARD

Environment Variables:
PATH=/usr/games:/usr/lib/lightdm/lightdm:/usr/local/sbin:/usr/local/bin:/usr/sbin:/usr/bin:/sbin:/bin:/usr/games:/usr/local/games
SHELL=/bin/bash
DISPLAY=:0

Signal Handlers:
SIGSEGV: [libjvm.so+0x99f4a0], sa_mask[0]=0x7ffbfeff, sa_flags=0x10000004
SIGBUS: [libjvm.so+0x99f4a0], sa_mask[0]=0x7ffbfeff, sa_flags=0x10000004
SIGFPE: [libjvm.so+0x81a860], sa_mask[0]=0x7ffbfeff, sa_flags=0x10000004
SIGPIPE: [libjvm.so+0x81a860], sa_mask[0]=0x7ffbfeff, sa_flags=0x10000004
SIGXFSZ: [libjvm.so+0x81a860], sa_mask[0]=0x7ffbfeff, sa_flags=0x10000004
SIGILL: [libjvm.so+0x81a860], sa_mask[0]=0x7ffbfeff, sa_flags=0x10000004
SIGUSR1: SIG_DFL, sa_mask[0]=0x00000000, sa_flags=0x00000000
SIGUSR2: [libjvm.so+0x81c060], sa_mask[0]=0x00000000, sa_flags=0x10000004
SIGHUP: [libjvm.so+0x81d160], sa_mask[0]=0x7ffbfeff, sa_flags=0x10000004
SIGINT: [libjvm.so+0x81d160], sa_mask[0]=0x7ffbfeff, sa_flags=0x10000004
SIGTERM: [libjvm.so+0x81d160], sa_mask[0]=0x7ffbfeff, sa_flags=0x10000004
SIGQUIT: [libjvm.so+0x81d160], sa_mask[0]=0x7ffbfeff, sa_flags=0x10000004


---------------  S Y S T E M  ---------------

OS: