#
# A fatal error has been detected by the Java Runtime Environment:
#
#  SIGSEGV (0xb) at pc=0x0000000000000000, pid=3705, tid=139779846612736
#
# JRE version: OpenJDK Runtime Environment (7.0_55-b14) (build 1.7.0_55-b14)
# Java VM: OpenJDK 64-Bit Server VM (24.51-b03 mixed mode linux-amd64 compressed oops)
# Problematic frame:
# C  0x0000000000000000
#
# Failed to write core dump. Core dumps have been disabled. To enable core dumping, try "ulimit -c unlimited" before starting Java again
#
# If you would like to submit a bug report, please include
# instructions on how to reproduce the bug and visit:
#   http://icedtea.classpath.org/bugzilla
#

---------------  T H R E A D  ---------------

Current thread is native thread

siginfo:si_signo=SIGSEGV: si_errno=0, si_code=1 (SEGV_MAPERR), si_addr=0x0000000000000000

Registers:
RAX=0x00007f2103ffe7c0, RBX=0x0000000000000400, RCX=0x0000000000000000, RDX=0x0000000000000000
RSP=0x00007f21081a9ca8, RBP=0x00007f2110011be0, RSI=0x0000000000000000, RDI=0x00007f2110011be0
R8 =0x0000000000000000, R9 =0x0000000000000000, R10=0x0000000000000000, R11=0x00007f21573cdd9c
R12=0x00007f2110015d70, R13=0x0000000000012000, R14=0x0000000000001000, R15=0x00007f21081a9e58
RIP=0x0000000000000000, EFLAGS=0x0000000000010246, CSGSFS=0x0000000000000033, ERR=0x0000000000000014
  TRAPNO=0x000000000000000e

Top of Stack: (sp=0x00007f21081a9ca8)
0x00007f21081a9ca8:   00007f2103dc74d1 00007f215733bef0
0x00007f21081a9cb8:   00007f210c0065c0 00007f21bb800000
0x00007f21081a9cc8:   00007f2157422729 0000000000000000
0x00007f21081a9cd8:   00007f210370efa2 00007f211000aaf0
0x00007f21081a9ce8:   0000000000000000 0000000000000000
0x00007f21081a9cf8:   0000000000000000 00007f211000d7b0
0x00007f21081a9d08:   00007f211000d6f0 0000000000002000
0x00007f21081a9d18:   00007f2103716cba 00007f211000af30
0x00007f21081a9d28:   00007f2114000f60 0000000000000000
0x00007f21081a9d38:   5700000000000001 0000000000002000
0x00007f21081a9d48:   00007f21037187cb 0000000000000000
0x00007f21081a9d58:   0000000000000000 0000000000000000
0x00007f21081a9d68:   0000000000000000 0000000000000000
0x00007f21081a9d78:   0000000000002000 00007f211000d6f0
0x00007f21081a9d88:   00007f21081a9e58 00007f21081a9e50
0x00007f21081a9d98:   00007f2110015d70 00007f2103731c60
0x00007f21081a9da8:   00007f2103b82be2 00007f20fdd9c040
0x00007f21081a9db8:   00007f20fde2c040 000004005712d2e0
0x00007f21081a9dc8:   00007f21081a9de0 0000000000000000
0x00007f21081a9dd8:   00007f2103b87eb2 00001fa00000037f
0x00007f21081a9de8:   00007f21036fc9ff 00007f211000d7b0
0x00007f21081a9df8:   0000000000002000 00007f211000d0e0
0x00007f21081a9e08:   0000000000000000 00007f2110011be0
0x00007f21081a9e18:   0000000000000008 00007f21081a9e58
0x00007f21081a9e28:   00007f2103ddd544 0000000000000000
0x00007f21081a9e38:   00007f21081a9e50 0000000000002000
0x00007f21081a9e48:   0000000000006000 00007f20fde2c040
0x00007f21081a9e58:   0000000000002000 0000000000000000
0x00007f21081a9e68:   00007f211000e850 0000000000000000
0x00007f21081a9e78:   0000000000000000 00007f2157b2f060
0x00007f21081a9e88:   00007f21082b5400 0000000000001000
0x00007f21081a9e98:   00007f2103dd073a 0000000000000000 

Instructions: (pc=0x0000000000000000)
0xffffffffffffffe0:   

Register to memory mapping:

RAX=0x00007f2103ffe7c0: <offset 0x2577c0> in /home/lyr/git/HexScape/client_gui_desktop/libopenal64.so at 0x00007f2103da7000
RBX=0x0000000000000400 is an unknown value
RCX=0x0000000000000000 is an unknown value
RDX=0x0000000000000000 is an unknown value
RSP=0x00007f21081a9ca8 is an unknown value
RBP=0x00007f2110011be0 is an unknown value
RSI=0x0000000000000000 is an unknown value
RDI=0x00007f2110011be0 is an unknown value
R8 =0x0000000000000000 is an unknown value
R9 =0x0000000000000000 is an unknown value
R10=0x0000000000000000 is an unknown value
R11=0x00007f21573cdd9c: <offset 0x97d9c> in /lib/x86_64-linux-gnu/libc.so.6 at 0x00007f2157336000
R12=0x00007f2110015d70 is an unknown value
R13=0x0000000000012000 is an unknown value
R14=0x0000000000001000 is an unknown value
R15=0x00007f21081a9e58 is an unknown value


Stack: [0x00007f21080aa000,0x00007f21081ab000],  sp=0x00007f21081a9ca8,  free space=1023k

---------------  P R O C E S S  ---------------

VM state:at safepoint (shutting down)

VM Mutex/Monitor currently owned by a thread:  ([mutex/lock_event])
[0x00007f2150007670] Threads_lock - owner thread: 0x00007f2150072000

Heap
 PSYoungGen      total 31744K, used 15758K [0x00000000f2200000, 0x00000000f4480000, 0x0000000100000000)
  eden space 28160K, 53% used [0x00000000f2200000,0x00000000f3099f28,0x00000000f3d80000)
  from space 3584K, 22% used [0x00000000f4100000,0x00000000f41c9930,0x00000000f4480000)
  to   space 3584K, 0% used [0x00000000f3d80000,0x00000000f3d80000,0x00000000f4100000)
 ParOldGen       total 20480K, used 13895K [0x00000000d6600000, 0x00000000d7a00000, 0x00000000f2200000)
  object space 20480K, 67% used [0x00000000d6600000,0x00000000d7391d90,0x00000000d7a00000)
 PSPermGen       total 23552K, used 23089K [0x00000000cc000000, 0x00000000cd700000, 0x00000000d6600000)
  object space 23552K, 98% used [0x00000000cc000000,0x00000000cd68c538,0x00000000cd700000)

Card table byte_map: [0x00007f21544f0000,0x00007f2154691000] byte_map_base: 0x00007f2153e90000

Polling page: 0x00007f2157b2b000

Code Cache  [0x00007f214d000000, 0x00007f214d270000, 0x00007f2150000000)
 total_blobs=959 nmethods=291 adapters=622 free_code_cache=47986Kb largest_free_block=49089856

Compilation events (10 events):
Event: 56,670 Thread 0x00007f21500a0800  299             org.lwjgl.opengl.ReferencesStack::getReferences (10 bytes)
Event: 56,671 Thread 0x00007f21500a0800 nmethod 299 0x00007f214d121e10 code [0x00007f214d121f60, 0x00007f214d121ff8]
Event: 57,414 Thread 0x00007f21500a0800  300             com.jme3.scene.Spatial::getWorldBound (9 bytes)
Event: 57,418 Thread 0x00007f21500a0800 nmethod 300 0x00007f214d121910 code [0x00007f214d121a80, 0x00007f214d121bd0]
Event: 57,422 Thread 0x00007f215009d800  301             java.util.Hashtable$Enumerator::hasMoreElements (53 bytes)
Event: 57,427 Thread 0x00007f215009d800 nmethod 301 0x00007f214d121590 code [0x00007f214d1216e0, 0x00007f214d121858]
Event: 57,587 Thread 0x00007f21500a0800  302             java.lang.String::lastIndexOf (13 bytes)
Event: 57,595 Thread 0x00007f21500a0800 nmethod 302 0x00007f214d1211d0 code [0x00007f214d121320, 0x00007f214d121488]
Event: 57,991 Thread 0x00007f215009d800  303             sun.nio.cs.UTF_8$Decoder::decode (640 bytes)
Event: 58,033 Thread 0x00007f215009d800 nmethod 303 0x00007f214d128f90 code [0x00007f214d129280, 0x00007f214d12a030]

GC Heap History (10 events):
Event: 32,750 GC heap before
{Heap before GC invocations=6 (full 0):
 PSYoungGen      total 9728K, used 9693K [0x00000000f2200000, 0x00000000f3180000, 0x0000000100000000)
  eden space 8704K, 99% used [0x00000000f2200000,0x00000000f2a7f6a8,0x00000000f2a80000)
  from space 1024K, 96% used [0x00000000f2a80000,0x00000000f2b78020,0x00000000f2b80000)
  to   space 3584K, 0% used [0x00000000f2e00000,0x00000000f2e00000,0x00000000f3180000)
 ParOldGen       total 20480K, used 5071K [0x00000000d6600000, 0x00000000d7a00000, 0x00000000f2200000)
  object space 20480K, 24% used [0x00000000d6600000,0x00000000d6af3dd8,0x00000000d7a00000)
 PSPermGen       total 21504K, used 19631K [0x00000000cc000000, 0x00000000cd500000, 0x00000000d6600000)
  object space 21504K, 91% used [0x00000000cc000000,0x00000000cd32be30,0x00000000cd500000)
Event: 32,781 GC heap after
Heap after GC invocations=6 (full 0):
 PSYoungGen      total 12288K, used 1272K [0x00000000f2200000, 0x00000000f3a00000, 0x0000000100000000)
  eden space 8704K, 0% used [0x00000000f2200000,0x00000000f2200000,0x00000000f2a80000)
  from space 3584K, 35% used [0x00000000f2e00000,0x00000000f2f3e2c0,0x00000000f3180000)
  to   space 3584K, 0% used [0x00000000f2a80000,0x00000000f2a80000,0x00000000f2e00000)
 ParOldGen       total 20480K, used 12665K [0x00000000d6600000, 0x00000000d7a00000, 0x00000000f2200000)
  object space 20480K, 61% used [0x00000000d6600000,0x00000000d725e4f8,0x00000000d7a00000)
 PSPermGen       total 21504K, used 19631K [0x00000000cc000000, 0x00000000cd500000, 0x00000000d6600000)
  object space 21504K, 91% used [0x00000000cc000000,0x00000000cd32be30,0x00000000cd500000)
}
Event: 32,944 GC heap before
{Heap before GC invocations=7 (full 0):
 PSYoungGen      total 12288K, used 9976K [0x00000000f2200000, 0x00000000f3a00000, 0x0000000100000000)
  eden space 8704K, 100% used [0x00000000f2200000,0x00000000f2a80000,0x00000000f2a80000)
  from space 3584K, 35% used [0x00000000f2e00000,0x00000000f2f3e2c0,0x00000000f3180000)
  to   space 3584K, 0% used [0x00000000f2a80000,0x00000000f2a80000,0x00000000f2e00000)
 ParOldGen       total 20480K, used 12665K [0x00000000d6600000, 0x00000000d7a00000, 0x00000000f2200000)
  object space 20480K, 61% used [0x00000000d6600000,0x00000000d725e4f8,0x00000000d7a00000)
 PSPermGen       total 21504K, used 19799K [0x00000000cc000000, 0x00000000cd500000, 0x00000000d6600000)
  object space 21504K, 92% used [0x00000000cc000000,0x00000000cd355e68,0x00000000cd500000)
Event: 32,955 GC heap after
Heap after GC invocations=7 (full 0):
 PSYoungGen      total 12288K, used 888K [0x00000000f2200000, 0x00000000f3a00000, 0x0000000100000000)
  eden space 8704K, 0% used [0x00000000f2200000,0x00000000f2200000,0x00000000f2a80000)
  from space 3584K, 24% used [0x00000000f2a80000,0x00000000f2b5e2a0,0x00000000f2e00000)
  to   space 3584K, 0% used [0x00000000f3680000,0x00000000f3680000,0x00000000f3a00000)
 ParOldGen       total 20480K, used 13029K [0x00000000d6600000, 0x00000000d7a00000, 0x00000000f2200000)
  object space 20480K, 63% used [0x00000000d6600000,0x00000000d72b97f0,0x00000000d7a00000)
 PSPermGen       total 21504K, used 19799K [0x00000000cc000000, 0x00000000cd500000, 0x00000000d6600000)
  object space 21504K, 92% used [0x00000000cc000000,0x00000000cd355e68,0x00000000cd500000)
}
Event: 33,086 GC heap before
{Heap before GC invocations=8 (full 0):
 PSYoungGen      total 12288K, used 9592K [0x00000000f2200000, 0x00000000f3a00000, 0x0000000100000000)
  eden space 8704K, 100% used [0x00000000f2200000,0x00000000f2a80000,0x00000000f2a80000)
  from space 3584K, 24% used [0x00000000f2a80000,0x00000000f2b5e2a0,0x00000000f2e00000)
  to   space 3584K, 0% used [0x00000000f3680000,0x00000000f3680000,0x00000000f3a00000)
 ParOldGen       total 20480K, used 13029K [0x00000000d6600000, 0x00000000d7a00000, 0x00000000f2200000)
  object space 20480K, 63% used [0x00000000d6600000,0x00000000d72b97f0,0x00000000d7a00000)
 PSPermGen       total 21504K, used 19915K [0x00000000cc000000, 0x00000000cd500000, 0x00000000d6600000)
  object space 21504K, 92% used [0x00000000cc000000,0x00000000cd372ca8,0x00000000cd500000)
Event: 33,093 GC heap after
Heap after GC invocations=8 (full 0):
 PSYoungGen      total 20992K, used 459K [0x00000000f2200000, 0x00000000f3a00000, 0x0000000100000000)
  eden space 17408K, 0% used [0x00000000f2200000,0x00000000f2200000,0x00000000f3300000)
  from space 3584K, 12% used [0x00000000f3680000,0x00000000f36f2c40,0x00000000f3a00000)
  to   space 3584K, 0% used [0x00000000f3300000,0x00000000f3300000,0x00000000f3680000)
 ParOldGen       total 20480K, used 13557K [0x00000000d6600000, 0x00000000d7a00000, 0x00000000f2200000)
  object space 20480K, 66% used [0x00000000d6600000,0x00000000d733d680,0x00000000d7a00000)
 PSPermGen       total 21504K, used 19915K [0x00000000cc000000, 0x00000000cd500000, 0x00000000d6600000)
  object space 21504K, 92% used [0x00000000cc000000,0x00000000cd372ca8,0x00000000cd500000)
}
Event: 33,370 GC heap before
{Heap before GC invocations=9 (full 0):
 PSYoungGen      total 20992K, used 17867K [0x00000000f2200000, 0x00000000f3a00000, 0x0000000100000000)
  eden space 17408K, 100% used [0x00000000f2200000,0x00000000f3300000,0x00000000f3300000)
  from space 3584K, 12% used [0x00000000f3680000,0x00000000f36f2c40,0x00000000f3a00000)
  to   space 3584K, 0% used [0x00000000f3300000,0x00000000f3300000,0x00000000f3680000)
 ParOldGen       total 20480K, used 13557K [0x00000000d6600000, 0x00000000d7a00000, 0x00000000f2200000)
  object space 20480K, 66% used [0x00000000d6600000,0x00000000d733d680,0x00000000d7a00000)
 PSPermGen       total 21504K, used 19972K [0x00000000cc000000, 0x00000000cd500000, 0x00000000d6600000)
  object space 21504K, 92% used [0x00000000cc000000,0x00000000cd381368,0x00000000cd500000)
Event: 33,376 GC heap after
Heap after GC invocations=9 (full 0):
 PSYoungGen      total 20992K, used 384K [0x00000000f2200000, 0x00000000f4480000, 0x0000000100000000)
  eden space 17408K, 0% used [0x00000000f2200000,0x00000000f2200000,0x00000000f3300000)
  from space 3584K, 10% used [0x00000000f3300000,0x00000000f3360000,0x00000000f3680000)
  to   space 3584K, 0% used [0x00000000f4100000,0x00000000f4100000,0x00000000f4480000)
 ParOldGen       total 20480K, used 13863K [0x00000000d6600000, 0x00000000d7a00000, 0x00000000f2200000)
  object space 20480K, 67% used [0x00000000d6600000,0x00000000d7389d90,0x00000000d7a00000)
 PSPermGen       total 21504K, used 19972K [0x00000000cc000000, 0x00000000cd500000, 0x00000000d6600000)
  object space 21504K, 92% used [0x00000000cc000000,0x00000000cd381368,0x00000000cd500000)
}
Event: 37,136 GC heap before
{Heap before GC invocations=10 (full 0):
 PSYoungGen      total 20992K, used 15265K [0x00000000f2200000, 0x00000000f4480000, 0x0000000100000000)
  eden space 17408K, 85% used [0x00000000f2200000,0x00000000f3088760,0x00000000f3300000)
  from space 3584K, 10% used [0x00000000f3300000,0x00000000f3360000,0x00000000f3680000)
  to   space 3584K, 0% used [0x00000000f4100000,0x00000000f4100000,0x00000000f4480000)
 ParOldGen       total 20480K, used 13863K [0x00000000d6600000, 0x00000000d7a00000, 0x00000000f2200000)
  object space 20480K, 67% used [0x00000000d6600000,0x00000000d7389d90,0x00000000d7a00000)
 PSPermGen       total 22528K, used 22311K [0x00000000cc000000, 0x00000000cd600000, 0x00000000d6600000)
  object space 22528K, 99% used [0x00000000cc000000,0x00000000cd5c9db0,0x00000000cd600000)
Event: 37,147 GC heap after
Heap after GC invocations=10 (full 0):
 PSYoungGen      total 31744K, used 806K [0x00000000f2200000, 0x00000000f4480000, 0x0000000100000000)
  eden space 28160K, 0% used [0x00000000f2200000,0x00000000f2200000,0x00000000f3d80000)
  from space 3584K, 22% used [0x00000000f4100000,0x00000000f41c9930,0x00000000f4480000)
  to   space 3584K, 0% used [0x00000000f3d80000,0x00000000f3d80000,0x00000000f4100000)
 ParOldGen       total 20480K, used 13895K [0x00000000d6600000, 0x00000000d7a00000, 0x00000000f2200000)
  object space 20480K, 67% used [0x00000000d6600000,0x00000000d7391d90,0x00000000d7a00000)
 PSPermGen       total 22528K, used 22311K [0x00000000cc000000, 0x00000000cd600000, 0x00000000d6600000)
  object space 22528K, 99% used [0x00000000cc000000,0x00000000cd5c9db0,0x00000000cd600000)
}

Deoptimization events (10 events):
Event: 31,689 Thread 0x00007f21502fb000 Uncommon trap: reason=class_check action=maybe_recompile pc=0x00007f214d080ba0 method=java.lang.String.equals(Ljava/lang/Object;)Z @ 8
Event: 32,813 Thread 0x00007f21502fb000 Uncommon trap: reason=range_check action=make_not_entrant pc=0x00007f214d0c4230 method=sun.reflect.generics.parser.SignatureParser.current()C @ 34
Event: 33,513 Thread 0x00007f2104039800 Uncommon trap: reason=class_check action=maybe_recompile pc=0x00007f214d0c574c method=java.util.ArrayList.addAll(Ljava/util/Collection;)Z @ 1
Event: 34,529 Thread 0x00007f21502fb000 Uncommon trap: reason=null_check action=make_not_entrant pc=0x00007f214d0f39b0 method=java.util.LinkedHashMap.get(Ljava/lang/Object;)Ljava/lang/Object; @ 5
Event: 36,815 Thread 0x00007f21502fb000 Uncommon trap: reason=unreached action=reinterpret pc=0x00007f214d0b59f4 method=java.util.HashMap.getEntry(Ljava/lang/Object;)Ljava/util/HashMap$Entry; @ 10
Event: 53,766 Thread 0x00007f2104039800 Uncommon trap: reason=array_check action=maybe_recompile pc=0x00007f214d11c5d4 method=com.jme3.util.SortUtil.merge([Ljava/lang/Object;[Ljava/lang/Object;IIILjava/util/Comparator;)V @ 56
Event: 53,766 Thread 0x00007f2104039800 Uncommon trap: reason=array_check action=maybe_recompile pc=0x00007f214d11c5d4 method=com.jme3.util.SortUtil.merge([Ljava/lang/Object;[Ljava/lang/Object;IIILjava/util/Comparator;)V @ 56
Event: 53,766 Thread 0x00007f2104039800 Uncommon trap: reason=array_check action=maybe_recompile pc=0x00007f214d11c5d4 method=com.jme3.util.SortUtil.merge([Ljava/lang/Object;[Ljava/lang/Object;IIILjava/util/Comparator;)V @ 56
Event: 53,767 Thread 0x00007f2104039800 Uncommon trap: reason=array_check action=maybe_recompile pc=0x00007f214d11c6d4 method=com.jme3.util.SortUtil.merge([Ljava/lang/Object;[Ljava/lang/Object;IIILjava/util/Comparator;)V @ 72
Event: 53,769 Thread 0x00007f2104039800 Uncommon trap: reason=array_check action=maybe_recompile pc=0x00007f214d11c6d4 method=com.jme3.util.SortUtil.merge([Ljava/lang/Object;[Ljava/lang/Object;IIILjava/util/Comparator;)V @ 72

Internal exceptions (10 events):
Event: 40,696 Thread 0x00007f2104039800 Threw 0x00000000f2c92940 at /build/buildd/openjdk-7-7u55-2.4.7/build/openjdk/hotspot/src/share/vm/prims/jvm.cpp:1244
Event: 40,799 Thread 0x00007f2104039800 Threw 0x00000000f2ca1180 at /build/buildd/openjdk-7-7u55-2.4.7/build/openjdk/hotspot/src/share/vm/prims/jvm.cpp:1244
Event: 42,886 Thread 0x00007f2104039800 Threw 0x00000000f2e2dea0 at /build/buildd/openjdk-7-7u55-2.4.7/build/openjdk/hotspot/src/share/vm/prims/jvm.cpp:1244
Event: 57,420 Thread 0x00007f2104077800 Threw 0x00000000f2fc8110 at /build/buildd/openjdk-7-7u55-2.4.7/build/openjdk/hotspot/src/share/vm/prims/jvm.cpp:1244
Event: 57,511 Thread 0x00007f2104077800 Threw 0x00000000f2fd2558 at /build/buildd/openjdk-7-7u55-2.4.7/build/openjdk/hotspot/src/share/vm/prims/jvm.cpp:1244
Event: 57,587 Thread 0x00007f2104077800 Threw 0x00000000f2fdd728 at /build/buildd/openjdk-7-7u55-2.4.7/build/openjdk/hotspot/src/share/vm/prims/jvm.cpp:1244
Event: 57,681 Thread 0x00007f2104077800 Threw 0x00000000f2fe5e48 at /build/buildd/openjdk-7-7u55-2.4.7/build/openjdk/hotspot/src/share/vm/prims/jvm.cpp:1244
Event: 57,990 Thread 0x00007f2104077800 Threw 0x00000000f307bb00 at /build/buildd/openjdk-7-7u55-2.4.7/build/openjdk/hotspot/src/share/vm/prims/jvm.cpp:1244
Event: 58,026 Thread 0x00007f2104077800 Threw 0x00000000f3081d58 at /build/buildd/openjdk-7-7u55-2.4.7/build/openjdk/hotspot/src/share/vm/prims/jvm.cpp:1244
Event: 58,131 Thread 0x00007f2104077800 Threw 0x00000000f3086680 at /build/buildd/openjdk-7-7u55-2.4.7/build/openjdk/hotspot/src/share/vm/prims/jvm.cpp:1244

Events (10 events):
Event: 57,719 Thread 0x00007f210420c000 Thread exited: 0x00007f210420c000
Event: 57,990 loading class 0x00007f2120003730
Event: 57,990 loading class 0x00007f2120003730 done
Event: 58,026 loading class 0x00007f2120004200
Event: 58,026 loading class 0x00007f2120004200 done
Event: 58,131 loading class 0x00007f210403c300
Event: 58,131 loading class 0x00007f210403c300 done
Event: 58,229 Thread 0x00007f2104077800 Thread exited: 0x00007f2104077800
Event: 58,229 Thread 0x00007f215009b800 Thread exited: 0x00007f215009b800
Event: 58,229 Executing VM operation: Exit


Dynamic libraries:
00400000-00401000 r-xp 00000000 08:01 143577                             /usr/lib/jvm/java-7-openjdk-amd64/jre/bin/java
00600000-00601000 r--p 00000000 08:01 143577                             /usr/lib/jvm/java-7-openjdk-amd64/jre/bin/java
00601000-00602000 rw-p 00001000 08:01 143577                             /usr/lib/jvm/java-7-openjdk-amd64/jre/bin/java
00b85000-0197b000 rw-p 00000000 00:00 0                                  [heap]
40075000-40077000 r-xs 00000000 08:01 552240                             /tmp/glnk2jpD (deleted)
413f1000-4146f000 rw-p 00000000 00:00 0 
cc000000-cd700000 rw-p 00000000 00:00 0 
cd700000-d6600000 rw-p 00000000 00:00 0 
d6600000-d7a00000 rw-p 00000000 00:00 0 
d7a00000-f2200000 rw-p 00000000 00:00 0 
f2200000-f4480000 rw-p 00000000 00:00 0 
f4480000-100000000 rw-p 00000000 00:00 0 
7f20f93b3000-7f20f97b9000 rw-s e4000000 00:05 10093                      /dev/nvidia0
7f20f97b9000-7f20f9bbf000 rw-s e581c000 00:05 10093                      /dev/nvidia0
7f20f9bbf000-7f20f9fc5000 rw-s e5414000 00:05 10093                      /dev/nvidia0
7f20f9fc5000-7f20fa3c7000 rw-s 689c7000 00:05 10093                      /dev/nvidia0
7f20fa3c7000-7f20fa7cd000 rw-s e4c08000 00:05 10093                      /dev/nvidia0
7f20fabcf000-7f20fafd0000 rw-p 00000000 00:00 0 
7f20fafd0000-7f20fb3d0000 rw-s 6ff18000 00:05 10093                      /dev/nvidia0
7f20fb3d0000-7f20fb8c2000 rw-p 00000000 00:00 0 
7f20fbac3000-7f20fc2c5000 rw-p 00000000 00:00 0 
7f20fc3c4000-7f20fc3c7000 ---p 00000000 00:00 0 
7f20fc3c7000-7f20fc4c5000 rw-p 00000000 00:00 0 
7f20fc4c5000-7f20fc4c8000 ---p 00000000 00:00 0 
7f20fc4c8000-7f20fc5c6000 rw-p 00000000 00:00 0 
7f20fc5c6000-7f20fc5c9000 ---p 00000000 00:00 0 
7f20fc5c9000-7f20fcac8000 rw-p 00000000 00:00 0 
7f20fcac8000-7f20fd256000 rw-s 00000000 00:04 2752523                    /SYSV00000000 (deleted)
7f20fd256000-7f20fd60c000 rw-p 00000000 00:00 0 
7f20fd60c000-7f20fd64f000 r-xp 00000000 08:01 269505                     /usr/lib/x86_64-linux-gnu/libjpeg.so.8.0.2
7f20fd64f000-7f20fd84f000 ---p 00043000 08:01 269505                     /usr/lib/x86_64-linux-gnu/libjpeg.so.8.0.2
7f20fd84f000-7f20fd850000 r--p 00043000 08:01 269505                     /usr/lib/x86_64-linux-gnu/libjpeg.so.8.0.2
7f20fd850000-7f20fd851000 rw-p 00044000 08:01 269505                     /usr/lib/x86_64-linux-gnu/libjpeg.so.8.0.2
7f20fd851000-7f20fd861000 rw-p 00000000 00:00 0 
7f20fd861000-7f20fd86b000 r-xp 00000000 08:01 143514                     /usr/lib/jvm/java-7-openjdk-amd64/jre/lib/amd64/libjavajpeg.so
7f20fd86b000-7f20fda6a000 ---p 0000a000 08:01 143514                     /usr/lib/jvm/java-7-openjdk-amd64/jre/lib/amd64/libjavajpeg.so
7f20fda6a000-7f20fda6b000 r--p 00009000 08:01 143514                     /usr/lib/jvm/java-7-openjdk-amd64/jre/lib/amd64/libjavajpeg.so
7f20fda6b000-7f20fda6c000 rw-p 0000a000 08:01 143514                     /usr/lib/jvm/java-7-openjdk-amd64/jre/lib/amd64/libjavajpeg.so
7f20fda6c000-7f20fdb3a000 rw-p 00000000 00:00 0 
7f20fdb3a000-7f20fdb3d000 ---p 00000000 00:00 0 
7f20fdb3d000-7f20fdc3b000 rw-p 00000000 00:00 0 
7f20fdc3b000-7f20fdc3e000 ---p 00000000 00:00 0 
7f20fdc3e000-7f20fdd3c000 rw-p 00000000 00:00 0 
7f20fdd3c000-7f2101d3d000 rw-s 00000000 00:13 69662                      /run/shm/pulse-shm-2823645691
7f2101d3d000-7f2101d3e000 ---p 00000000 00:00 0 
7f2101d3e000-7f210253e000 rw-p 00000000 00:00 0                          [stack:3761]
7f210253e000-7f2102545000 r-xp 00000000 08:01 262777                     /usr/lib/x86_64-linux-gnu/libogg.so.0.8.1
7f2102545000-7f2102745000 ---p 00007000 08:01 262777                     /usr/lib/x86_64-linux-gnu/libogg.so.0.8.1
7f2102745000-7f2102746000 r--p 00007000 08:01 262777                     /usr/lib/x86_64-linux-gnu/libogg.so.0.8.1
7f2102746000-7f2102747000 rw-p 00008000 08:01 262777                     /usr/lib/x86_64-linux-gnu/libogg.so.0.8.1
7f2102747000-7f2102772000 r-xp 00000000 08:01 267913                     /usr/lib/x86_64-linux-gnu/libvorbis.so.0.4.5
7f2102772000-7f2102972000 ---p 0002b000 08:01 267913                     /usr/lib/x86_64-linux-gnu/libvorbis.so.0.4.5
7f2102972000-7f2102973000 r--p 0002b000 08:01 267913                     /usr/lib/x86_64-linux-gnu/libvorbis.so.0.4.5
7f2102973000-7f2102974000 rw-p 0002c000 08:01 267913                     /usr/lib/x86_64-linux-gnu/libvorbis.so.0.4.5
7f2102974000-7f2102c27000 r-xp 00000000 08:01 267915                     /usr/lib/x86_64-linux-gnu/libvorbisenc.so.2.0.8
7f2102c27000-7f2102e26000 ---p 002b3000 08:01 267915                     /usr/lib/x86_64-linux-gnu/libvorbisenc.so.2.0.8
7f2102e26000-7f2102e42000 r--p 002b2000 08:01 267915                     /usr/lib/x86_64-linux-gnu/libvorbisenc.so.2.0.8
7f2102e42000-7f2102e43000 rw-p 002ce000 08:01 267915                     /usr/lib/x86_64-linux-gnu/libvorbisenc.so.2.0.8
7f2102e43000-7f2102e72000 r-xp 00000000 08:01 263671                     /usr/lib/x86_64-linux-gnu/libFLAC.so.8.3.0
7f2102e72000-7f2103072000 ---p 0002f000 08:01 263671                     /usr/lib/x86_64-linux-gnu/libFLAC.so.8.3.0
7f2103072000-7f2103073000 r--p 0002f000 08:01 263671                     /usr/lib/x86_64-linux-gnu/libFLAC.so.8.3.0
7f2103073000-7f2103074000 rw-p 00030000 08:01 263671                     /usr/lib/x86_64-linux-gnu/libFLAC.so.8.3.0
7f2103074000-7f2103079000 r-xp 00000000 08:01 264532                     /usr/lib/x86_64-linux-gnu/libasyncns.so.0.3.1
7f2103079000-7f2103278000 ---p 00005000 08:01 264532                     /usr/lib/x86_64-linux-gnu/libasyncns.so.0.3.1
7f2103278000-7f2103279000 r--p 00004000 08:01 264532                     /usr/lib/x86_64-linux-gnu/libasyncns.so.0.3.1
7f2103279000-7f210327a000 rw-p 00005000 08:01 264532                     /usr/lib/x86_64-linux-gnu/libasyncns.so.0.3.1
7f210327a000-7f21032db000 r-xp 00000000 08:01 263734                     /usr/lib/x86_64-linux-gnu/libsndfile.so.1.0.25
7f21032db000-7f21034db000 ---p 00061000 08:01 263734                     /usr/lib/x86_64-linux-gnu/libsndfile.so.1.0.25
7f21034db000-7f21034dd000 r--p 00061000 08:01 263734                     /usr/lib/x86_64-linux-gnu/libsndfile.so.1.0.25
7f21034dd000-7f21034de000 rw-p 00063000 08:01 263734                     /usr/lib/x86_64-linux-gnu/libsndfile.so.1.0.25
7f21034de000-7f21034e2000 rw-p 00000000 00:00 0 
7f21034e2000-7f21034ea000 r-xp 00000000 08:01 135499                     /lib/x86_64-linux-gnu/libwrap.so.0.7.6
7f21034ea000-7f21036ea000 ---p 00008000 08:01 135499                     /lib/x86_64-linux-gnu/libwrap.so.0.7.6
7f21036ea000-7f21036eb000 r--p 00008000 08:01 135499                     /lib/x86_64-linux-gnu/libwrap.so.0.7.6
7f21036eb000-7f21036ec000 rw-p 00009000 08:01 135499                     /lib/x86_64-linux-gnu/libwrap.so.0.7.6
7f21036ec000-7f2103752000 r-xp 00000000 08:01 399763                     /usr/lib/x86_64-linux-gnu/pulseaudio/libpulsecommon-4.0.so
7f2103752000-7f2103951000 ---p 00066000 08:01 399763                     /usr/lib/x86_64-linux-gnu/pulseaudio/libpulsecommon-4.0.so
7f2103951000-7f2103952000 r--p 00065000 08:01 399763                     /usr/lib/x86_64-linux-gnu/pulseaudio/libpulsecommon-4.0.so
7f2103952000-7f2103953000 rw-p 00066000 08:01 399763                     /usr/lib/x86_64-linux-gnu/pulseaudio/libpulsecommon-4.0.so
7f2103953000-7f210395c000 r-xp 00000000 08:01 136215                     /lib/x86_64-linux-gnu/libjson-c.so.2.0.1
7f210395c000-7f2103b5c000 ---p 00009000 08:01 136215                     /lib/x86_64-linux-gnu/libjson-c.so.2.0.1
7f2103b5c000-7f2103b5d000 r--p 00009000 08:01 136215                     /lib/x86_64-linux-gnu/libjson-c.so.2.0.1
7f2103b5d000-7f2103b5e000 rw-p 0000a000 08:01 136215                     /lib/x86_64-linux-gnu/libjson-c.so.2.0.1
7f2103b5e000-7f2103ba5000 r-xp 00000000 08:01 264573                     /usr/lib/x86_64-linux-gnu/libpulse.so.0.16.2
7f2103ba5000-7f2103da5000 ---p 00047000 08:01 264573                     /usr/lib/x86_64-linux-gnu/libpulse.so.0.16.2
7f2103da5000-7f2103da6000 r--p 00047000 08:01 264573                     /usr/lib/x86_64-linux-gnu/libpulse.so.0.16.2
7f2103da6000-7f2103da7000 rw-p 00048000 08:01 264573                     /usr/lib/x86_64-linux-gnu/libpulse.so.0.16.2
7f2103da7000-7f2103dfc000 r-xp 00000000 08:03 3278747                    /home/lyr/git/HexScape/client_gui_desktop/libopenal64.so
7f2103dfc000-7f2103ffb000 ---p 00055000 08:03 3278747                    /home/lyr/git/HexScape/client_gui_desktop/libopenal64.so
7f2103ffb000-7f2103ffe000 r--p 00054000 08:03 3278747                    /home/lyr/git/HexScape/client_gui_desktop/libopenal64.so
7f2103ffe000-7f2103fff000 rw-p 00057000 08:03 3278747                    /home/lyr/git/HexScape/client_gui_desktop/libopenal64.so
7f2103fff000-7f2104000000 rw-p 00000000 00:00 0 
7f2104000000-7f210430c000 rw-p 00000000 00:00 0 
7f210430c000-7f2108000000 ---p 00000000 00:00 0 
7f21080a3000-7f21080a5000 rw-p 00000000 00:00 0 
7f21080a5000-7f21080aa000 r--s 0004c000 08:01 143535                     /usr/lib/jvm/java-7-openjdk-amd64/jre/lib/jsse.jar
7f21080aa000-7f21080ab000 ---p 00000000 00:00 0 
7f21080ab000-7f21081ab000 rw-p 00000000 00:00 0                          [stack:3762]
7f21081ab000-7f21081b6000 r--p 00000000 08:01 664017                     /usr/share/locale-langpack/fr/LC_MESSAGES/pulseaudio.mo
7f21081b6000-7f21081b9000 ---p 00000000 00:00 0 
7f21081b9000-7f21082b7000 rw-p 00000000 00:00 0                          [stack:3759]
7f21082b7000-7f21082c2000 r--s 00000000 08:01 264517                     /var/cache/fontconfig/945677eb7aeaf62f1d50efc3fb3ec7d8-le64.cache-4
7f21082c2000-7f21082cb000 r--s 00000000 08:01 267147                     /var/cache/fontconfig/a6d8cf8e4ec09cdbc8633c31745a07dd-le64.cache-4
7f21082cb000-7f21082d1000 r--s 00000000 08:01 268728                     /var/cache/fontconfig/2cd17615ca594fa2959ae173292e504c-le64.cache-4
7f21082d1000-7f21082dd000 r--s 00000000 08:01 267134                     /var/cache/fontconfig/6d41288fd70b0be22e8c3a91e032eec0-le64.cache-4
7f21082dd000-7f2108318000 r--s 00000000 08:01 267123                     /var/cache/fontconfig/365b55f210c0a22e9a19e35191240f32-le64.cache-4
7f2108318000-7f2108369000 r-xp 00000000 08:01 143516                     /usr/lib/jvm/java-7-openjdk-amd64/jre/lib/amd64/libfontmanager.so
7f2108369000-7f2108568000 ---p 00051000 08:01 143516                     /usr/lib/jvm/java-7-openjdk-amd64/jre/lib/amd64/libfontmanager.so
7f2108568000-7f210856b000 r--p 00050000 08:01 143516                     /usr/lib/jvm/java-7-openjdk-amd64/jre/lib/amd64/libfontmanager.so
7f210856b000-7f210856c000 rw-p 00053000 08:01 143516                     /usr/lib/jvm/java-7-openjdk-amd64/jre/lib/amd64/libfontmanager.so
7f210856c000-7f210866c000 rw-s 68fac000 00:05 10093                      /dev/nvidia0
7f210866c000-7f210876c000 rw-s 779cd000 00:05 10093                      /dev/nvidia0
7f210876c000-7f2108811000 rw-p 00000000 00:00 0 
7f2108811000-7f2109081000 rw-s e0000000 00:05 10093                      /dev/nvidia0
7f2109081000-7f210aa51000 r-xp 00000000 08:01 966879                     /usr/lib/nvidia-304/libnvidia-glcore.so.304.88
7f210aa51000-7f210ac50000 ---p 019d0000 08:01 966879                     /usr/lib/nvidia-304/libnvidia-glcore.so.304.88
7f210ac50000-7f210b451000 rwxp 019cf000 08:01 966879                     /usr/lib/nvidia-304/libnvidia-glcore.so.304.88
7f210b451000-7f210b46b000 rwxp 00000000 00:00 0 
7f210b46b000-7f210b46e000 r-xp 00000000 08:01 1079192                    /usr/lib/nvidia-304/tls/libnvidia-tls.so.304.88
7f210b46e000-7f210b66d000 ---p 00003000 08:01 1079192                    /usr/lib/nvidia-304/tls/libnvidia-tls.so.304.88
7f210b66d000-7f210b66e000 rw-p 00002000 08:01 1079192                    /usr/lib/nvidia-304/tls/libnvidia-tls.so.304.88
7f210b66e000-7f210b738000 r-xp 00000000 08:01 966880                     /usr/lib/nvidia-304/libGL.so.304.88
7f210b738000-7f210b938000 ---p 000ca000 08:01 966880                     /usr/lib/nvidia-304/libGL.so.304.88
7f210b938000-7f210b975000 rwxp 000ca000 08:01 966880                     /usr/lib/nvidia-304/libGL.so.304.88
7f210b975000-7f210b98b000 rwxp 00000000 00:00 0 
7f210b98b000-7f210b98f000 r-xp 00000000 08:01 266733                     /usr/lib/x86_64-linux-gnu/libXxf86vm.so.1.0.0
7f210b98f000-7f210bb8f000 ---p 00004000 08:01 266733                     /usr/lib/x86_64-linux-gnu/libXxf86vm.so.1.0.0
7f210bb8f000-7f210bb90000 r--p 00004000 08:01 266733                     /usr/lib/x86_64-linux-gnu/libXxf86vm.so.1.0.0
7f210bb90000-7f210bb91000 rw-p 00005000 08:01 266733                     /usr/lib/x86_64-linux-gnu/libXxf86vm.so.1.0.0
7f210bb91000-7f210bbfb000 r-xp 00000000 08:03 3278746                    /home/lyr/git/HexScape/client_gui_desktop/liblwjgl64.so
7f210bbfb000-7f210bdfb000 ---p 0006a000 08:03 3278746                    /home/lyr/git/HexScape/client_gui_desktop/liblwjgl64.so
7f210bdfb000-7f210bdfd000 r--p 0006a000 08:03 3278746                    /home/lyr/git/HexScape/client_gui_desktop/liblwjgl64.so
7f210bdfd000-7f210bdfe000 rw-p 0006c000 08:03 3278746                    /home/lyr/git/HexScape/client_gui_desktop/liblwjgl64.so
7f210bdfe000-7f210bdff000 r-xp 00000000 08:01 143519                     /usr/lib/jvm/java-7-openjdk-amd64/jre/lib/amd64/libjawt.so
7f210bdff000-7f210bffe000 ---p 00001000 08:01 143519                     /usr/lib/jvm/java-7-openjdk-amd64/jre/lib/amd64/libjawt.so
7f210bffe000-7f210bfff000 r--p 00000000 08:01 143519                     /usr/lib/jvm/java-7-openjdk-amd64/jre/lib/amd64/libjawt.so
7f210bfff000-7f210c000000 rw-p 00001000 08:01 143519                     /usr/lib/jvm/java-7-openjdk-amd64/jre/lib/amd64/libjawt.so
7f210c000000-7f210c021000 rw-p 00000000 00:00 0 
7f210c021000-7f2110000000 ---p 00000000 00:00 0 
7f2110000000-7f211046b000 rw-p 00000000 00:00 0 
7f211046b000-7f2114000000 ---p 00000000 00:00 0 
7f2114000000-7f2114021000 rw-p 00000000 00:00 0 
7f2114021000-7f2118000000 ---p 00000000 00:00 0 
7f2118000000-7f2118001000 r--s 00000000 08:01 267163                     /var/cache/fontconfig/c05880de57d1f5e948fdfacc138775d9-le64.cache-4
7f2118001000-7f2118003000 r--s 00000000 08:01 267161                     /var/cache/fontconfig/99e8ed0e538f840c565b6ed5dad60d56-le64.cache-4
7f2118003000-7f2118006000 r--s 00000000 08:01 267130                     /var/cache/fontconfig/8801497958630a81b71ace7c5f9b32a8-le64.cache-4
7f2118006000-7f211800d000 r--s 00000000 08:01 267122                     /var/cache/fontconfig/3047814df9a2f067bd2d96a2b9c36e5a-le64.cache-4
7f211800d000-7f2118016000 r--s 00000000 08:01 267121                     /var/cache/fontconfig/52f7bdb7ce746bfd7eaa1985bd9cfa93-le64.cache-4
7f2118016000-7f2118029000 r--s 00000000 08:01 267116                     /var/cache/fontconfig/d52a8644073d54c13679302ca1180695-le64.cache-4
7f2118029000-7f2118031000 r--s 00000000 08:01 267115                     /var/cache/fontconfig/3f7329c5293ffd510edef78f73874cfd-le64.cache-4
7f2118031000-7f211803d000 r--s 00000000 08:01 264514                     /var/cache/fontconfig/d589a48862398ed80a3d6066f4f56f4c-le64.cache-4
7f211803d000-7f211807d000 rw-s e3676000 00:05 10093                      /dev/nvidia0
7f211807d000-7f21180fe000 rw-p 00000000 00:00 0 
7f21180fe000-7f2118101000 ---p 00000000 00:00 0 
7f2118101000-7f2118137000 rw-p 00000000 00:00 0                          [stack:3756]
7f2118137000-7f211813a000 ---p 00000000 00:00 0 
7f211813a000-7f2118269000 rw-p 00000000 00:00 0                          [stack:3754]
7f2118269000-7f211827f000 r-xp 00000000 08:01 143508                     /usr/lib/jvm/java-7-openjdk-amd64/jre/lib/amd64/libnet.so
7f211827f000-7f211847f000 ---p 00016000 08:01 143508                     /usr/lib/jvm/java-7-openjdk-amd64/jre/lib/amd64/libnet.so
7f211847f000-7f2118480000 r--p 00016000 08:01 143508                     /usr/lib/jvm/java-7-openjdk-amd64/jre/lib/amd64/libnet.so
7f2118480000-7f2118481000 rw-p 00017000 08:01 143508                     /usr/lib/jvm/java-7-openjdk-amd64/jre/lib/amd64/libnet.so
7f2118481000-7f2118491000 r-xp 00000000 08:01 143527                     /usr/lib/jvm/java-7-openjdk-amd64/jre/lib/amd64/libnio.so
7f2118491000-7f2118691000 ---p 00010000 08:01 143527                     /usr/lib/jvm/java-7-openjdk-amd64/jre/lib/amd64/libnio.so
7f2118691000-7f2118692000 r--p 00010000 08:01 143527                     /usr/lib/jvm/java-7-openjdk-amd64/jre/lib/amd64/libnio.so
7f2118692000-7f2118693000 rw-p 00011000 08:01 143527                     /usr/lib/jvm/java-7-openjdk-amd64/jre/lib/amd64/libnio.so
7f2118693000-7f2118696000 ---p 00000000 00:00 0 
7f2118696000-7f2118794000 rw-p 00000000 00:00 0                          [stack:3749]
7f2118794000-7f2118797000 ---p 00000000 00:00 0 
7f2118797000-7f2118895000 rw-p 00000000 00:00 0                          [stack:3748]
7f2118895000-7f2118898000 ---p 00000000 00:00 0 
7f2118898000-7f2118996000 rw-p 00000000 00:00 0                          [stack:3747]
7f2118996000-7f2118999000 ---p 00000000 00:00 0 
7f2118999000-7f2118a97000 rw-p 00000000 00:00 0                          [stack:3746]
7f2118a97000-7f2118a9b000 r-xp 00000000 08:01 136446                     /lib/x86_64-linux-gnu/libgpg-error.so.0.10.0
7f2118a9b000-7f2118c9a000 ---p 00004000 08:01 136446                     /lib/x86_64-linux-gnu/libgpg-error.so.0.10.0
7f2118c9a000-7f2118c9b000 r--p 00003000 08:01 136446                     /lib/x86_64-linux-gnu/libgpg-error.so.0.10.0
7f2118c9b000-7f2118c9c000 rw-p 00004000 08:01 136446                     /lib/x86_64-linux-gnu/libgpg-error.so.0.10.0
7f2118c9c000-7f2118c9e000 r-xp 00000000 08:01 136000                     /lib/x86_64-linux-gnu/libkeyutils.so.1.4
7f2118c9e000-7f2118e9e000 ---p 00002000 08:01 136000                     /lib/x86_64-linux-gnu/libkeyutils.so.1.4
7f2118e9e000-7f2118e9f000 r--p 00002000 08:01 136000                     /lib/x86_64-linux-gnu/libkeyutils.so.1.4
7f2118e9f000-7f2118ea0000 rw-p 00003000 08:01 136000                     /lib/x86_64-linux-gnu/libkeyutils.so.1.4
7f2118ea0000-7f2118eb8000 r-xp 00000000 08:01 264369                     /usr/lib/x86_64-linux-gnu/libgraphite2.so.3.0.1
7f2118eb8000-7f21190b7000 ---p 00018000 08:01 264369                     /usr/lib/x86_64-linux-gnu/libgraphite2.so.3.0.1
7f21190b7000-7f21190b9000 r--p 00017000 08:01 264369                     /usr/lib/x86_64-linux-gnu/libgraphite2.so.3.0.1
7f21190b9000-7f21190ba000 rw-p 00019000 08:01 264369                     /usr/lib/x86_64-linux-gnu/libgraphite2.so.3.0.1
7f21190ba000-7f21190fe000 r-xp 00000000 08:01 135791                     /lib/x86_64-linux-gnu/libdbus-1.so.3.7.4
7f21190fe000-7f21192fd000 ---p 00044000 08:01 135791                     /lib/x86_64-linux-gnu/libdbus-1.so.3.7.4
7f21192fd000-7f21192fe000 r--p 00043000 08:01 135791                     /lib/x86_64-linux-gnu/libdbus-1.so.3.7.4
7f21192fe000-7f21192ff000 rw-p 00044000 08:01 135791                     /lib/x86_64-linux-gnu/libdbus-1.so.3.7.4
7f21192ff000-7f211931d000 r-xp 00000000 08:01 266321                     /usr/lib/x86_64-linux-gnu/libp11-kit.so.0.0.0
7f211931d000-7f211951c000 ---p 0001e000 08:01 266321                     /usr/lib/x86_64-linux-gnu/libp11-kit.so.0.0.0
7f211951c000-7f211951e000 r--p 0001d000 08:01 266321                     /usr/lib/x86_64-linux-gnu/libp11-kit.so.0.0.0
7f211951e000-7f211951f000 rw-p 0001f000 08:01 266321                     /usr/lib/x86_64-linux-gnu/libp11-kit.so.0.0.0
7f211951f000-7f211952f000 r-xp 00000000 08:01 267023                     /usr/lib/x86_64-linux-gnu/libtasn1.so.3.2.0
7f211952f000-7f211972e000 ---p 00010000 08:01 267023                     /usr/lib/x86_64-linux-gnu/libtasn1.so.3.2.0
7f211972e000-7f211972f000 r--p 0000f000 08:01 267023                     /usr/lib/x86_64-linux-gnu/libtasn1.so.3.2.0
7f211972f000-7f2119730000 rw-p 00010000 08:01 267023                     /usr/lib/x86_64-linux-gnu/libtasn1.so.3.2.0
7f2119730000-7f21197aa000 r-xp 00000000 08:01 136512                     /lib/x86_64-linux-gnu/libgcrypt.so.11.7.0
7f21197aa000-7f21199aa000 ---p 0007a000 08:01 136512                     /lib/x86_64-linux-gnu/libgcrypt.so.11.7.0
7f21199aa000-7f21199ab000 r--p 0007a000 08:01 136512                     /lib/x86_64-linux-gnu/libgcrypt.so.11.7.0
7f21199ab000-7f21199ae000 rw-p 0007b000 08:01 136512                     /lib/x86_64-linux-gnu/libgcrypt.so.11.7.0
7f21199ae000-7f21199b5000 r-xp 00000000 08:01 273608                     /usr/lib/x86_64-linux-gnu/libkrb5support.so.0.1
7f21199b5000-7f2119bb4000 ---p 00007000 08:01 273608                     /usr/lib/x86_64-linux-gnu/libkrb5support.so.0.1
7f2119bb4000-7f2119bb5000 r--p 00006000 08:01 273608                     /usr/lib/x86_64-linux-gnu/libkrb5support.so.0.1
7f2119bb5000-7f2119bb6000 rw-p 00007000 08:01 273608                     /usr/lib/x86_64-linux-gnu/libkrb5support.so.0.1
7f2119bb6000-7f2119bb9000 r-xp 00000000 08:01 135806                     /lib/x86_64-linux-gnu/libcom_err.so.2.1
7f2119bb9000-7f2119db8000 ---p 00003000 08:01 135806                     /lib/x86_64-linux-gnu/libcom_err.so.2.1
7f2119db8000-7f2119db9000 r--p 00002000 08:01 135806                     /lib/x86_64-linux-gnu/libcom_err.so.2.1
7f2119db9000-7f2119dba000 rw-p 00003000 08:01 135806                     /lib/x86_64-linux-gnu/libcom_err.so.2.1
7f2119dba000-7f2119de0000 r-xp 00000000 08:01 267280                     /usr/lib/x86_64-linux-gnu/libk5crypto.so.3.1
7f2119de0000-7f2119fdf000 ---p 00026000 08:01 267280                     /usr/lib/x86_64-linux-gnu/libk5crypto.so.3.1
7f2119fdf000-7f2119fe0000 r--p 00025000 08:01 267280                     /usr/lib/x86_64-linux-gnu/libk5crypto.so.3.1
7f2119fe0000-7f2119fe1000 rw-p 00026000 08:01 267280                     /usr/lib/x86_64-linux-gnu/libk5crypto.so.3.1
7f2119fe1000-7f2119fe2000 rw-p 00000000 00:00 0 
7f2119fe2000-7f211a0a7000 r-xp 00000000 08:01 271940                     /usr/lib/x86_64-linux-gnu/libkrb5.so.3.3
7f211a0a7000-7f211a2a6000 ---p 000c5000 08:01 271940                     /usr/lib/x86_64-linux-gnu/libkrb5.so.3.3
7f211a2a6000-7f211a2b0000 r--p 000c4000 08:01 271940                     /usr/lib/x86_64-linux-gnu/libkrb5.so.3.3
7f211a2b0000-7f211a2b1000 rw-p 000ce000 08:01 271940                     /usr/lib/x86_64-linux-gnu/libkrb5.so.3.3
7f211a2b1000-7f211a2b7000 r-xp 00000000 08:01 273871                     /usr/lib/x86_64-linux-gnu/libdatrie.so.1.2.0
7f211a2b7000-7f211a4b6000 ---p 00006000 08:01 273871                     /usr/lib/x86_64-linux-gnu/libdatrie.so.1.2.0
7f211a4b6000-7f211a4b7000 r--p 00005000 08:01 273871                     /usr/lib/x86_64-linux-gnu/libdatrie.so.1.2.0
7f211a4b7000-7f211a4b8000 rw-p 00006000 08:01 273871                     /usr/lib/x86_64-linux-gnu/libdatrie.so.1.2.0
7f211a4b8000-7f211a508000 r-xp 00000000 08:01 273600                     /usr/lib/x86_64-linux-gnu/libharfbuzz.so.0.919.0
7f211a508000-7f211a708000 ---p 00050000 08:01 273600                     /usr/lib/x86_64-linux-gnu/libharfbuzz.so.0.919.0
7f211a708000-7f211a709000 r--p 00050000 08:01 273600                     /usr/lib/x86_64-linux-gnu/libharfbuzz.so.0.919.0
7f211a709000-7f211a70a000 rw-p 00051000 08:01 273600                     /usr/lib/x86_64-linux-gnu/libharfbuzz.so.0.919.0
7f211a70a000-7f211a712000 r-xp 00000000 08:01 264513                     /usr/lib/x86_64-linux-gnu/libxcb-render.so.0.0.0
7f211a712000-7f211a911000 ---p 00008000 08:01 264513                     /usr/lib/x86_64-linux-gnu/libxcb-render.so.0.0.0
7f211a911000-7f211a912000 r--p 00007000 08:01 264513                     /usr/lib/x86_64-linux-gnu/libxcb-render.so.0.0.0
7f211a912000-7f211a913000 rw-p 00008000 08:01 264513                     /usr/lib/x86_64-linux-gnu/libxcb-render.so.0.0.0
7f211a913000-7f211a915000 r-xp 00000000 08:01 266697                     /usr/lib/x86_64-linux-gnu/libxcb-shm.so.0.0.0
7f211a915000-7f211ab14000 ---p 00002000 08:01 266697                     /usr/lib/x86_64-linux-gnu/libxcb-shm.so.0.0.0
7f211ab14000-7f211ab15000 r--p 00001000 08:01 266697                     /usr/lib/x86_64-linux-gnu/libxcb-shm.so.0.0.0
7f211ab15000-7f211ab16000 rw-p 00002000 08:01 266697                     /usr/lib/x86_64-linux-gnu/libxcb-shm.so.0.0.0
7f211ab16000-7f211ab3b000 r-xp 00000000 08:01 135315                     /lib/x86_64-linux-gnu/libpng12.so.0.49.0
7f211ab3b000-7f211ad3a000 ---p 00025000 08:01 135315                     /lib/x86_64-linux-gnu/libpng12.so.0.49.0
7f211ad3a000-7f211ad3b000 r--p 00024000 08:01 135315                     /lib/x86_64-linux-gnu/libpng12.so.0.49.0
7f211ad3b000-7f211ad3c000 rw-p 00025000 08:01 135315                     /lib/x86_64-linux-gnu/libpng12.so.0.49.0
7f211ad3c000-7f211addd000 r-xp 00000000 08:01 269493                     /usr/lib/x86_64-linux-gnu/libpixman-1.so.0.30.2
7f211addd000-7f211afdd000 ---p 000a1000 08:01 269493                     /usr/lib/x86_64-linux-gnu/libpixman-1.so.0.30.2
7f211afdd000-7f211afe4000 r--p 000a1000 08:01 269493                     /usr/lib/x86_64-linux-gnu/libpixman-1.so.0.30.2
7f211afe4000-7f211afe5000 rw-p 000a8000 08:01 269493                     /usr/lib/x86_64-linux-gnu/libpixman-1.so.0.30.2
7f211afe5000-7f211afea000 r-xp 00000000 08:01 267218                     /usr/lib/x86_64-linux-gnu/libXdmcp.so.6.0.0
7f211afea000-7f211b1e9000 ---p 00005000 08:01 267218                     /usr/lib/x86_64-linux-gnu/libXdmcp.so.6.0.0
7f211b1e9000-7f211b1ea000 r--p 00004000 08:01 267218                     /usr/lib/x86_64-linux-gnu/libXdmcp.so.6.0.0
7f211b1ea000-7f211b1eb000 rw-p 00005000 08:01 267218                     /usr/lib/x86_64-linux-gnu/libXdmcp.so.6.0.0
7f211b1eb000-7f211b1ed000 r-xp 00000000 08:01 271803                     /usr/lib/x86_64-linux-gnu/libXau.so.6.0.0
7f211b1ed000-7f211b3ed000 ---p 00002000 08:01 271803                     /usr/lib/x86_64-linux-gnu/libXau.so.6.0.0
7f211b3ed000-7f211b3ee000 r--p 00002000 08:01 271803                     /usr/lib/x86_64-linux-gnu/libXau.so.6.0.0
7f211b3ee000-7f211b3ef000 rw-p 00003000 08:01 271803                     /usr/lib/x86_64-linux-gnu/libXau.so.6.0.0
7f211b3ef000-7f211b3fe000 r-xp 00000000 08:01 265604                     /usr/lib/x86_64-linux-gnu/libavahi-client.so.3.2.9
7f211b3fe000-7f211b5fe000 ---p 0000f000 08:01 265604                     /usr/lib/x86_64-linux-gnu/libavahi-client.so.3.2.9
7f211b5fe000-7f211b5ff000 r--p 0000f000 08:01 265604                     /usr/lib/x86_64-linux-gnu/libavahi-client.so.3.2.9
7f211b5ff000-7f211b600000 rw-p 00010000 08:01 265604                     /usr/lib/x86_64-linux-gnu/libavahi-client.so.3.2.9
7f211b600000-7f211b60b000 r-xp 00000000 08:01 263864                     /usr/lib/x86_64-linux-gnu/libavahi-common.so.3.5.3
7f211b60b000-7f211b80a000 ---p 0000b000 08:01 263864                     /usr/lib/x86_64-linux-gnu/libavahi-common.so.3.5.3
7f211b80a000-7f211b80b000 r--p 0000a000 08:01 263864                     /usr/lib/x86_64-linux-gnu/libavahi-common.so.3.5.3
7f211b80b000-7f211b80c000 rw-p 0000b000 08:01 263864                     /usr/lib/x86_64-linux-gnu/libavahi-common.so.3.5.3
7f211b80c000-7f211b8c2000 r-xp 00000000 08:01 308165                     /usr/lib/x86_64-linux-gnu/libgnutls.so.26.22.6
7f211b8c2000-7f211bac2000 ---p 000b6000 08:01 308165                     /usr/lib/x86_64-linux-gnu/libgnutls.so.26.22.6
7f211bac2000-7f211bac8000 r--p 000b6000 08:01 308165                     /usr/lib/x86_64-linux-gnu/libgnutls.so.26.22.6
7f211bac8000-7f211bac9000 rw-p 000bc000 08:01 308165                     /usr/lib/x86_64-linux-gnu/libgnutls.so.26.22.6
7f211bac9000-7f211baca000 rw-p 00000000 00:00 0 
7f211baca000-7f211bb05000 r-xp 00000000 08:01 270454                     /usr/lib/x86_64-linux-gnu/libgssapi_krb5.so.2.2
7f211bb05000-7f211bd05000 ---p 0003b000 08:01 270454                     /usr/lib/x86_64-linux-gnu/libgssapi_krb5.so.2.2
7f211bd05000-7f211bd06000 r--p 0003b000 08:01 270454                     /usr/lib/x86_64-linux-gnu/libgssapi_krb5.so.2.2
7f211bd06000-7f211bd08000 rw-p 0003c000 08:01 270454                     /usr/lib/x86_64-linux-gnu/libgssapi_krb5.so.2.2
7f211bd08000-7f211bd45000 r-xp 00000000 08:01 135446                     /lib/x86_64-linux-gnu/libpcre.so.3.13.1
7f211bd45000-7f211bf45000 ---p 0003d000 08:01 135446                     /lib/x86_64-linux-gnu/libpcre.so.3.13.1
7f211bf45000-7f211bf46000 r--p 0003d000 08:01 135446                     /lib/x86_64-linux-gnu/libpcre.so.3.13.1
7f211bf46000-7f211bf47000 rw-p 0003e000 08:01 135446                     /lib/x86_64-linux-gnu/libpcre.so.3.13.1
7f211bf47000-7f211bf4e000 r-xp 00000000 08:01 271751                     /usr/lib/x86_64-linux-gnu/libffi.so.6.0.1
7f211bf4e000-7f211c14d000 ---p 00007000 08:01 271751                     /usr/lib/x86_64-linux-gnu/libffi.so.6.0.1
7f211c14d000-7f211c14e000 r--p 00006000 08:01 271751                     /usr/lib/x86_64-linux-gnu/libffi.so.6.0.1
7f211c14e000-7f211c14f000 rw-p 00007000 08:01 271751                     /usr/lib/x86_64-linux-gnu/libffi.so.6.0.1
7f211c14f000-7f211c176000 r-xp 00000000 08:01 135298                     /lib/x86_64-linux-gnu/libexpat.so.1.6.0
7f211c176000-7f211c376000 ---p 00027000 08:01 135298                     /lib/x86_64-linux-gnu/libexpat.so.1.6.0
7f211c376000-7f211c378000 r--p 00027000 08:01 135298                     /lib/x86_64-linux-gnu/libexpat.so.1.6.0
7f211c378000-7f211c379000 rw-p 00029000 08:01 135298                     /lib/x86_64-linux-gnu/libexpat.so.1.6.0
7f211c379000-7f211c415000 r-xp 00000000 08:01 298039                     /usr/lib/x86_64-linux-gnu/libfreetype.so.6.10.1
7f211c415000-7f211c615000 ---p 0009c000 08:01 298039                     /usr/lib/x86_64-linux-gnu/libfreetype.so.6.10.1
7f211c615000-7f211c61a000 r--p 0009c000 08:01 298039                     /usr/lib/x86_64-linux-gnu/libfreetype.so.6.10.1
7f211c61a000-7f211c61b000 rw-p 000a1000 08:01 298039                     /usr/lib/x86_64-linux-gnu/libfreetype.so.6.10.1
7f211c61b000-7f211c623000 r-xp 00000000 08:01 273922                     /usr/lib/x86_64-linux-gnu/libthai.so.0.2.0
7f211c623000-7f211c822000 ---p 00008000 08:01 273922                     /usr/lib/x86_64-linux-gnu/libthai.so.0.2.0
7f211c822000-7f211c823000 r--p 00007000 08:01 273922                     /usr/lib/x86_64-linux-gnu/libthai.so.0.2.0
7f211c823000-7f211c824000 rw-p 00008000 08:01 273922                     /usr/lib/x86_64-linux-gnu/libthai.so.0.2.0
7f211c824000-7f211c83a000 r-xp 00000000 08:01 151049                     /lib/x86_64-linux-gnu/libresolv-2.17.so
7f211c83a000-7f211ca3a000 ---p 00016000 08:01 151049                     /lib/x86_64-linux-gnu/libresolv-2.17.so
7f211ca3a000-7f211ca3b000 r--p 00016000 08:01 151049                     /lib/x86_64-linux-gnu/libresolv-2.17.so
7f211ca3b000-7f211ca3c000 rw-p 00017000 08:01 151049                     /lib/x86_64-linux-gnu/libresolv-2.17.so
7f211ca3c000-7f211ca3e000 rw-p 00000000 00:00 0 
7f211ca3e000-7f211ca5d000 r-xp 00000000 08:01 135754                     /lib/x86_64-linux-gnu/libselinux.so.1
7f211ca5d000-7f211cc5d000 ---p 0001f000 08:01 135754                     /lib/x86_64-linux-gnu/libselinux.so.1
7f211cc5d000-7f211cc5e000 r--p 0001f000 08:01 135754                     /lib/x86_64-linux-gnu/libselinux.so.1
7f211cc5e000-7f211cc5f000 rw-p 00020000 08:01 135754                     /lib/x86_64-linux-gnu/libselinux.so.1
7f211cc5f000-7f211cc60000 rw-p 00000000 00:00 0 
7f211cc60000-7f211cc62000 r-xp 00000000 08:01 266728                     /usr/lib/x86_64-linux-gnu/libXdamage.so.1.1.0
7f211cc62000-7f211ce61000 ---p 00002000 08:01 266728                     /usr/lib/x86_64-linux-gnu/libXdamage.so.1.1.0
7f211ce61000-7f211ce62000 r--p 00001000 08:01 266728                     /usr/lib/x86_64-linux-gnu/libXdamage.so.1.1.0
7f211ce62000-7f211ce63000 rw-p 00002000 08:01 266728                     /usr/lib/x86_64-linux-gnu/libXdamage.so.1.1.0
7f211ce63000-7f211ce65000 r-xp 00000000 08:01 262726                     /usr/lib/x86_64-linux-gnu/libXcomposite.so.1.0.0
7f211ce65000-7f211d064000 ---p 00002000 08:01 262726                     /usr/lib/x86_64-linux-gnu/libXcomposite.so.1.0.0
7f211d064000-7f211d065000 r--p 00001000 08:01 262726                     /usr/lib/x86_64-linux-gnu/libXcomposite.so.1.0.0
7f211d065000-7f211d066000 rw-p 00002000 08:01 262726                     /usr/lib/x86_64-linux-gnu/libXcomposite.so.1.0.0
7f211d066000-7f211d06f000 r-xp 00000000 08:01 262723                     /usr/lib/x86_64-linux-gnu/libXcursor.so.1.0.2
7f211d06f000-7f211d26e000 ---p 00009000 08:01 262723                     /usr/lib/x86_64-linux-gnu/libXcursor.so.1.0.2
7f211d26e000-7f211d26f000 r--p 00008000 08:01 262723                     /usr/lib/x86_64-linux-gnu/libXcursor.so.1.0.2
7f211d26f000-7f211d270000 rw-p 00009000 08:01 262723                     /usr/lib/x86_64-linux-gnu/libXcursor.so.1.0.2
7f211d270000-7f211d279000 r-xp 00000000 08:01 272766                     /usr/lib/x86_64-linux-gnu/libXrandr.so.2.2.0
7f211d279000-7f211d478000 ---p 00009000 08:01 272766                     /usr/lib/x86_64-linux-gnu/libXrandr.so.2.2.0
7f211d478000-7f211d479000 r--p 00008000 08:01 272766                     /usr/lib/x86_64-linux-gnu/libXrandr.so.2.2.0
7f211d479000-7f211d47a000 rw-p 00009000 08:01 272766                     /usr/lib/x86_64-linux-gnu/libXrandr.so.2.2.0
7f211d47a000-7f211d47c000 r-xp 00000000 08:01 273668                     /usr/lib/x86_64-linux-gnu/libXinerama.so.1.0.0
7f211d47c000-7f211d67b000 ---p 00002000 08:01 273668                     /usr/lib/x86_64-linux-gnu/libXinerama.so.1.0.0
7f211d67b000-7f211d67c000 r--p 00001000 08:01 273668                     /usr/lib/x86_64-linux-gnu/libXinerama.so.1.0.0
7f211d67c000-7f211d67d000 rw-p 00002000 08:01 273668                     /usr/lib/x86_64-linux-gnu/libXinerama.so.1.0.0
7f211d67d000-7f211d691000 r-xp 00000000 08:01 273620                     /usr/lib/x86_64-linux-gnu/libpangoft2-1.0.so.0.3200.5
7f211d691000-7f211d890000 ---p 00014000 08:01 273620                     /usr/lib/x86_64-linux-gnu/libpangoft2-1.0.so.0.3200.5
7f211d890000-7f211d891000 r--p 00013000 08:01 273620                     /usr/lib/x86_64-linux-gnu/libpangoft2-1.0.so.0.3200.5
7f211d891000-7f211d892000 rw-p 00014000 08:01 273620                     /usr/lib/x86_64-linux-gnu/libpangoft2-1.0.so.0.3200.5
7f211d892000-7f211d996000 r-xp 00000000 08:01 266758                     /usr/lib/x86_64-linux-gnu/libcairo.so.2.11200.16
7f211d996000-7f211db95000 ---p 00104000 08:01 266758                     /usr/lib/x86_64-linux-gnu/libcairo.so.2.11200.16
7f211db95000-7f211db98000 r--p 00103000 08:01 266758                     /usr/lib/x86_64-linux-gnu/libcairo.so.2.11200.16
7f211db98000-7f211db99000 rw-p 00106000 08:01 266758                     /usr/lib/x86_64-linux-gnu/libcairo.so.2.11200.16
7f211db99000-7f211db9b000 rw-p 00000000 00:00 0 
7f211db9b000-7f211dbba000 r-xp 00000000 08:01 274287                     /usr/lib/x86_64-linux-gnu/libatk-1.0.so.0.21009.1
7f211dbba000-7f211ddba000 ---p 0001f000 08:01 274287                     /usr/lib/x86_64-linux-gnu/libatk-1.0.so.0.21009.1
7f211ddba000-7f211ddbc000 r--p 0001f000 08:01 274287                     /usr/lib/x86_64-linux-gnu/libatk-1.0.so.0.21009.1
7f211ddbc000-7f211ddbd000 rw-p 00021000 08:01 274287                     /usr/lib/x86_64-linux-gnu/libatk-1.0.so.0.21009.1
7f211ddbd000-7f211ddc2000 r-xp 00000000 08:01 272928                     /usr/lib/x86_64-linux-gnu/libXfixes.so.3.1.0
7f211ddc2000-7f211dfc1000 ---p 00005000 08:01 272928                     /usr/lib/x86_64-linux-gnu/libXfixes.so.3.1.0
7f211dfc1000-7f211dfc2000 r--p 00004000 08:01 272928                     /usr/lib/x86_64-linux-gnu/libXfixes.so.3.1.0
7f211dfc2000-7f211dfc3000 rw-p 00005000 08:01 272928                     /usr/lib/x86_64-linux-gnu/libXfixes.so.3.1.0
7f211dfc3000-7f211dfce000 r-xp 00000000 08:01 273627                     /usr/lib/x86_64-linux-gnu/libpangocairo-1.0.so.0.3200.5
7f211dfce000-7f211e1ce000 ---p 0000b000 08:01 273627                     /usr/lib/x86_64-linux-gnu/libpangocairo-1.0.so.0.3200.5
7f211e1ce000-7f211e1cf000 r--p 0000b000 08:01 273627                     /usr/lib/x86_64-linux-gnu/libpangocairo-1.0.so.0.3200.5
7f211e1cf000-7f211e1d0000 rw-p 0000c000 08:01 273627                     /usr/lib/x86_64-linux-gnu/libpangocairo-1.0.so.0.3200.5
7f211e1d0000-7f211e1d3000 r-xp 00000000 08:01 271667                     /usr/lib/x86_64-linux-gnu/libgmodule-2.0.so.0.3800.1
7f211e1d3000-7f211e3d2000 ---p 00003000 08:01 271667                     /usr/lib/x86_64-linux-gnu/libgmodule-2.0.so.0.3800.1
7f211e3d2000-7f211e3d3000 r--p 00002000 08:01 271667                     /usr/lib/x86_64-linux-gnu/libgmodule-2.0.so.0.3800.1
7f211e3d3000-7f211e3d4000 rw-p 00003000 08:01 271667                     /usr/lib/x86_64-linux-gnu/libgmodule-2.0.so.0.3800.1
7f211e3d4000-7f211e3f1000 r-xp 00000000 08:01 271865                     /usr/lib/x86_64-linux-gnu/libxcb.so.1.1.0
7f211e3f1000-7f211e5f0000 ---p 0001d000 08:01 271865                     /usr/lib/x86_64-linux-gnu/libxcb.so.1.1.0
7f211e5f0000-7f211e5f1000 r--p 0001c000 08:01 271865                     /usr/lib/x86_64-linux-gnu/libxcb.so.1.1.0
7f211e5f1000-7f211e5f2000 rw-p 0001d000 08:01 271865                     /usr/lib/x86_64-linux-gnu/libxcb.so.1.1.0
7f211e5f2000-7f211e65e000 r-xp 00000000 08:01 303993                     /usr/lib/x86_64-linux-gnu/libcups.so.2
7f211e65e000-7f211e85d000 ---p 0006c000 08:01 303993                     /usr/lib/x86_64-linux-gnu/libcups.so.2
7f211e85d000-7f211e864000 r--p 0006b000 08:01 303993                     /usr/lib/x86_64-linux-gnu/libcups.so.2
7f211e864000-7f211e865000 rw-p 00072000 08:01 303993                     /usr/lib/x86_64-linux-gnu/libcups.so.2
7f211e865000-7f211e963000 r-xp 00000000 08:01 135862                     /lib/x86_64-linux-gnu/libglib-2.0.so.0.3800.1
7f211e963000-7f211eb63000 ---p 000fe000 08:01 135862                     /lib/x86_64-linux-gnu/libglib-2.0.so.0.3800.1
7f211eb63000-7f211eb64000 r--p 000fe000 08:01 135862                     /lib/x86_64-linux-gnu/libglib-2.0.so.0.3800.1
7f211eb64000-7f211eb65000 rw-p 000ff000 08:01 135862                     /lib/x86_64-linux-gnu/libglib-2.0.so.0.3800.1
7f211eb65000-7f211eb66000 rw-p 00000000 00:00 0 
7f211eb66000-7f211eb67000 r-xp 00000000 08:01 271666                     /usr/lib/x86_64-linux-gnu/libgthread-2.0.so.0.3800.1
7f211eb67000-7f211ed66000 ---p 00001000 08:01 271666                     /usr/lib/x86_64-linux-gnu/libgthread-2.0.so.0.3800.1
7f211ed66000-7f211ed67000 r--p 00000000 08:01 271666                     /usr/lib/x86_64-linux-gnu/libgthread-2.0.so.0.3800.1
7f211ed67000-7f211ed68000 rw-p 00001000 08:01 271666                     /usr/lib/x86_64-linux-gnu/libgthread-2.0.so.0.3800.1
7f211ed68000-7f211edb7000 r-xp 00000000 08:01 271665                     /usr/lib/x86_64-linux-gnu/libgobject-2.0.so.0.3800.1
7f211edb7000-7f211efb7000 ---p 0004f000 08:01 271665                     /usr/lib/x86_64-linux-gnu/libgobject-2.0.so.0.3800.1
7f211efb7000-7f211efb8000 r--p 0004f000 08:01 271665                     /usr/lib/x86_64-linux-gnu/libgobject-2.0.so.0.3800.1
7f211efb8000-7f211efb9000 rw-p 00050000 08:01 271665                     /usr/lib/x86_64-linux-gnu/libgobject-2.0.so.0.3800.1
7f211efb9000-7f211eff2000 r-xp 00000000 08:01 264448                     /usr/lib/x86_64-linux-gnu/libfontconfig.so.1.7.0
7f211eff2000-7f211f1f2000 ---p 00039000 08:01 264448                     /usr/lib/x86_64-linux-gnu/libfontconfig.so.1.7.0
7f211f1f2000-7f211f1f4000 r--p 00039000 08:01 264448                     /usr/lib/x86_64-linux-gnu/libfontconfig.so.1.7.0
7f211f1f4000-7f211f1f5000 rw-p 0003b000 08:01 264448                     /usr/lib/x86_64-linux-gnu/libfontconfig.so.1.7.0
7f211f1f5000-7f211f23f000 r-xp 00000000 08:01 273933                     /usr/lib/x86_64-linux-gnu/libpango-1.0.so.0.3200.5
7f211f23f000-7f211f43e000 ---p 0004a000 08:01 273933                     /usr/lib/x86_64-linux-gnu/libpango-1.0.so.0.3200.5
7f211f43e000-7f211f440000 r--p 00049000 08:01 273933                     /usr/lib/x86_64-linux-gnu/libpango-1.0.so.0.3200.5
7f211f440000-7f211f441000 rw-p 0004b000 08:01 273933                     /usr/lib/x86_64-linux-gnu/libpango-1.0.so.0.3200.5
7f211f441000-7f211f460000 r-xp 00000000 08:01 275828                     /usr/lib/x86_64-linux-gnu/libgdk_pixbuf-2.0.so.0.2800.1
7f211f460000-7f211f65f000 ---p 0001f000 08:01 275828                     /usr/lib/x86_64-linux-gnu/libgdk_pixbuf-2.0.so.0.2800.1
7f211f65f000-7f211f660000 r--p 0001e000 08:01 275828                     /usr/lib/x86_64-linux-gnu/libgdk_pixbuf-2.0.so.0.2800.1
7f211f660000-7f211f661000 rw-p 0001f000 08:01 275828                     /usr/lib/x86_64-linux-gnu/libgdk_pixbuf-2.0.so.0.2800.1
7f211f661000-7f211f7bd000 r-xp 00000000 08:01 271664                     /usr/lib/x86_64-linux-gnu/libgio-2.0.so.0.3800.1
7f211f7bd000-7f211f9bc000 ---p 0015c000 08:01 271664                     /usr/lib/x86_64-linux-gnu/libgio-2.0.so.0.3800.1
7f211f9bc000-7f211f9c0000 r--p 0015b000 08:01 271664                     /usr/lib/x86_64-linux-gnu/libgio-2.0.so.0.3800.1
7f211f9c0000-7f211f9c2000 rw-p 0015f000 08:01 271664                     /usr/lib/x86_64-linux-gnu/libgio-2.0.so.0.3800.1
7f211f9c2000-7f211f9c4000 rw-p 00000000 00:00 0 
7f211f9c4000-7f211fdf3000 r-xp 00000000 08:01 263471                     /usr/lib/x86_64-linux-gnu/libgtk-x11-2.0.so.0.2400.20
7f211fdf3000-7f211fff2000 ---p 0042f000 08:01 263471                     /usr/lib/x86_64-linux-gnu/libgtk-x11-2.0.so.0.2400.20
7f211fff2000-7f211fff9000 r--p 0042e000 08:01 263471                     /usr/lib/x86_64-linux-gnu/libgtk-x11-2.0.so.0.2400.20
7f211fff9000-7f211fffd000 rw-p 00435000 08:01 263471                     /usr/lib/x86_64-linux-gnu/libgtk-x11-2.0.so.0.2400.20
7f211fffd000-7f2120000000 rw-p 00000000 00:00 0 
7f2120000000-7f2120021000 rw-p 00000000 00:00 0 
7f2120021000-7f2124000000 ---p 00000000 00:00 0 
7f2124000000-7f2124021000 rw-p 00000000 00:00 0 
7f2124021000-7f2128000000 ---p 00000000 00:00 0 
7f2128000000-7f2128602000 rw-p 00000000 00:00 0 
7f2128602000-7f212c000000 ---p 00000000 00:00 0 
7f212c000000-7f212c5df000 rw-p 00000000 00:00 0 
7f212c5df000-7f2130000000 ---p 00000000 00:00 0 
7f2130000000-7f2130021000 rw-p 00000000 00:00 0 
7f2130021000-7f2134000000 ---p 00000000 00:00 0 
7f2134000000-7f2134021000 rw-p 00000000 00:00 0 
7f2134021000-7f2138000000 ---p 00000000 00:00 0 
7f2138000000-7f2138021000 rw-p 00000000 00:00 0 
7f2138021000-7f213c000000 ---p 00000000 00:00 0 
7f213c000000-7f213c021000 rw-p 00000000 00:00 0 
7f213c021000-7f2140000000 ---p 00000000 00:00 0 
7f2140000000-7f2140023000 rw-p 00000000 00:00 0 
7f2140023000-7f2144000000 ---p 00000000 00:00 0 
7f2144000000-7f2144001000 r--s 00000000 08:01 269728                     /var/cache/fontconfig/4794a0821666d79190d59a36cb4f44b5-le64.cache-4
7f2144001000-7f2144004000 r--s 00000000 08:01 267119                     /var/cache/fontconfig/e49e89034d371f0f9de17aab02136486-le64.cache-4
7f2144004000-7f2144006000 r--s 00000000 08:01 267118                     /var/cache/fontconfig/4b14b093aebc79c320de5e86ae1d3314-le64.cache-4
7f2144006000-7f2144011000 r--s 00000000 08:01 264512                     /var/cache/fontconfig/e13b20fdb08344e0e664864cc2ede53d-le64.cache-4
7f2144011000-7f2144013000 rw-s 00000000 08:01 552240                     /tmp/glnk2jpD (deleted)
7f2144013000-7f2144030000 rw-s 683ee000 00:05 10093                      /dev/nvidia0
7f2144030000-7f2144039000 r--s 000b9000 08:01 143538                     /usr/lib/jvm/java-7-openjdk-amd64/jre/lib/resources.jar
7f2144039000-7f21440e6000 r-xp 00000000 08:01 263638                     /usr/lib/x86_64-linux-gnu/libgdk-x11-2.0.so.0.2400.20
7f21440e6000-7f21442e5000 ---p 000ad000 08:01 263638                     /usr/lib/x86_64-linux-gnu/libgdk-x11-2.0.so.0.2400.20
7f21442e5000-7f21442e9000 r--p 000ac000 08:01 263638                     /usr/lib/x86_64-linux-gnu/libgdk-x11-2.0.so.0.2400.20
7f21442e9000-7f21442eb000 rw-p 000b0000 08:01 263638                     /usr/lib/x86_64-linux-gnu/libgdk-x11-2.0.so.0.2400.20
7f21442eb000-7f21442fa000 r-xp 00000000 08:01 272724                     /usr/lib/x86_64-linux-gnu/libXi.so.6.1.0
7f21442fa000-7f21444f9000 ---p 0000f000 08:01 272724                     /usr/lib/x86_64-linux-gnu/libXi.so.6.1.0
7f21444f9000-7f21444fa000 r--p 0000e000 08:01 272724                     /usr/lib/x86_64-linux-gnu/libXi.so.6.1.0
7f21444fa000-7f21444fb000 rw-p 0000f000 08:01 272724                     /usr/lib/x86_64-linux-gnu/libXi.so.6.1.0
7f21444fb000-7f2144500000 r-xp 00000000 08:01 274585                     /usr/lib/x86_64-linux-gnu/libXtst.so.6.1.0
7f2144500000-7f21446ff000 ---p 00005000 08:01 274585                     /usr/lib/x86_64-linux-gnu/libXtst.so.6.1.0
7f21446ff000-7f2144700000 r--p 00004000 08:01 274585                     /usr/lib/x86_64-linux-gnu/libXtst.so.6.1.0
7f2144700000-7f2144701000 rw-p 00005000 08:01 274585                     /usr/lib/x86_64-linux-gnu/libXtst.so.6.1.0
7f2144701000-7f214470a000 r-xp 00000000 08:01 273672                     /usr/lib/x86_64-linux-gnu/libXrender.so.1.3.0
7f214470a000-7f2144909000 ---p 00009000 08:01 273672                     /usr/lib/x86_64-linux-gnu/libXrender.so.1.3.0
7f2144909000-7f214490a000 r--p 00008000 08:01 273672                     /usr/lib/x86_64-linux-gnu/libXrender.so.1.3.0
7f214490a000-7f214490b000 rw-p 00009000 08:01 273672                     /usr/lib/x86_64-linux-gnu/libXrender.so.1.3.0
7f214490b000-7f2144a3b000 r-xp 00000000 08:01 271880                     /usr/lib/x86_64-linux-gnu/libX11.so.6.3.0
7f2144a3b000-7f2144c3b000 ---p 00130000 08:01 271880                     /usr/lib/x86_64-linux-gnu/libX11.so.6.3.0
7f2144c3b000-7f2144c3c000 r--p 00130000 08:01 271880                     /usr/lib/x86_64-linux-gnu/libX11.so.6.3.0
7f2144c3c000-7f2144c40000 rw-p 00131000 08:01 271880                     /usr/lib/x86_64-linux-gnu/libX11.so.6.3.0
7f2144c40000-7f2144c51000 r-xp 00000000 08:01 271987                     /usr/lib/x86_64-linux-gnu/libXext.so.6.4.0
7f2144c51000-7f2144e50000 ---p 00011000 08:01 271987                     /usr/lib/x86_64-linux-gnu/libXext.so.6.4.0
7f2144e50000-7f2144e51000 r--p 00010000 08:01 271987                     /usr/lib/x86_64-linux-gnu/libXext.so.6.4.0
7f2144e51000-7f2144e52000 rw-p 00011000 08:01 271987                     /usr/lib/x86_64-linux-gnu/libXext.so.6.4.0
7f2144e52000-7f2144ea3000 r-xp 00000000 08:01 136928                     /usr/lib/jvm/java-7-openjdk-amd64/jre/lib/amd64/xawt/libmawt.so
7f2144ea3000-7f21450a2000 ---p 00051000 08:01 136928                     /usr/lib/jvm/java-7-openjdk-amd64/jre/lib/amd64/xawt/libmawt.so
7f21450a2000-7f21450a3000 r--p 00050000 08:01 136928                     /usr/lib/jvm/java-7-openjdk-amd64/jre/lib/amd64/xawt/libmawt.so
7f21450a3000-7f21450a6000 rw-p 00051000 08:01 136928                     /usr/lib/jvm/java-7-openjdk-amd64/jre/lib/amd64/xawt/libmawt.so
7f21450a6000-7f21450a7000 rw-p 00000000 00:00 0 
7f21450a7000-7f2145147000 r-xp 00000000 08:01 143533                     /usr/lib/jvm/java-7-openjdk-amd64/jre/lib/amd64/libawt.so
7f2145147000-7f2145346000 ---p 000a0000 08:01 143533                     /usr/lib/jvm/java-7-openjdk-amd64/jre/lib/amd64/libawt.so
7f2145346000-7f2145347000 r--p 0009f000 08:01 143533                     /usr/lib/jvm/java-7-openjdk-amd64/jre/lib/amd64/libawt.so
7f2145347000-7f2145352000 rw-p 000a0000 08:01 143533                     /usr/lib/jvm/java-7-openjdk-amd64/jre/lib/amd64/libawt.so
7f2145352000-7f2145377000 rw-p 00000000 00:00 0 
7f2145377000-7f2145378000 ---p 00000000 00:00 0 
7f2145378000-7f2145478000 rw-p 00000000 00:00 0 
7f2145478000-7f214547b000 ---p 00000000 00:00 0 
7f214547b000-7f2145579000 rw-p 00000000 00:00 0                          [stack:3732]
7f2145579000-7f214557c000 ---p 00000000 00:00 0 
7f214557c000-7f214567a000 rw-p 00000000 00:00 0                          [stack:3731]
7f214567a000-7f214567d000 ---p 00000000 00:00 0 
7f214567d000-7f214577b000 rw-p 00000000 00:00 0                          [stack:3730]
7f214577b000-7f214577e000 ---p 00000000 00:00 0 
7f214577e000-7f214587c000 rw-p 00000000 00:00 0 
7f214587c000-7f2146600000 r--p 00000000 08:01 266039                     /usr/lib/locale/locale-archive
7f2146600000-7f2148000000 rw-p 00000000 00:00 0 
7f2148000000-7f2148021000 rw-p 00000000 00:00 0 
7f2148021000-7f214c000000 ---p 00000000 00:00 0 
7f214c000000-7f214c004000 rw-s 7629b000 00:05 10093                      /dev/nvidia0
7f214c004000-7f214c005000 rw-s e36b7000 00:05 10093                      /dev/nvidia0
7f214c005000-7f214c006000 rw-s 688a9000 00:05 10093                      /dev/nvidia0
7f214c006000-7f214c007000 rw-s 779cf000 00:05 10093                      /dev/nvidia0
7f214c007000-7f214c00b000 r--s 0002e000 08:03 5374505                    /home/lyr/.m2/repository/com/miglayout/miglayout/3.7.4/miglayout-3.7.4.jar
7f214c00b000-7f214c00e000 r--s 0001e000 08:03 5245560                    /home/lyr/.m2/repository/net/lingala/zip4j/zip4j/1.3.2/zip4j-1.3.2.jar
7f214c00e000-7f214c013000 r--s 00041000 08:03 5244972                    /home/lyr/.m2/repository/commons-lang/commons-lang/2.6/commons-lang-2.6.jar
7f214c013000-7f214c03e000 r--s 001f9000 08:03 5374263                    /home/lyr/.m2/repository/com/google/guava/guava/17.0/guava-17.0.jar
7f214c03e000-7f214c041000 r--s 00026000 08:03 5374520                    /home/lyr/.m2/repository/com/jme3/jME3-jbullet/3.0.0.20140325-SNAPSHOT/jME3-jbullet-3.0.0.20140325-SNAPSHOT.jar
7f214c041000-7f214c044000 r--s 0007f000 08:03 5245131                    /home/lyr/.m2/repository/com/jme3/jME3-effects/3.0.0.20140325-SNAPSHOT/jME3-effects-3.0.0.20140325-SNAPSHOT.jar
7f214c044000-7f214c047000 r--s 00036000 08:03 5245130                    /home/lyr/.m2/repository/com/jme3/jME3-desktop/3.0.0.20140325-SNAPSHOT/jME3-desktop-3.0.0.20140325-SNAPSHOT.jar
7f214c047000-7f214c054000 r--s 000e6000 08:03 5245129                    /home/lyr/.m2/repository/com/jme3/lwjgl/3.0.0.20140325-SNAPSHOT/lwjgl-3.0.0.20140325-SNAPSHOT.jar
7f214c054000-7f214c056000 r--s 00247000 08:03 5245128                    /home/lyr/.m2/repository/com/jme3/jME3-lwjgl-natives/3.0.0.20140325-SNAPSHOT/jME3-lwjgl-natives-3.0.0.20140325-SNAPSHOT.jar
7f214c056000-7f214c058000 r--s 00018000 08:03 5245127                    /home/lyr/.m2/repository/com/jme3/jME3-lwjgl/3.0.0.20140325-SNAPSHOT/jME3-lwjgl-3.0.0.20140325-SNAPSHOT.jar
7f214c058000-7f214c069000 r--s 0011f000 08:03 5245126                    /home/lyr/.m2/repository/com/jme3/jME3-core/3.0.0.20140325-SNAPSHOT/jME3-core-3.0.0.20140325-SNAPSHOT.jar
7f214c069000-7f214c06b000 r--s 00009000 08:03 5374463                    /home/lyr/.m2/repository/org/eclipse/jetty/websocket/websocket-api/9.2.0.v20140526/websocket-api-9.2.0.v20140526.jar
7f214c06b000-7f214c070000 r--s 00027000 08:03 5374461                    /home/lyr/.m2/repository/org/eclipse/jetty/websocket/websocket-common/9.2.0.v20140526/websocket-common-9.2.0.v20140526.jar
7f214c070000-7f214c073000 r--s 00017000 08:03 5374458                    /home/lyr/.m2/repository/org/eclipse/jetty/jetty-io/9.2.0.v20140526/jetty-io-9.2.0.v20140526.jar
7f214c073000-7f214c079000 r--s 0004e000 08:03 5374455                    /home/lyr/.m2/repository/org/eclipse/jetty/jetty-util/9.2.0.v20140526/jetty-util-9.2.0.v20140526.jar
7f214c079000-7f214c07b000 r--s 00007000 08:03 5374454                    /home/lyr/.m2/repository/org/eclipse/jetty/websocket/websocket-client/9.2.0.v20140526/websocket-client-9.2.0.v20140526.jar
7f214c07b000-7f214c0a1000 r--p 00000000 08:01 663766                     /usr/share/locale-langpack/fr/LC_MESSAGES/libc.mo
7f214c0a1000-7f214c0a4000 ---p 00000000 00:00 0 
7f214c0a4000-7f214c1a2000 rw-p 00000000 00:00 0                          [stack:3728]
7f214c1a2000-7f214c1a5000 ---p 00000000 00:00 0 
7f214c1a5000-7f214c2a3000 rw-p 00000000 00:00 0                          [stack:3727]
7f214c2a3000-7f214c2a4000 ---p 00000000 00:00 0 
7f214c2a4000-7f214cd59000 rw-p 00000000 00:00 0                          [stack:3726]
7f214cd59000-7f214cf07000 r--s 01cfc000 08:01 143564                     /usr/lib/jvm/java-7-openjdk-amd64/jre/lib/rt.jar
7f214cf07000-7f214d000000 rw-p 00000000 00:00 0 
7f214d000000-7f214d270000 rwxp 00000000 00:00 0 
7f214d270000-7f2150323000 rw-p 00000000 00:00 0 
7f2150323000-7f2154000000 ---p 00000000 00:00 0 
7f2154000000-7f2154005000 r--s 00022000 08:03 5374451                    /home/lyr/.m2/repository/org/eclipse/jetty/websocket/javax-websocket-client-impl/9.2.0.v20140526/javax-websocket-client-impl-9.2.0.v20140526.jar
7f2154005000-7f2154007000 r--s 00007000 08:03 5245056                    /home/lyr/.m2/repository/javax/websocket/javax.websocket-api/1.0/javax.websocket-api-1.0.jar
7f2154007000-7f215400a000 r--s 0002e000 08:03 5245014                    /home/lyr/.m2/repository/com/fasterxml/jackson/core/jackson-core/2.3.3/jackson-core-2.3.3.jar
7f215400a000-7f215400c000 r--s 00007000 08:03 5245013                    /home/lyr/.m2/repository/com/fasterxml/jackson/core/jackson-annotations/2.3.0/jackson-annotations-2.3.0.jar
7f215400c000-7f215401d000 r--s 000cf000 08:03 5245012                    /home/lyr/.m2/repository/com/fasterxml/jackson/core/jackson-databind/2.3.3/jackson-databind-2.3.3.jar
7f215401d000-7f21541bd000 rw-p 00000000 00:00 0 
7f21541bd000-7f21541be000 ---p 00000000 00:00 0 
7f21541be000-7f21542be000 rw-p 00000000 00:00 0                          [stack:3725]
7f21542be000-7f21542bf000 ---p 00000000 00:00 0 
7f21542bf000-7f21543cb000 rw-p 00000000 00:00 0                          [stack:3724]
7f21543cb000-7f2154412000 rw-p 00000000 00:00 0 
7f2154412000-7f215441c000 rw-p 00000000 00:00 0 
7f215441c000-7f21544f0000 rw-p 00000000 00:00 0 
7f21544f0000-7f21544fc000 rw-p 00000000 00:00 0 
7f21544fc000-7f2154543000 rw-p 00000000 00:00 0 
7f2154543000-7f215454d000 rw-p 00000000 00:00 0 
7f215454d000-7f2154621000 rw-p 00000000 00:00 0 
7f2154621000-7f2154633000 rw-p 00000000 00:00 0 
7f2154633000-7f2154690000 rw-p 00000000 00:00 0 
7f2154690000-7f2154691000 rw-p 00000000 00:00 0 
7f2154691000-7f2154699000 r-xp 00000000 08:01 143498                     /usr/lib/jvm/java-7-openjdk-amd64/jre/lib/amd64/libzip.so
7f2154699000-7f2154898000 ---p 00008000 08:01 143498                     /usr/lib/jvm/java-7-openjdk-amd64/jre/lib/amd64/libzip.so
7f2154898000-7f2154899000 r--p 00007000 08:01 143498                     /usr/lib/jvm/java-7-openjdk-amd64/jre/lib/amd64/libzip.so
7f2154899000-7f215489a000 rw-p 00008000 08:01 143498                     /usr/lib/jvm/java-7-openjdk-amd64/jre/lib/amd64/libzip.so
7f215489a000-7f21548a6000 r-xp 00000000 08:01 151337                     /lib/x86_64-linux-gnu/libnss_files-2.17.so
7f21548a6000-7f2154aa5000 ---p 0000c000 08:01 151337                     /lib/x86_64-linux-gnu/libnss_files-2.17.so
7f2154aa5000-7f2154aa6000 r--p 0000b000 08:01 151337                     /lib/x86_64-linux-gnu/libnss_files-2.17.so
7f2154aa6000-7f2154aa7000 rw-p 0000c000 08:01 151337                     /lib/x86_64-linux-gnu/libnss_files-2.17.so
7f2154aa7000-7f2154ab2000 r-xp 00000000 08:01 151333                     /lib/x86_64-linux-gnu/libnss_nis-2.17.so
7f2154ab2000-7f2154cb1000 ---p 0000b000 08:01 151333                     /lib/x86_64-linux-gnu/libnss_nis-2.17.so
7f2154cb1000-7f2154cb2000 r--p 0000a000 08:01 151333                     /lib/x86_64-linux-gnu/libnss_nis-2.17.so
7f2154cb2000-7f2154cb3000 rw-p 0000b000 08:01 151333                     /lib/x86_64-linux-gnu/libnss_nis-2.17.so
7f2154cb3000-7f2154cca000 r-xp 00000000 08:01 151045                     /lib/x86_64-linux-gnu/libnsl-2.17.so
7f2154cca000-7f2154ec9000 ---p 00017000 08:01 151045                     /lib/x86_64-linux-gnu/libnsl-2.17.so
7f2154ec9000-7f2154eca000 r--p 00016000 08:01 151045                     /lib/x86_64-linux-gnu/libnsl-2.17.so
7f2154eca000-7f2154ecb000 rw-p 00017000 08:01 151045                     /lib/x86_64-linux-gnu/libnsl-2.17.so
7f2154ecb000-7f2154ecd000 rw-p 00000000 00:00 0 
7f2154ecd000-7f2154ed5000 r-xp 00000000 08:01 151048                     /lib/x86_64-linux-gnu/libnss_compat-2.17.so
7f2154ed5000-7f21550d4000 ---p 00008000 08:01 151048                     /lib/x86_64-linux-gnu/libnss_compat-2.17.so
7f21550d4000-7f21550d5000 r--p 00007000 08:01 151048                     /lib/x86_64-linux-gnu/libnss_compat-2.17.so
7f21550d5000-7f21550d6000 rw-p 00008000 08:01 151048                     /lib/x86_64-linux-gnu/libnss_compat-2.17.so
7f21550d6000-7f2155101000 r-xp 00000000 08:01 136872                     /usr/lib/jvm/java-7-openjdk-amd64/jre/lib/amd64/libjava.so
7f2155101000-7f2155300000 ---p 0002b000 08:01 136872                     /usr/lib/jvm/java-7-openjdk-amd64/jre/lib/amd64/libjava.so
7f2155300000-7f2155301000 r--p 0002a000 08:01 136872                     /usr/lib/jvm/java-7-openjdk-amd64/jre/lib/amd64/libjava.so
7f2155301000-7f2155303000 rw-p 0002b000 08:01 136872                     /usr/lib/jvm/java-7-openjdk-amd64/jre/lib/amd64/libjava.so
7f2155303000-7f2155313000 r-xp 00000000 08:01 143513                     /usr/lib/jvm/java-7-openjdk-amd64/jre/lib/amd64/libverify.so
7f2155313000-7f2155512000 ---p 00010000 08:01 143513                     /usr/lib/jvm/java-7-openjdk-amd64/jre/lib/amd64/libverify.so
7f2155512000-7f2155514000 r--p 0000f000 08:01 143513                     /usr/lib/jvm/java-7-openjdk-amd64/jre/lib/amd64/libverify.so
7f2155514000-7f2155515000 rw-p 00011000 08:01 143513                     /usr/lib/jvm/java-7-openjdk-amd64/jre/lib/amd64/libverify.so
7f2155515000-7f215551c000 r-xp 00000000 08:01 151344                     /lib/x86_64-linux-gnu/librt-2.17.so
7f215551c000-7f215571b000 ---p 00007000 08:01 151344                     /lib/x86_64-linux-gnu/librt-2.17.so
7f215571b000-7f215571c000 r--p 00006000 08:01 151344                     /lib/x86_64-linux-gnu/librt-2.17.so
7f215571c000-7f215571d000 rw-p 00007000 08:01 151344                     /lib/x86_64-linux-gnu/librt-2.17.so
7f215571d000-7f2155732000 r-xp 00000000 08:01 132161                     /lib/x86_64-linux-gnu/libgcc_s.so.1
7f2155732000-7f2155931000 ---p 00015000 08:01 132161                     /lib/x86_64-linux-gnu/libgcc_s.so.1
7f2155931000-7f2155932000 r--p 00014000 08:01 132161                     /lib/x86_64-linux-gnu/libgcc_s.so.1
7f2155932000-7f2155933000 rw-p 00015000 08:01 132161                     /lib/x86_64-linux-gnu/libgcc_s.so.1
7f2155933000-7f2155a36000 r-xp 00000000 08:01 151051                     /lib/x86_64-linux-gnu/libm-2.17.so
7f2155a36000-7f2155c35000 ---p 00103000 08:01 151051                     /lib/x86_64-linux-gnu/libm-2.17.so
7f2155c35000-7f2155c36000 r--p 00102000 08:01 151051                     /lib/x86_64-linux-gnu/libm-2.17.so
7f2155c36000-7f2155c37000 rw-p 00103000 08:01 151051                     /lib/x86_64-linux-gnu/libm-2.17.so
7f2155c37000-7f2155d1d000 r-xp 00000000 08:01 268347                     /usr/lib/x86_64-linux-gnu/libstdc++.so.6.0.18
7f2155d1d000-7f2155f1c000 ---p 000e6000 08:01 268347                     /usr/lib/x86_64-linux-gnu/libstdc++.so.6.0.18
7f2155f1c000-7f2155f24000 r--p 000e5000 08:01 268347                     /usr/lib/x86_64-linux-gnu/libstdc++.so.6.0.18
7f2155f24000-7f2155f26000 rw-p 000ed000 08:01 268347                     /usr/lib/x86_64-linux-gnu/libstdc++.so.6.0.18
7f2155f26000-7f2155f3b000 rw-p 00000000 00:00 0 
7f2155f3b000-7f2156a1a000 r-xp 00000000 08:01 143525                     /usr/lib/jvm/java-7-openjdk-amd64/jre/lib/amd64/server/libjvm.so
7f2156a1a000-7f2156c1a000 ---p 00adf000 08:01 143525                     /usr/lib/jvm/java-7-openjdk-amd64/jre/lib/amd64/server/libjvm.so
7f2156c1a000-7f2156cac000 r--p 00adf000 08:01 143525                     /usr/lib/jvm/java-7-openjdk-amd64/jre/lib/amd64/server/libjvm.so
7f2156cac000-7f2156ccf000 rw-p 00b71000 08:01 143525                     /usr/lib/jvm/java-7-openjdk-amd64/jre/lib/amd64/server/libjvm.so
7f2156ccf000-7f2156cfc000 rw-p 00000000 00:00 0 
7f2156cfc000-7f2156d14000 r-xp 00000000 08:01 135995                     /lib/x86_64-linux-gnu/libz.so.1.2.8
7f2156d14000-7f2156f13000 ---p 00018000 08:01 135995                     /lib/x86_64-linux-gnu/libz.so.1.2.8
7f2156f13000-7f2156f14000 r--p 00017000 08:01 135995                     /lib/x86_64-linux-gnu/libz.so.1.2.8
7f2156f14000-7f2156f15000 rw-p 00018000 08:01 135995                     /lib/x86_64-linux-gnu/libz.so.1.2.8
7f2156f15000-7f2156f2c000 r-xp 00000000 08:01 152533                     /lib/x86_64-linux-gnu/libpthread-2.17.so
7f2156f2c000-7f215712c000 ---p 00017000 08:01 152533                     /lib/x86_64-linux-gnu/libpthread-2.17.so
7f215712c000-7f215712d000 r--p 00017000 08:01 152533                     /lib/x86_64-linux-gnu/libpthread-2.17.so
7f215712d000-7f215712e000 rw-p 00018000 08:01 152533                     /lib/x86_64-linux-gnu/libpthread-2.17.so
7f215712e000-7f2157132000 rw-p 00000000 00:00 0 
7f2157132000-7f2157135000 r-xp 00000000 08:01 152532                     /lib/x86_64-linux-gnu/libdl-2.17.so
7f2157135000-7f2157334000 ---p 00003000 08:01 152532                     /lib/x86_64-linux-gnu/libdl-2.17.so
7f2157334000-7f2157335000 r--p 00002000 08:01 152532                     /lib/x86_64-linux-gnu/libdl-2.17.so
7f2157335000-7f2157336000 rw-p 00003000 08:01 152532                     /lib/x86_64-linux-gnu/libdl-2.17.so
7f2157336000-7f21574f3000 r-xp 00000000 08:01 152531                     /lib/x86_64-linux-gnu/libc-2.17.so
7f21574f3000-7f21576f3000 ---p 001bd000 08:01 152531                     /lib/x86_64-linux-gnu/libc-2.17.so
7f21576f3000-7f21576f7000 r--p 001bd000 08:01 152531                     /lib/x86_64-linux-gnu/libc-2.17.so
7f21576f7000-7f21576f9000 rw-p 001c1000 08:01 152531                     /lib/x86_64-linux-gnu/libc-2.17.so
7f21576f9000-7f21576fe000 rw-p 00000000 00:00 0 
7f21576fe000-7f215770b000 r-xp 00000000 08:01 143530                     /usr/lib/jvm/java-7-openjdk-amd64/jre/lib/amd64/jli/libjli.so
7f215770b000-7f215790a000 ---p 0000d000 08:01 143530                     /usr/lib/jvm/java-7-openjdk-amd64/jre/lib/amd64/jli/libjli.so
7f215790a000-7f215790b000 r--p 0000c000 08:01 143530                     /usr/lib/jvm/java-7-openjdk-amd64/jre/lib/amd64/jli/libjli.so
7f215790b000-7f215790c000 rw-p 0000d000 08:01 143530                     /usr/lib/jvm/java-7-openjdk-amd64/jre/lib/amd64/jli/libjli.so
7f215790c000-7f215792f000 r-xp 00000000 08:01 151054                     /lib/x86_64-linux-gnu/ld-2.17.so
7f215792f000-7f2157930000 rw-s fcc02000 00:05 10093                      /dev/nvidia0
7f2157930000-7f2157937000 r--s 00000000 08:01 413761                     /usr/lib/x86_64-linux-gnu/gconv/gconv-modules.cache
7f2157937000-7f2157939000 r--s 00006000 08:01 411857                     /usr/share/java/java-atk-wrapper.jar
7f2157939000-7f215793c000 r--s 00032000 08:01 143543                     /usr/lib/jvm/java-7-openjdk-amd64/jre/lib/ext/sunjce_provider.jar
7f215793c000-7f215793e000 r--s 00012000 08:01 143542                     /usr/lib/jvm/java-7-openjdk-amd64/jre/lib/ext/zipfs.jar
7f215793e000-7f2157942000 r--s 0003b000 08:01 143545                     /usr/lib/jvm/java-7-openjdk-amd64/jre/lib/ext/sunpkcs11.jar
7f2157942000-7f2157945000 r--s 0000f000 08:01 143541                     /usr/lib/jvm/java-7-openjdk-amd64/jre/lib/ext/pulse-java.jar
7f2157945000-7f215794f000 rw-p 00000000 00:00 0 
7f215794f000-7f2157a05000 rw-p 00000000 00:00 0 
7f2157a05000-7f2157a08000 ---p 00000000 00:00 0 
7f2157a08000-7f2157b0b000 rw-p 00000000 00:00 0                          [stack:3723]
7f2157b0b000-7f2157b0c000 rw-s 779ce000 00:05 10093                      /dev/nvidia0
7f2157b0c000-7f2157b0d000 r--s 00002000 08:01 143544                     /usr/lib/jvm/java-7-openjdk-amd64/jre/lib/ext/dnsns.jar
7f2157b0d000-7f2157b11000 r--s 00085000 08:01 143540                     /usr/lib/jvm/java-7-openjdk-amd64/jre/lib/ext/localedata.jar
7f2157b11000-7f2157b22000 rw-p 00000000 00:00 0 
7f2157b22000-7f2157b2a000 rw-s 00000000 08:01 827070                     /tmp/hsperfdata_lyr/3705 (deleted)
7f2157b2a000-7f2157b2b000 rw-p 00000000 00:00 0 
7f2157b2b000-7f2157b2c000 ---p 00000000 00:00 0 
7f2157b2c000-7f2157b2e000 rw-p 00000000 00:00 0 
7f2157b2e000-7f2157b2f000 r--p 00022000 08:01 151054                     /lib/x86_64-linux-gnu/ld-2.17.so
7f2157b2f000-7f2157b31000 rw-p 00023000 08:01 151054                     /lib/x86_64-linux-gnu/ld-2.17.so
7fff47917000-7fff47938000 rw-p 00000000 00:00 0                          [stack]
7fff479fe000-7fff47a00000 r-xp 00000000 00:00 0                          [vdso]
ffffffffff600000-ffffffffff601000 r-xp 00000000 00:00 0                  [vsyscall]

VM Arguments:
jvm_args: -Dfile.encoding=UTF-8 
java_command: fr.lyrgard.hexScape.gui.desktop.HexScapeDesktopGui
Launcher Type: SUN_STANDARD

Environment Variables:
PATH=/usr/games:/usr/lib/lightdm/lightdm:/usr/local/sbin:/usr/local/bin:/usr/sbin:/usr/bin:/sbin:/bin:/usr/games:/usr/local/games
SHELL=/bin/bash
DISPLAY=:0

Signal Handlers:
SIGSEGV: [libjvm.so+0x916eb0], sa_mask[0]=0x7ffbfeff, sa_flags=0x10000004
SIGBUS: [libjvm.so+0x916eb0], sa_mask[0]=0x7ffbfeff, sa_flags=0x10000004
SIGFPE: [libjvm.so+0x7947e0], sa_mask[0]=0x7ffbfeff, sa_flags=0x10000004
SIGPIPE: [libjvm.so+0x7947e0], sa_mask[0]=0x7ffbfeff, sa_flags=0x10000004
SIGXFSZ: [libjvm.so+0x7947e0], sa_mask[0]=0x7ffbfeff, sa_flags=0x10000004
SIGILL: [libjvm.so+0x7947e0], sa_mask[0]=0x7ffbfeff, sa_flags=0x10000004
SIGUSR1: SIG_DFL, sa_mask[0]=0x00000000, sa_flags=0x00000000
SIGUSR2: [libjvm.so+0x794680], sa_mask[0]=0x00000004, sa_flags=0x10000004
SIGHUP: [libjvm.so+0x794860], sa_mask[0]=0x7ffbfeff, sa_flags=0x10000004
SIGINT: [libjvm.so+0x794860], sa_mask[0]=0x7ffbfeff, sa_flags=0x10000004
SIGTERM: [libjvm.so+0x794860], sa_mask[0]=0x7ffbfeff, sa_flags=0x10000004
SIGQUIT: [libjvm.so+0x794860], sa_mask[0]=0x7ffbfeff, sa_flags=0x10000004


---------------  S Y S T E M  ---------------

OS:Ubuntu 13.10 (saucy)
uname:Linux 3.11.0-26-generic #45-Ubuntu SMP Tue Jul 15 04:02:06 UTC 2014 x86_64
libc:glibc 2.17 NPTL 2.17 
rlimit: STACK 8192k, CORE 0k, NPROC 15281, NOFILE 4096, AS infinity
load average:4,90 4,22 2,63

/proc/meminfo:
MemTotal:        1983628 kB
MemFree:           76712 kB
Buffers:           29532 kB
Cached:           458032 kB
SwapCached:         4496 kB
Active:           958624 kB
Inactive:         752032 kB
Active(anon):     728808 kB
Inactive(anon):   521120 kB
Active(file):     229816 kB
Inactive(file):   230912 kB
Unevictable:          32 kB
Mlocked:              32 kB
SwapTotal:       3020348 kB
SwapFree:        3000148 kB
Dirty:             67088 kB
Writeback:             0 kB
AnonPages:       1219604 kB
Mapped:           114976 kB
Shmem:             26700 kB
Slab:              81060 kB
SReclaimable:      59836 kB
SUnreclaim:        21224 kB
KernelStack:        2736 kB
PageTables:        18932 kB
NFS_Unstable:          0 kB
Bounce:                0 kB
WritebackTmp:          0 kB
CommitLimit:     4012160 kB
Committed_AS:    2741616 kB
VmallocTotal:   34359738367 kB
VmallocUsed:      137096 kB
VmallocChunk:   34359590244 kB
HardwareCorrupted:     0 kB
AnonHugePages:         0 kB
HugePages_Total:       0
HugePages_Free:        0
HugePages_Rsvd:        0
HugePages_Surp:        0
Hugepagesize:       2048 kB
DirectMap4k:      377664 kB
DirectMap2M:     1652736 kB


CPU:total 2 (2 cores per cpu, 1 threads per core) family 15 model 67 stepping 2, cmov, cx8, fxsr, mmx, sse, sse2, sse3, mmxext, 3dnowpref, tsc

/proc/cpuinfo:
processor	: 0
vendor_id	: AuthenticAMD
cpu family	: 15
model		: 67
model name	: AMD Athlon(tm) 64 X2 Dual Core Processor 3800+
stepping	: 2
microcode	: 0x62
cpu MHz		: 1000.000
cache size	: 512 KB
physical id	: 0
siblings	: 2
core id		: 0
cpu cores	: 2
apicid		: 0
initial apicid	: 0
fpu		: yes
fpu_exception	: yes
cpuid level	: 1
wp		: yes
flags		: fpu vme de pse tsc msr pae mce cx8 apic sep mtrr pge mca cmov pat pse36 clflush mmx fxsr sse sse2 ht syscall nx mmxext fxsr_opt rdtscp lm 3dnowext 3dnow rep_good nopl extd_apicid pni cx16 lahf_lm cmp_legacy svm extapic cr8_legacy
bogomips	: 2004.30
TLB size	: 1024 4K pages
clflush size	: 64
cache_alignment	: 64
address sizes	: 40 bits physical, 48 bits virtual
power management: ts fid vid ttp tm stc

processor	: 1
vendor_id	: AuthenticAMD
cpu family	: 15
model		: 67
model name	: AMD Athlon(tm) 64 X2 Dual Core Processor 3800+
stepping	: 2
microcode	: 0x62
cpu MHz		: 1000.000
cache size	: 512 KB
physical id	: 0
siblings	: 2
core id		: 1
cpu cores	: 2
apicid		: 1
initial apicid	: 1
fpu		: yes
fpu_exception	: yes
cpuid level	: 1
wp		: yes
flags		: fpu vme de pse tsc msr pae mce cx8 apic sep mtrr pge mca cmov pat pse36 clflush mmx fxsr sse sse2 ht syscall nx mmxext fxsr_opt rdtscp lm 3dnowext 3dnow rep_good nopl extd_apicid pni cx16 lahf_lm cmp_legacy svm extapic cr8_legacy
bogomips	: 2004.30
TLB size	: 1024 4K pages
clflush size	: 64
cache_alignment	: 64
address sizes	: 40 bits physical, 48 bits virtual
power management: ts fid vid ttp tm stc



Memory: 4k page, physical 1983628k(76712k free), swap 3020348k(3000148k free)

vm_info: OpenJDK 64-Bit Server VM (24.51-b03) for linux-amd64 JRE (1.7.0_55-b14), built on Apr 17 2014 21:13:26 by "buildd" with gcc 4.8.1

time: Tue Aug 19 19:13:06 2014
elapsed time: 59 seconds

